0.101932
0.234436
0.288149
0.981741
0.200634
0.0418303
0.182327
0.178615
0.188474
0.804374
0.0644369
0.84197
0.431801
0.347003
0.130344
0.0484106
0.464673
0.261804
0.0896042
0.995043
0.489333
0.0622188
0.747979
1.2726
0.478043
0.430769
0.0860047
0.520245
0.122757
0.400186
0.469045
0.257185
1.29601
0.0238867
0.151739
0.147629
0.0678565
0.418876
0.406021
0.290763
0.228784
0.564997
0.147396
1.45513
0.0976389
0.331593
0.0192771
0.762967
1.11473
0.112754
0.519086
0.363457
0.19202
0.273974
0.288255
1.36286
3.67119
0.453384
0.435204
0.122343
0.0795044
0.105265
0.482704
0.0374382
0.134918
1.06401
0.198602
0.225809
0.297325
1.07645
0.815733
0.844845
0.41142
0.0307628
0.715567
0.670108
0.393141
0.801685
0.367811
0.287129
0.000335883
0.0911756
1.53393
0.192513
0.444041
0.248481
0.146561
0.443255
2.20302
0.901778
0.81727
0.0724017
0.0127272
0.275937
0.115934
0.151654
0.181962
0.382593
0.490456
0.699792
0.271162
0.280523
0.420504
1.94176
0.335751
0.200005
0.632273
0.0170494
0.0687519
0.136184
0.317819
0.0691373
0.259695
0.275721
0.297745
2.53147
0.845067
0.606634
0.435637
0.813042
0.386164
0.24432
1.39119
0.414136
0.832131
0.0783611
0.870987
0.0614944
0.569421
0.298788
1.01638
0.0518006
1.057
0.287905
0.0405166
0.229674
0.729298
0.793519
0.256939
1.13123
0.0172415
1.02877
0.0126829
0.289028
0.175568
0.320994
0.283421
0.0591765
0.0971141
0.00718484
1.23208
0.626921
0.256085
0.958757
0.16272
0.118796
3.12944
0.0541358
0.198155
0.566442
0.402009
0.109221
0.748753
0.282569
0.502535
0.962586
0.804777
0.256596
0.524367
0.112731
0.17643
0.575238
0.0384856
0.194578
0.0653542
0.231173
0.795125
0.405079
0.32871
1.79962
0.421379
0.252697
0.581174
1.75805
0.143681
1.67677
0.100301
0.142408
0.0350266
0.355619
1.30012
0.483961
0.610718
0.605427
0.0266197
0.207132
0.406198
0.954833
0.674677
0.115226
0.0276098
0.0193271
1.10064
0.0683717
0.223368
0.00596851
0.34458
0.0850462
0.418599
1.95142
0.0690961
0.0734134
0.236242
0.847274
0.0564957
0.492162
0.760159
0.170262
1.03635
0.945282
0.798673
0.80447
0.31663
0.349341
0.348535
0.368016
0.922372
0.0299619
0.233292
0.436767
0.153255
0.27807
0.484375
0.0832215
0.404153
1.97463
0.0902785
0.0269061
0.0737538
0.658893
0.0163677
0.154768
1.01563
0.262761
0.0430681
1.85804
0.0178457
0.997139
0.153449
1.19965
0.623965
0.0319178
0.617419
0.100473
0.415746
0.118542
0.607066
0.260889
0.156834
0.039463
2.25774
0.380957
0.349053
0.47017
0.580069
0.029271
0.446087
0.954434
0.0578464
0.649838
0.438565
0.0762591
2.52515
0.30152
0.399487
0.0395883
0.279767
0.440066
1.4068
0.590127
0.341093
0.52909
0.702514
0.113832
0.900773
0.192273
0.2678
0.386083
0.646905
0.575882
0.475804
0.627348
0.122407
0.0618493
0.196034
1.17018
0.0951054
1.23007
0.704185
0.165968
0.513552
0.207366
0.275757
0.504683
0.785921
1.8274
0.621831
0.124784
0.409815
0.527324
1.22474
0.0277007
0.181632
0.551764
0.148868
0.0751523
2.1927
0.557652
0.565893
0.624691
0.220111
0.172249
0.279444
0.425785
0.261936
0.698167
0.324051
0.434933
0.549919
0.132257
0.995565
0.184831
0.424204
0.169405
1.44643
0.226468
0.151577
0.533929
0.439864
0.859962
0.184042
0.345341
1.03898
0.47407
0.0914013
0.0709645
0.69735
0.0839784
0.816102
0.28074
1.0122
0.0875387
0.638378
0.175547
0.661873
0.0689627
0.0249
0.118384
0.618642
0.628784
0.292817
0.425823
0.0124991
0.00763345
0.985454
1.74128
0.238528
0.0651597
0.491118
1.66907
1.43328
1.35504
0.311123
0.851655
0.394837
0.497573
1.50025
0.176982
0.768419
0.702717
0.65049
0.529025
1.2346
0.297824
1.48748
0.523785
0.430938
3.00194
0.983188
0.169459
0.624461
0.180688
0.985732
0.669466
0.191681
0.63902
0.61404
0.598378
0.927676
0.202238
0.542834
0.772545
0.15472
0.0671012
0.463964
0.836052
0.705124
0.404689
0.0584063
0.389197
0.185245
0.910028
0.107665
0.127415
0.168981
0.0769696
1.03638
0.999053
0.0755316
0.662504
0.0823594
0.96
0.0191016
0.00634765
0.447348
0.219964
0.66219
0.177206
0.0276211
0.430942
0.498597
0.62951
0.226547
1.13762
0.921489
1.73639
0.617864
0.45512
0.370995
0.856359
0.0744994
0.896196
0.5359
0.20185
0.0300823
1.44466
0.322018
1.34821
0.827203
0.477305
0.549434
1.61778
0.315961
0.609094
1.81112
0.0307773
0.0310183
0.614319
0.221671
0.0604603
0.167697
2.26406
0.885872
0.523891
1.08766
0.55679
0.4815
0.452928
0.156802
0.0766274
0.268439
0.261804
1.85511
0.0379213
0.673106
0.0172533
0.00878875
0.120786
1.69767
0.874977
0.884934
0.501501
0.77295
0.176965
0.205835
0.713886
0.221407
0.253424
0.315055
0.629189
0.358213
0.697991
0.610533
0.208871
0.256827
0.447647
0.0065867
0.0100756
0.103707
0.165837
0.0883915
0.46159
0.585429
0.0739984
0.563173
0.280774
0.0940597
0.590793
0.516809
0.074224
0.366387
0.321157
0.737406
0.182863
0.739209
0.057501
0.0343878
0.069502
0.352858
0.38171
0.934302
0.00895449
0.168675
0.400083
0.222533
0.582433
0.076726
0.23285
0.615475
0.199922
0.531501
1.0202
1.34649
0.211165
0.00380933
0.468381
0.743958
0.0986611
0.179277
0.27102
0.190652
0.85946
1.11451
0.0461713
0.0679367
0.545869
0.109603
0.107532
0.790287
0.607159
0.64995
0.510554
0.63798
0.00693871
0.1057
0.0417209
0.605024
0.202339
0.301069
0.263649
0.542921
0.0565526
0.164131
0.451569
0.300216
0.169428
0.113331
0.127822
0.314138
0.350714
0.516442
0.765125
0.19642
0.384353
1.02679
0.300658
0.112044
0.0355166
0.518412
2.63904
0.738453
0.233294
0.503521
0.339124
0.244405
0.872205
0.424958
0.0463103
0.0860231
0.0126127
0.34484
0.85863
0.0706973
0.752739
0.268197
0.437669
0.0338742
0.481109
0.827377
0.379637
0.0650993
0.301546
0.189542
0.296147
2.26733
0.103659
1.14559
0.105375
0.147728
0.392931
0.102236
0.0139243
1.24527
0.856356
0.366941
0.181044
0.517644
0.0485354
0.248988
0.812112
0.0624518
1.10593
0.488257
0.143355
0.552202
0.0196431
0.893535
0.662311
0.534255
0.512789
0.154685
0.7538
0.0495197
0.435662
0.12777
0.0436307
0.732326
0.0663969
0.159818
0.0124789
0.552257
0.306714
0.0267601
0.440659
0.162957
0.4244
1.10156
1.28203
0.546186
0.165492
0.647212
0.761626
0.0945437
0.21487
0.0158844
0.919042
0.245386
0.996887
0.427803
0.0226697
0.351831
0.919629
0.865482
0.45755
0.274668
0.024799
0.574562
0.106293
0.0948196
1.56948
0.121774
0.920591
0.268227
0.156172
0.278552
0.590965
0.917363
0.190393
0.478976
0.351521
0.456223
0.209478
0.169082
0.736461
0.58816
0.191502
0.47289
0.041384
0.100453
0.103265
0.0660589
0.58116
0.0140259
1.46543
0.168971
0.299218
2.65284
1.75077
0.513385
0.0918287
1.30538
0.975949
0.00459575
0.209049
0.06749
0.286602
0.017822
1.69974
0.699102
0.526827
0.318887
0.216484
2.5261
0.710346
0.065148
0.577898
0.0398701
0.661731
0.723295
0.149644
1.26528
1.09638
1.4584
1.47871
0.901024
0.132411
0.254062
0.886202
0.11314
0.0205227
3.07233
0.0690723
1.14242
0.00351457
0.318128
0.0123907
0.292853
0.352353
2.36008
0.109232
0.0854442
0.310523
0.396668
0.0816649
0.124918
0.554076
0.903586
0.176708
0.258438
0.458784
0.406381
0.195784
0.335596
0.348841
0.158762
0.195737
0.663861
0.55498
0.0836279
1.3857
0.620045
0.0823618
0.0343818
0.469335
0.0865083
0.385211
0.501645
0.460858
0.0219384
0.489636
0.800764
0.11158
0.0455281
0.212384
0.215931
0.184161
0.00801862
0.103256
0.465475
0.271957
0.773453
0.0884819
0.680376
0.161479
0.545996
0.00785294
0.458066
0.25489
0.579198
0.701118
0.205338
0.252631
1.1813
0.258129
0.00276016
0.033445
1.41032
0.509209
0.549605
2.048
0.152753
0.313004
0.101287
0.215609
0.833946
0.381865
0.537041
0.877999
0.63766
0.153405
0.141708
0.354387
0.277911
2.31913
0.765658
0.0476235
0.00296306
0.241999
0.336892
0.588697
0.074041
0.877294
0.0463714
0.022219
0.130859
0.0494006
0.0572383
0.0935893
0.660088
0.745901
0.0836565
2.78126
0.137423
0.205821
0.212664
0.0265246
1.02596
0.00242209
1.0557
0.448455
0.156699
0.0671802
0.0526385
0.594445
0.0616777
1.07568
0.771573
0.065031
0.15555
0.161839
0.840678
0.259596
0.0546495
1.1637
0.297524
0.20309
2.8315
0.406677
0.351108
0.65363
0.201483
0.537319
0.646585
0.424287
2.76289
0.0373856
0.488607
1.0107
0.0399962
0.349154
0.307817
0.212262
0.494833
0.410066
0.0211194
0.681972
0.292865
0.879119
1.00611
0.620077
0.0550011
0.570009
0.0614567
0.116411
0.4369
0.415199
0.389914
0.432758
0.0643462
0.0235607
0.184522
0.301124
0.609725
0.0174019
0.0123492
0.603028
0.0561642
0.522116
0.419844
0.101135
0.0816195
0.0141262
0.376496
0.754594
0.44274
0.422455
0.370392
0.0156343
0.253795
0.246795
0.676324
0.348802
0.0361539
0.972822
0.618814
0.528341
0.273424
0.144804
0.131695
0.390426
0.176535
0.388442
2.59295
0.00104052
0.42709
0.00948995
0.606512
0.570683
0.549564
0.157944
0.996608
0.850367
0.177421
0.249439
0.453618
1.08665
1.65101
0.0637017
1.24436
0.224119
0.355849
0.5371
0.995605
0.432497
0.362354
0.425952
0.131552
1.38043
0.871032
0.310783
0.325761
0.0652326
0.00153256
0.320423
0.0664183
0.430699
0.338592
0.877507
0.149234
0.0864586
0.0515447
0.0649346
1.86995
0.252645
0.361368
0.425023
0.166248
0.324823
0.589195
0.11148
0.913225
0.112458
0.976957
0.606147
0.757887
0.234055
0.161402
0.00588489
0.185952
0.0530834
0.321796
0.778724
0.126182
0.324717
0.152231
0.213419
0.0283313
0.702095
0.0958984
0.187808
1.22223
0.159056
0.285397
1.10124
0.553042
1.4929
0.310018
1.51845
0.27867
0.0837961
0.0823601
0.154818
0.219809
0.0051013
1.73322
0.0731375
0.242227
0.140291
0.0799556
0.592978
0.211851
0.486932
0.330701
0.42015
0.0527008
0.685906
1.23757
0.0842827
0.347362
0.0473614
0.315798
0.26723
0.225378
1.16745
0.180833
0.0162627
0.957578
0.725277
2.06816
0.164218
1.262
0.0730261
0.39509
0.161191
0.0789344
0.361812
0.265224
0.377516
0.71286
0.409853
0.127156
0.0554912
0.100335
0.616227
0.559609
0.165542
0.30328
0.444963
0.287219
1.55686
0.569232
1.17818
0.230683
0.0217373
0.826216
0.558994
0.0387349
0.541022
0.288681
0.0301742
1.41552
0.22196
0.108116
0.334018
0.502646
0.208128
0.00114866
0.0233993
1.02201
0.717657
0.464637
0.0499349
1.00872
0.773178
0.813467
0.388775
0.0356577
0.149369
0.0695065
0.352418
0.120279
0.828979
0.264704
0.437801
0.955324
0.123887
0.148161
1.30565
1.06247
0.593844
2.10401
0.861889
0.0275228
0.0989665
0.184732
0.581768
0.367052
0.186395
0.660892
0.247606
0.0379812
0.206623
0.33238
1.40799
0.0670386
0.170592
0.327562
0.108028
0.396282
0.471325
0.602186
0.715913
0.272259
0.0589225
0.211191
0.158654
0.200709
0.459357
0.110607
0.118615
0.175519
0.101412
0.0166744
0.215085
0.225614
0.209043
0.0189657
1.07372
0.529048
0.736061
0.159949
0.647373
0.0577401
0.712268
0.548586
0.133639
0.0248323
0.0793859
0.28005
0.452884
0.70779
0.0690384
0.220725
0.0974564
0.137307
0.604348
0.297999
0.422874
0.180042
0.52127
0.761523
0.45618
0.88899
0.843031
1.47851
0.107944
0.0850658
2.10816
0.040276
0.828606
0.704902
0.216292
0.383249
1.00076
0.0585756
0.112541
0.0523525
0.0865823
0.21413
0.375662
0.702779
0.055786
0.535343
0.059204
0.166107
1.13827
0.838537
0.65774
0.315673
0.0613447
0.23829
0.143893
0.625684
0.117935
0.0335136
0.542225
0.259003
0.12505
0.52087
0.328586
0.0155424
0.257893
0.894447
0.41732
0.155877
1.43591
0.729472
0.228839
0.0540182
0.0615791
1.12932
0.973067
0.125161
0.4023
1.73433
0.350706
0.299005
0.76145
0.134443
1.25186
1.13838
0.477083
0.0921402
0.472435
0.871439
0.132718
0.15954
0.130213
0.302939
1.265
0.620598
0.331805
0.195271
0.39243
0.0261628
0.447202
0.333955
0.853246
1.5898
0.445343
1.3619
0.961748
0.296019
0.0846971
0.260976
0.268621
0.539316
0.971523
0.110051
1.13029
0.745722
0.0498807
0.357263
1.43455
0.612456
0.204406
0.0970216
1.94119
0.416017
0.498184
1.15
0.161343
0.0615321
0.12619
0.856331
0.0912248
0.84154
0.183244
2.109
0.740516
1.13391
1.26066
0.492421
0.210236
0.0392351
0.0168509
0.711283
0.664787
1.10306
1.56714
0.498642
0.546552
0.0263922
0.0763987
0.468343
0.708648
0.324332
0.767289
0.667858
0.0215025
0.268273
0.50636
0.191283
0.378607
0.982416
0.073964
0.598336
0.560459
0.293802
0.574543
0.295852
0.208368
0.461557
0.0379648
0.576114
0.566898
0.0561695
0.292571
0.266877
2.7775
0.254948
0.0228756
0.540815
0.299698
0.103154
0.156694
0.116906
0.544836
0.027485
1.45495
0.611691
0.316235
0.436483
0.0119715
4.14766
0.291797
0.0878709
0.597923
0.0617225
0.465078
0.239523
0.413621
1.46229
2.04754
0.505116
0.497641
0.541669
0.677638
0.0380915
0.0390545
0.670194
0.320083
0.0638353
0.254758
1.28623
0.182839
0.551682
0.0708633
1.7524
0.639587
0.040421
0.563065
0.105641
0.539331
0.600942
0.105487
0.053826
0.984982
1.09355
0.123072
0.313723
0.156249
0.759196
0.26582
0.144995
0.269614
0.0218399
1.22244
0.0865374
0.0617017
2.2284
1.13739
0.444445
0.0572889
0.175769
0.359274
0.267671
1.6711
0.517371
0.242642
0.579777
0.640684
0.0310398
1.04709
0.24087
0.712652
0.0346935
0.331166
0.483927
1.54824
0.606241
0.0450437
0.12627
0.330319
0.345084
0.322086
1.15269
0.389622
0.245648
0.030515
0.535509
0.236258
1.56619
0.141333
0.331625
0.145698
0.711
1.14808
0.122581
0.258297
0.166922
1.17064
0.0672196
0.210817
0.758486
0.354726
0.0546791
0.940818
2.44239
0.643122
0.810885
0.593691
0.82995
0.01298
0.0982872
0.184337
0.347103
0.0410063
0.947219
1.09775
0.0742179
0.353559
0.154122
0.0495405
0.699519
0.693326
0.213174
0.358653
0.52412
0.415668
1.23483
1.35363
0.315865
0.021026
0.162385
0.143144
0.39844
0.239742
0.0508022
0.390122
0.0552371
1.14664
0.135044
1.22923
1.29307
0.268197
0.126017
0.276883
0.340497
0.0375662
0.188377
0.499607
0.432937
0.432774
0.647609
0.202095
0.199693
0.0380482
0.930289
1.92486
0.507788
0.713149
1.21518
0.0561
0.807183
0.104929
0.219321
0.215584
0.422215
0.300468
1.11261
0.56164
0.215981
0.0688518
0.44485
0.161107
0.392401
0.835666
0.603113
0.0192025
1.07873
0.00734898
0.553587
0.31153
0.450417
0.251817
0.795263
1.28222
0.316443
0.511658
1.16013
0.0564438
0.255748
0.840323
0.11969
0.112439
0.00152592
0.419632
0.401075
0.425773
0.00993478
0.293126
0.142532
0.231367
0.42459
0.907784
0.519082
0.061663
0.523852
0.212761
0.0834415
0.381399
0.224052
0.866395
2.96473
1.54978
0.123513
0.78878
1.05174
0.582092
0.284687
0.756431
0.791329
0.899463
0.450046
0.00374157
0.0182849
0.453808
0.428336
0.442814
0.0930203
0.452058
0.0158156
0.270465
1.68398
0.462377
0.147218
0.472648
0.635404
1.1733
1.58512
1.03216
0.288079
0.19222
0.595868
0.285719
0.160171
1.23364
0.129909
0.0824772
0.46192
0.543732
1.34257
0.2534
0.344033
0.372491
0.259626
0.381101
0.0649244
1.9677
0.0644323
0.172325
0.428496
0.0824628
0.617775
0.389464
0.704094
1.66733
0.0827548
0.321997
1.01506
0.058573
0.213783
0.183093
0.280807
0.0226095
0.67723
0.608379
1.60196
1.76547
0.96855
0.413231
0.502086
0.774802
1.60925
0.0702666
0.187656
0.227081
0.546018
0.285196
0.211928
0.76943
0.64773
1.26944
1.38564
0.285955
0.310086
0.590179
0.255352
0.476849
0.0917455
0.156402
0.645912
0.362367
0.428108
0.0841758
0.410215
0.190738
0.978628
0.366106
0.169747
0.62699
0.0425398
1.27247
0.34888
0.021217
0.0270312
0.84431
0.260915
0.631321
0.143789
0.697262
0.349049
1.86798
0.559041
0.289808
0.265262
0.0726527
0.0711956
0.834675
0.693003
0.178594
0.0418199
0.32233
0.846151
0.532789
0.497264
0.235532
1.79894
0.335553
1.12603
0.150882
0.113758
1.87281
0.100452
0.611732
0.00904394
0.133702
0.368045
0.276251
1.51548
0.736882
0.0971205
0.302751
0.687358
0.947343
1.12257
0.0864581
2.09575
0.013585
1.76037
0.663644
0.198126
0.0259941
0.117838
0.0771982
0.612311
0.916496
0.365664
0.567767
0.199435
0.266833
1.40039
0.380084
0.247089
0.0646255
0.136038
0.262
0.219938
0.711935
0.892923
0.183806
0.37768
0.00446253
0.717351
0.162344
0.977798
0.533412
0.286385
0.927019
0.573961
0.260826
0.431613
0.00495811
0.305434
0.775972
0.0829889
0.0891162
0.49474
0.556861
0.922584
1.57505
0.0445326
0.759886
0.336245
0.322314
1.16387
0.650549
1.07277
0.149451
0.333727
0.628229
0.417335
0.00864705
0.644085
0.198597
0.174348
0.437029
2.05817
0.655465
0.277686
0.548907
0.0736076
0.00217584
0.563919
0.450717
0.786328
0.883638
0.707892
0.272999
0.347442
0.457229
0.237318
0.441044
0.239425
1.01041
0.031589
0.166332
0.452207
1.44316
0.389742
0.0428921
0.538755
0.0567746
0.0523211
0.242078
0.285585
0.250228
1.69852
0.271357
0.0662951
0.249341
0.0445424
0.151275
0.252928
0.716692
0.965789
0.105063
0.446656
0.47382
0.47113
0.0480187
0.118882
2.21742
0.566062
0.448386
0.967571
0.671379
1.04014
0.299662
0.574575
0.269324
0.380739
0.209771
0.370962
0.50035
0.648108
1.59634
0.0132352
0.590393
0.237223
0.0814356
0.0447607
0.310881
0.264976
0.329511
0.127125
0.154928
0.557615
0.844251
1.05513
0.165932
1.18636
0.047378
0.157738
0.439047
0.573672
0.0674256
0.195265
0.407801
0.430157
0.00320794
1.82656
0.0582644
0.214659
0.344471
0.678122
0.0392414
0.305167
0.73158
0.731468
0.899698
1.25539
0.962334
0.176629
0.200361
0.205278
0.369183
0.453927
0.00445908
0.205724
0.322564
0.172157
0.139912
0.417136
0.412598
0.881613
0.14273
0.582384
0.0823257
0.81984
0.153926
0.08611
0.757172
0.234979
0.35388
0.162824
0.0624103
0.437017
0.663581
1.08508
0.2163
0.421256
0.816449
0.114867
1.00861
0.0723976
0.390414
0.246396
0.657288
0.400201
0.648027
0.11585
0.923039
1.76124
0.74058
0.258754
0.802184
0.01059
0.048256
1.50587
0.876987
0.220787
0.0577054
0.466926
0.658287
0.478886
1.08099
0.946209
0.11094
0.483364
0.664266
0.39944
0.104773
0.388016
0.704113
0.0288267
0.561307
0.176481
0.294488
0.260424
0.942755
0.0940662
0.474407
0.586227
0.0765576
0.243413
0.049573
1.41471
0.260761
0.103137
1.11164
0.132829
0.391938
0.000373399
0.917109
0.161009
0.47986
0.645792
0.0665419
0.846377
0.211437
0.982138
0.227976
0.381662
0.255008
0.0648146
0.445688
0.0384871
0.271481
0.0178204
0.32703
0.155458
0.115656
0.0487346
1.58051
0.214222
0.325327
0.026704
0.170844
1.08002
0.136165
0.0999433
0.0627692
0.76109
0.100399
1.5879
0.0293867
0.802033
0.575065
0.100256
0.47714
0.0143249
0.0211566
1.98341
0.412916
0.290753
0.0541522
0.0824597
0.361835
0.368676
0.103544
2.65933
0.777581
0.250074
0.0460414
0.686121
0.677469
0.417662
0.800906
0.0159861
0.299779
0.0187815
0.119537
0.420735
0.85361
0.250905
0.374503
1.04257
0.107519
0.118221
0.0295557
0.826171
0.136437
0.05203
0.779054
0.807075
0.388018
1.11333
1.52857
0.0281815
0.26699
0.0754284
0.0255965
0.113185
0.381343
0.0741776
1.48835
0.161223
0.608937
0.688189
0.183429
0.0842609
0.767107
0.366708
0.643697
0.461917
1.22845
0.144624
0.32573
0.0570262
0.309708
0.384059
1.23959
0.602908
0.503851
0.611499
0.348068
0.096014
0.45536
0.302999
0.130371
0.00578215
0.451317
0.163853
0.120447
0.0685335
0.270042
0.0890342
0.258517
0.0647365
1.20745
0.620326
0.161847
0.593719
0.131032
0.000269924
0.176914
0.0782328
0.144985
0.749665
0.145596
0.624931
0.18759
0.0924519
0.267225
1.47612
1.0376
1.23551
0.0653356
0.319552
0.230995
0.216943
0.330565
1.6687
0.499075
0.598346
0.0485635
0.0249837
0.986361
0.34286
0.093274
0.73821
0.116014
0.295937
0.31419
0.287785
0.296425
0.723126
0.436681
0.600262
0.389646
0.901155
0.265871
0.96243
0.00195303
0.875579
0.809444
1.05338
0.677258
1.29098
0.215855
0.0593351
0.161751
0.898894
0.0397221
1.19205
0.379796
0.0925204
1.56828
0.249667
0.547114
0.0677663
0.0899289
1.02895
0.426024
0.49869
0.185455
0.0104633
0.251846
1.11443
0.635899
1.3821
0.649934
0.0708348
0.782895
0.657137
1.59126
0.44942
0.470418
0.602733
0.364215
1.61322
0.83658
0.789268
0.791486
1.09784
0.604579
0.197841
0.0296875
0.536647
0.636205
0.641596
0.768254
1.07905
0.452091
0.221839
0.362433
1.17705
0.238242
1.21133
0.79819
0.0519643
0.942887
0.372013
0.131204
0.509946
0.147947
0.104942
0.132194
1.00433
1.10259
0.692464
0.874733
0.605525
0.391953
0.484806
0.446816
0.140474
1.47394
0.522744
1.16679
0.550397
0.232073
0.582249
0.401312
1.69744
0.0236765
0.034921
1.02583
0.276942
1.92626
0.55259
0.371166
0.877412
0.10762
0.70284
0.314081
0.298724
1.44229
0.599912
0.189619
0.897554
0.297476
0.0764307
0.383942
2.4013
0.718838
0.067818
0.135068
0.619058
0.746537
0.0752815
0.236976
0.0792913
0.879251
1.32473
0.0600132
1.03553
2.8676
2.08606
0.17779
1.85543
0.529834
0.866454
0.811277
0.938924
0.431411
0.156694
0.176105
0.369231
1.71769
0.474
0.220061
0.269096
0.701692
1.11304
0.262115
0.363618
0.00953447
0.517415
0.128626
0.790443
0.767373
0.463537
1.41388
0.473616
0.381357
0.0277342
0.332896
0.377906
0.0196504
0.769413
0.352523
0.588775
0.46901
0.184461
0.387232
0.103283
0.430847
0.903688
0.616837
0.394104
0.297467
0.0335089
1.62904
0.113223
1.57177
0.230643
0.635402
1.85984
0.00717139
1.46144
0.734764
0.801554
0.399822
0.620355
0.264594
0.0439308
0.723615
1.13676
0.476585
0.813082
0.573509
0.0641426
0.341881
0.171961
0.280111
0.0174687
0.324702
0.00324655
1.02107
0.103157
0.401272
0.19184
0.144671
0.360106
0.368328
0.116669
1.07227
0.137667
0.101592
1.13709
0.103453
1.5378
0.595115
0.66859
0.546304
0.0564532
0.861659
0.280567
0.00191192
0.28636
0.132475
0.579554
0.406425
0.651052
1.89159
2.11083
0.718531
0.303387
2.40167
0.500686
0.512656
0.392205
1.51079
1.11541
0.0293243
0.319863
0.0530547
1.40538
0.624564
0.167419
0.906877
1.15204
0.136157
0.380507
0.507452
1.16675
0.510234
0.307251
0.202094
0.515556
1.12738
0.416477
0.199959
0.300292
0.173559
0.183272
0.28709
0.0286309
0.717254
0.279861
0.582822
0.257989
1.79212
0.510207
0.175235
0.0148195
0.059458
0.252353
1.7376
0.872522
0.571067
0.819957
0.646423
1.25818
0.206858
0.225551
0.863802
1.91717
0.863449
0.0840744
0.486132
0.631623
0.636499
1.51206
0.0924265
0.00668823
0.149387
0.465204
0.0357161
0.0101222
0.0174195
0.707797
0.275064
0.00325131
0.252731
0.634285
0.018169
0.355544
0.0611308
0.00237062
0.203423
0.794684
0.832299
0.0308126
0.627971
0.0809915
0.274817
0.385536
0.0684421
0.140521
0.589242
0.692554
1.63864
0.265739
0.603827
0.0702307
0.277172
1.6017
0.667136
0.341096
1.94164
0.736775
0.144983
0.257534
0.751124
0.52275
0.06466
0.838475
0.0856163
0.134849
0.851289
0.338271
0.0164352
0.49513
0.400804
0.688228
0.752684
1.82931
0.167744
1.18219
0.123741
1.89194
0.533116
0.100144
0.246763
0.220649
0.187381
0.84392
0.190026
0.0252247
0.185223
0.175198
0.857642
0.411952
0.598883
0.454978
0.117715
0.855844
0.264253
0.228755
0.0287243
0.129581
0.978685
0.0461484
0.971832
0.263955
0.903012
0.503773
0.242575
0.0643175
0.389221
0.462705
0.0515543
0.109436
0.768875
0.334228
0.403017
0.051395
0.180185
1.01838
0.0794284
0.473576
0.090246
1.70515
0.0952415
0.994883
0.415547
0.241612
0.573973
1.84329
0.69385
0.67074
0.113604
0.46968
0.876386
0.0309727
0.00973663
0.542949
0.593643
0.258489
0.764174
0.134483
0.00366882
1.06464
0.283175
0.786183
0.229891
2.12658
1.10423
0.556093
0.96665
0.018857
0.16656
0.0103416
0.00199432
0.305099
1.07598
0.420137
0.916182
0.41788
0.39192
0.446185
0.18192
0.686383
0.111221
0.0706115
0.821654
0.123413
0.790196
0.348189
0.486964
0.430442
0.668644
0.49674
0.306511
0.0930742
0.27423
0.876849
0.0845825
0.187194
0.344605
0.00551046
0.214855
0.760129
0.0159679
0.217923
0.135971
1.23358
1.27355
0.0406411
0.328533
0.312783
0.551887
0.772357
0.118898
1.0118
1.25254
0.00923319
0.0452603
0.623157
0.36689
0.617126
0.170998
0.148767
0.206745
0.68904
0.278611
0.715273
0.427604
0.437134
0.0379614
0.0378109
0.450446
0.27445
0.962684
0.490713
0.74738
0.0484092
0.388698
0.597653
0.0933731
0.0111375
0.0886255
0.912334
0.826841
0.234256
0.613024
0.649118
0.249089
0.787747
0.289395
1.21676
0.34862
0.652953
0.0929393
0.918493
0.324097
0.454196
0.460055
0.0266034
0.0990184
0.561407
0.0665654
0.742402
0.051045
1.92752
0.254312
1.0308
0.0368805
1.39906
0.422146
0.138175
1.62344
0.659447
0.0417891
0.734317
0.0563804
0.7726
0.343332
0.345574
0.433542
1.37578
0.264896
0.0427067
0.547178
0.434821
1.27919
0.0767245
0.0978408
0.371269
0.10788
0.221106
0.11078
0.191892
0.0701138
0.175335
0.176589
0.376998
0.0922821
0.229951
0.316113
0.670989
0.47094
0.280794
0.318611
0.586055
0.111233
0.431228
0.324104
0.595702
0.0399957
0.0292614
0.500349
0.33486
0.0746623
0.176642
0.035773
0.0316195
0.2898
0.141694
0.440192
0.502491
0.463371
0.766489
1.5253
0.66401
0.0416323
0.143986
0.153613
0.142793
0.48231
0.660456
2.17517
0.130019
0.0888496
0.306557
1.25829
0.224915
0.0184433
0.252325
0.0301241
0.060006
0.301768
0.586959
0.459696
0.448043
2.23133
0.554764
0.529384
0.27961
1.24481
0.136228
0.0321596
0.368254
0.0114305
0.00753854
0.148002
0.0540678
0.154066
0.367746
0.2161
1.07731
0.146407
0.206258
0.0599727
0.269479
0.79569
0.0164145
0.754589
0.893595
0.279814
0.908163
1.45625
1.06728
0.375626
0.39582
0.320791
0.363551
0.122429
0.067714
1.45056
0.0720749
0.227184
0.00367986
0.532771
0.24531
0.0112745
1.21336
0.336914
0.169472
0.283173
0.91995
0.0940882
0.579569
0.0987283
0.167431
0.0542874
1.85536
0.190527
1.06767
0.825417
0.684103
0.635011
0.700745
0.493278
0.14211
0.178816
0.0530593
0.722155
0.364754
0.128958
0.617438
0.527914
0.448846
0.630205
0.183763
1.96215
0.671156
0.123736
0.317903
0.0132937
0.527249
0.186735
0.110179
0.206151
0.337499
0.32921
0.290592
0.314038
0.802697
0.194718
0.160442
0.393319
0.0213156
0.0143348
0.0942308
0.170636
0.199442
0.159036
0.0273469
0.937958
0.346363
0.718487
0.345456
0.0484101
0.325827
0.821072
0.0376447
0.122679
0.0129992
0.391553
0.139733
0.56551
0.964387
0.291323
0.00764431
0.211954
1.28793
0.304345
0.835385
0.642051
0.753661
0.0451757
0.155801
0.858046
0.0608875
0.289459
0.0579112
0.29312
0.622302
0.0887217
0.171506
0.11896
1.29477
0.778543
0.181214
0.258558
0.452782
0.236236
0.485555
0.485571
1.2601
1.0018
0.177371
0.744119
0.183168
0.188306
0.0637724
0.1311
0.734305
1.34151
1.53678
0.397315
0.00909924
0.125174
0.229817
0.0711773
0.540828
0.324902
0.42933
0.233333
0.511441
1.00735
0.439312
0.416652
0.533398
1.09759
1.73933
0.144893
0.15408
0.446396
1.03149
0.102135
0.304071
0.0941123
1.59695
0.718519
0.332172
0.0410032
2.48178
0.147282
0.00521609
1.46643
0.813281
0.0144116
0.0920975
0.0942991
0.0878307
0.883609
0.524529
0.668502
0.112888
0.171369
0.463182
0.772643
0.967461
0.150485
0.562597
0.870673
0.358184
1.41183
0.268247
0.242581
0.0669771
1.02337
0.405936
0.0440649
0.501487
0.0211213
0.0890205
0.492051
0.175848
0.0952595
0.425463
0.052626
0.112749
0.675863
0.158578
0.225477
0.42245
1.27243
0.0528738
0.740309
0.118932
0.609302
0.409641
0.0348119
1.6657
0.133719
1.11268
0.322877
0.0963525
0.183489
0.983539
0.178798
0.0980193
0.26902
0.243069
0.83362
0.305757
0.397141
0.287645
0.701167
0.639284
0.00524683
0.961665
1.28488
0.69645
0.0671451
0.168735
0.194337
0.0241642
0.244511
0.0496607
0.14979
0.0477774
0.53037
0.197355
0.0284906
1.0967
0.123012
0.378705
0.0329301
0.372507
0.248179
0.226579
0.607503
0.823478
0.691919
0.361313
0.153831
0.176541
1.51809
0.00949663
0.00961399
1.64066
1.03058
1.4279
0.625999
3.20596
0.129979
0.0183903
0.0233033
0.478154
0.070011
0.181495
0.613488
0.767308
0.497846
0.718184
0.558783
0.944009
0.173596
0.667161
0.234123
0.576936
0.0532617
0.0401671
0.338589
0.95
0.447897
0.70691
0.0800323
0.392301
0.747166
0.0913342
0.352731
0.522483
0.0579558
0.124351
0.520154
0.206519
0.148059
0.589138
1.54013
0.244663
2.84176
0.540693
0.0940222
0.493264
0.27503
0.930063
0.322902
0.630124
0.434955
0.947428
0.256249
0.572941
1.30764
1.11725
0.380165
0.365496
0.524543
0.570341
0.0321453
0.276991
0.939819
0.420114
0.0382459
1.57097
0.776942
0.637007
0.174894
0.0229562
0.265927
0.143319
0.282672
0.26304
1.20448
0.462233
0.0184431
0.202615
0.296745
0.358693
0.0254322
0.0145159
0.224421
0.29946
0.620095
0.17018
0.210455
0.139301
0.822673
2.50226
1.28561
1.01751
0.271189
0.736826
0.287868
0.338908
0.65045
0.128275
0.11949
0.0115711
0.15815
0.490486
0.158791
0.607001
0.0173667
0.100559
0.182822
0.0364743
0.362174
0.700917
0.436526
0.41615
0.762707
1.44083
0.00783505
0.33976
0.132272
0.22244
0.666469
0.02015
0.217234
0.539193
1.19746
0.737075
0.281734
0.212729
0.152789
0.0862739
0.425268
0.323009
0.100054
0.928864
0.0531943
0.302066
0.395895
0.0725487
0.504799
0.959401
0.114967
0.0818446
0.467064
0.774967
0.629296
0.246772
0.657819
0.657442
1.07143
1.66408
0.0474811
0.482451
0.00182321
0.29258
0.163444
1.21783
0.120406
0.618255
0.149871
0.324385
1.0128
0.891315
1.53075
0.0253545
0.563164
0.0278132
0.349478
0.125993
0.104848
0.0745575
0.0395011
0.250919
0.17091
0.574481
0.100643
0.00274282
0.0376717
1.22681
0.667734
1.5534
1.05252
0.878847
0.426934
1.06768
0.157726
0.958903
0.790568
0.331359
0.41354
0.0273598
1.63329
0.281728
1.08165
1.23282
0.327162
0.411437
1.73936
2.04028
0.765261
0.0861794
0.0648447
0.981414
0.402493
0.264797
0.39107
0.66444
0.269464
0.477449
0.523833
0.0833767
0.422456
0.374756
1.98561
0.0781164
0.26314
0.144969
3.03983
0.113739
0.666361
0.41093
0.148334
0.598838
2.36356
0.0764383
0.47486
0.318719
0.606333
0.436501
0.302986
0.332936
0.674744
0.429115
0.212105
0.173739
2.18088
1.09591
0.0145904
0.258649
0.350021
0.566607
0.407615
0.0383544
0.114962
0.386758
0.123258
0.476747
0.781045
0.121795
0.852063
0.373849
0.749346
0.0388611
0.12722
0.729919
0.12202
0.909463
0.136614
1.25752
0.272453
0.591329
0.259861
0.0876121
0.157099
0.695207
0.30281
0.148442
0.509875
0.329878
0.540494
0.0770134
0.087788
0.12308
0.12205
0.228195
0.706965
0.285528
1.98273
0.39606
0.526719
0.802497
0.0382576
0.27917
1.03529
0.177132
0.108809
0.0473921
0.0731553
0.285153
0.00480839
0.406207
0.0685887
0.267973
0.631059
0.253591
0.0907085
0.0938941
0.53164
0.817962
0.530994
0.189474
1.47805
0.8444
0.381378
0.0899043
0.100258
0.171551
0.457698
0.0888058
0.908697
0.144445
1.63301
1.21076
0.567763
0.903121
0.11756
1.03698
1.30293
0.212044
0.18478
1.37234
1.16062
0.287368
0.215865
0.482209
0.90077
0.363381
0.780334
0.336313
0.194124
0.293707
0.817511
0.157174
0.150212
0.206753
0.28485
0.290971
0.495921
0.0172679
0.463069
0.314297
0.167633
0.417081
0.237304
1.65657
0.256657
0.442632
0.909808
0.198489
1.35174
0.0794239
0.152844
0.900533
0.438559
0.475957
0.302268
0.271481
0.0699342
0.139643
1.19631
0.300999
0.582237
0.62529
0.640099
1.4726
0.0268765
0.0849924
0.245999
0.571974
0.105526
2.44751
0.0801429
0.322293
0.408537
0.373244
0.288766
1.60656
0.0601613
0.161917
0.169432
0.0237524
0.275394
0.400148
1.06546
0.00377623
0.0900436
0.203941
0.277998
0.175013
0.432109
0.204066
0.688396
0.154986
0.0249996
0.317091
0.120362
0.0532938
0.491688
0.461327
0.762881
0.847015
0.452
1.33426
0.172192
0.083223
0.304969
0.654779
0.0600119
0.421963
0.00335689
0.255848
0.479046
0.281231
1.5113
0.344226
0.287877
0.0617214
0.893655
0.998355
0.265053
0.264842
0.111151
0.0866241
0.566201
0.142574
0.495376
1.11135
0.214777
0.146955
0.340827
0.0706352
0.0367579
0.0467565
0.0322107
0.224882
0.138935
0.36595
0.0484108
0.2198
0.0465992
0.0521103
0.70576
0.611005
0.376628
0.614735
0.113457
1.70393
0.867729
0.0181246
0.889245
0.13403
0.296026
0.0154536
0.25061
0.0665092
0.163233
0.0115892
0.00818352
0.494071
0.162566
0.357138
0.712471
0.214198
0.457805
0.862615
0.62009
0.923636
0.20842
0.812149
0.110348
0.280938
1.161
1.54247
0.0726424
0.282019
0.542088
0.206422
0.253733
0.33228
0.23407
0.13009
0.637624
0.859189
0.15023
0.0609979
1.45198
0.386153
0.0741107
1.62762
0.0906325
0.268352
0.319218
1.29689
0.721484
0.0371518
0.687443
0.321647
1.22638
0.0460604
0.162444
0.0593821
0.364767
0.0988082
0.0342731
0.529345
0.471327
0.651104
2.37359
0.00421186
0.120125
0.227189
0.135561
1.36063
0.102775
0.343581
0.0251499
0.0702036
0.0178404
0.103399
0.0484889
0.112095
0.460831
0.415408
0.0673952
0.227788
0.505186
1.0327
0.917416
0.399098
1.62515
0.0626408
0.542122
0.326102
0.176247
0.651146
0.0708933
1.19014
0.304552
0.0659193
1.23766
0.553924
0.335375
0.0832276
0.463093
0.56116
0.525393
0.529207
0.81859
0.578209
0.915696
1.14088
1.08677
0.291656
0.310136
0.00620202
0.824792
0.0516361
1.08385
0.522388
0.522032
0.937996
0.726177
0.185402
0.197189
0.0325619
0.0193255
0.306331
1.76208
0.340684
0.435672
1.08748
0.0894473
0.0364396
0.0202682
0.729959
0.682782
0.585693
0.273001
0.399516
0.235364
0.150923
0.297223
0.151688
0.606173
1.20583
0.160107
0.357054
0.00424426
0.0869184
0.0863447
0.534184
0.00319165
1.29236
1.69442
0.201931
2.19628
0.0020874
0.781176
1.58688
0.344818
0.232583
0.930686
0.542425
0.291928
1.07823
0.280877
0.103524
0.427045
0.950332
0.668286
1.49569
0.0588736
0.102521
0.118787
0.839878
0.0503086
0.332248
0.195746
0.0550042
0.517865
0.329424
0.714819
0.52691
0.261395
0.64888
2.05706
0.251071
0.656565
0.743648
0.217644
0.130205
0.078904
0.109988
1.10964
0.44366
0.0426312
0.193643
0.746409
0.533642
0.0941503
0.35925
0.4655
0.16614
0.598504
0.84996
0.0506257
0.789028
0.180319
0.272576
1.1404
1.47636
1.16549
0.537061
0.457144
0.185485
0.243277
0.437164
0.609885
0.0618088
0.220708
0.0296748
0.211977
0.349443
0.147242
0.135156
0.0477621
0.20535
0.408179
1.00632
2.47187
0.653919
0.238117
0.456539
0.00619308
0.0399468
0.26894
0.0574832
1.02169
0.634316
0.37629
0.730956
0.549186
0.282509
0.278094
0.154477
0.676593
0.835308
0.944057
0.295554
1.31659
0.115033
0.350498
0.159894
0.616151
0.711467
0.357242
0.803429
0.0503565
0.0354889
0.548081
0.0464304
0.800025
0.0228809
0.581404
0.831481
0.0647788
0.0545769
1.25682
2.40953
0.863524
0.296993
0.713835
0.335475
1.05816
0.103354
0.702357
0.485257
3.28965
0.462168
0.0348883
1.30702
0.827018
0.423507
0.111859
0.363976
0.200463
0.62069
0.190328
0.277657
0.756003
2.02093
0.361585
0.430956
0.0137708
0.112936
0.245568
0.0804846
0.182345
0.183432
0.0757647
0.0683565
0.703195
1.15501
0.479283
0.503246
0.0457742
0.231907
0.147597
0.0450137
1.83112
0.19505
0.00646968
0.764042
1.12366
0.119964
0.178446
0.1272
1.29069
0.479519
0.52595
0.608467
0.457114
0.0904701
0.165301
0.492204
0.229192
0.553693
0.745874
0.559331
1.87912
1.23626
0.807383
0.65773
0.847413
0.270316
0.227971
1.17093
0.777333
0.486117
2.29987
0.719985
1.44815
0.00140269
0.394955
0.913457
0.121748
0.936267
0.0329145
0.0756717
0.310883
0.626644
0.929947
0.0320979
1.05993
0.0672345
0.583207
0.142274
0.793345
0.311381
1.26871
0.739366
0.238347
0.640053
0.35031
0.10879
0.075186
1.01962
0.0523404
1.318
0.338278
0.0467893
0.587883
0.286713
0.0483298
0.135597
0.161136
0.184267
0.0437592
0.207158
0.297738
0.395714
0.0275681
0.17337
0.4695
1.35599
0.271356
0.176555
0.0999823
0.120545
0.715728
0.053887
2.14526
0.0755318
0.869095
0.336697
0.204543
1.65898
0.223063
0.285581
1.11339
0.953694
0.371657
0.437986
0.169797
0.479338
0.860394
0.414414
1.29415
1.17627
1.16471
0.233844
0.300444
1.5651
0.549149
0.0312876
1.10312
0.0446299
0.221706
0.0368909
0.178067
0.0634603
0.0951538
0.168382
0.15015
2.98714
0.747938
0.452115
1.62506
0.0730016
0.0153731
0.959874
2.18613
0.404552
0.287148
0.161011
0.0939748
0.149186
0.912422
0.0505711
0.0888744
0.676245
0.3172
0.476637
0.59816
0.0732699
0.562243
0.442857
0.125322
0.0169533
0.537506
0.368363
0.0827526
0.891901
0.823167
0.265461
0.884388
0.437565
0.00355504
0.781966
0.634767
0.0190396
0.516475
0.612794
0.448375
0.0422042
2.00132
0.720798
0.206939
0.858761
0.981793
0.348343
0.412647
0.199786
0.0618127
0.150275
0.3134
0.783836
0.939214
0.581419
0.870937
0.352485
0.117054
1.89364
0.206153
0.00804863
0.246559
0.0915628
0.457098
0.252393
1.58534
0.191508
0.284341
0.460739
0.0124605
0.0130876
0.574449
0.00318289
0.778627
0.0110883
0.876755
0.523387
0.370852
0.246107
1.91578
0.510808
0.522514
0.293516
0.28234
0.342082
0.0704521
0.148036
0.000682579
0.207872
0.133031
0.207184
0.220121
0.487608
0.353196
1.55367
0.00972131
0.312374
0.159744
0.301638
0.0345002
0.176976
0.325829
0.692523
0.181517
0.156059
0.738372
0.0703629
1.24468
0.175005
0.366986
1.12862
1.36904
0.0921535
0.207293
0.228456
0.545035
0.318208
0.487794
0.547069
0.832912
0.97119
0.00221183
0.0914117
0.326508
0.357689
0.0652624
0.345357
1.85651
0.251961
1.51584
0.0215948
0.591981
0.281573
0.785007
3.21066
0.599808
0.414573
0.0694277
0.478201
0.97913
0.524408
0.357786
0.790431
0.851784
0.950144
0.0877519
0.328672
0.19378
0.766227
0.0794662
0.0709279
0.511705
0.08206
0.177865
0.0640072
0.542876
0.273834
0.4824
0.507985
0.850633
0.422807
0.57006
0.358191
0.000645882
0.319497
0.356529
0.601955
0.0182048
0.510136
0.189685
1.12524
0.170647
0.876642
0.583746
0.0566503
0.56547
0.947958
0.44445
3.27111
0.502307
0.665597
0.0700981
0.16041
1.09106
0.281192
0.250938
0.398755
0.954779
0.00681982
0.103819
0.553426
0.438839
1.01141
0.0997657
0.440394
0.207678
0.586791
0.168104
0.235522
0.200422
0.459689
0.157562
0.482998
0.279333
1.59898
0.648253
0.055633
0.827673
0.189465
0.0548282
0.292405
0.026302
0.133724
0.63157
1.39389
0.546545
0.0593026
0.334709
0.363533
0.0669878
0.562723
0.102945
0.61832
0.391767
0.228613
0.174911
1.07325
0.0297184
0.434598
0.149713
0.245471
0.100412
0.37651
0.00368707
0.47077
0.334923
0.661869
0.628111
0.176332
0.0252612
0.854989
0.67349
0.0529647
0.0276509
0.305517
0.0198667
0.634027
0.420885
0.374274
0.134134
0.592806
0.113099
0.273549
0.258827
0.684524
0.776377
0.600769
0.49545
0.935533
0.164238
1.09246
0.133281
0.309878
0.269417
0.1381
0.0373065
1.17581
1.84844
0.77363
0.112806
0.0123856
0.466083
1.4232
0.0667535
0.539552
0.254712
0.0895233
0.237988
1.72431
0.587014
0.475982
0.54332
1.11896
0.0180165
0.0345329
0.509399
0.867861
0.726225
0.155802
0.55398
0.0235373
0.0843531
1.17045
0.354545
0.4241
0.0783839
0.433519
0.323704
0.0640854
0.228623
0.56749
0.0781888
1.81108
0.484475
0.157179
0.501708
0.00993632
0.284294
0.00608542
2.20674
0.066512
0.491904
0.525681
0.00901907
0.541625
0.631638
0.534791
0.332021
0.330124
1.29232
0.0842104
0.376726
0.0415928
0.030279
0.0189387
0.527251
0.113989
0.479827
0.068617
0.195896
2.06601
0.822028
0.31642
1.5759
0.278717
0.670969
0.446531
0.296198
0.0945745
0.461528
0.285365
0.176123
0.129912
0.0446484
0.189
1.10509
0.811513
1.78099
0.235444
0.16842
1.13262
0.378102
0.844343
1.86513
0.444965
0.956648
0.493958
0.787938
0.316856
0.705051
0.0624014
0.301956
0.413553
0.441244
0.264288
2.30309
0.196454
0.000578212
0.287247
0.343827
0.462985
1.02746
0.790277
0.89388
1.57705
0.0576541
0.641841
0.713604
0.0419766
0.0518683
0.0235452
1.88007
0.495901
0.987492
1.52597
0.123211
0.625259
0.434204
0.00582449
0.101073
0.204934
0.0690053
0.505789
1.14607
0.627911
0.0240236
1.09893
0.0204463
0.0246303
0.19724
0.385353
0.527661
0.11024
0.201324
0.331392
0.0843214
0.290232
0.116325
1.2338
0.36791
0.182719
1.6248
0.344186
1.36822
0.864243
0.299228
0.0833853
0.384033
0.0156014
0.0902742
0.634905
0.22863
0.17414
0.219617
0.154578
0.00464985
0.257402
0.0841459
0.0252912
0.299327
0.327793
0.441716
0.053998
0.567735
1.25108
0.442098
0.897638
0.221937
0.791212
0.69141
1.05739
0.0530307
0.619525
0.236562
0.0182434
0.380486
0.878064
0.105012
0.0356824
0.975994
0.218961
0.775568
0.127441
0.523088
0.0774291
0.337581
0.53644
0.394659
0.518973
0.614308
2.79894
0.0677272
0.174028
0.0519381
0.81843
0.119149
0.578572
0.509894
0.42255
0.327099
0.245886
0.298761
0.43467
0.0520134
0.876579
0.479339
0.499274
0.530747
0.820042
0.602761
0.358792
0.0875694
0.335162
0.66792
0.828739
0.499728
0.129378
0.314954
0.097865
1.03497
0.0959808
0.0956166
0.00024385
0.316122
0.159224
0.819685
0.57071
1.58911
0.294597
0.144589
0.288555
0.896934
0.603567
0.00972035
1.34769
0.375092
0.5051
0.415136
0.100313
0.2916
0.153625
0.591844
0.461342
0.699165
0.281863
0.265455
0.242994
0.537795
1.05718
0.413542
0.380402
0.0277305
0.667301
0.380924
0.369651
0.00475277
0.207073
0.113568
1.71791
0.766982
0.302851
0.260676
0.481174
0.0843603
0.277158
0.399797
0.574389
0.0316772
0.0608343
1.00034
0.349863
0.238286
0.408914
0.0559289
0.0708294
2.27941
0.364656
0.363863
0.522672
0.252959
0.0415121
0.0999203
0.299828
0.847521
0.62647
1.8163
0.873973
0.0274558
0.0972421
0.789139
0.909315
0.498546
0.111542
0.30418
0.771601
0.491066
0.00313295
0.31676
0.58058
0.064374
0.203261
0.105457
0.34647
1.11582
0.175478
0.499808
1.06927
0.840317
0.0806559
0.378153
0.118363
0.129803
0.62195
0.542048
0.0230496
0.277631
0.504402
1.02367
0.326492
0.835885
0.546203
0.190822
0.292716
0.999554
0.741445
0.130318
0.336704
0.755398
0.599856
0.0973444
1.15164
0.0166529
0.228694
0.255385
1.29785
0.543911
0.0162336
0.824038
0.32389
0.0997862
0.206383
0.581715
0.263447
0.0256073
0.214914
0.303133
0.323135
2.09075
0.19692
1.55628
0.796808
2.30909
0.159259
0.137183
0.964386
0.0234376
0.316859
0.211335
0.871654
0.0920241
0.368669
0.645727
0.112111
1.09767
0.0668205
0.0674906
0.40118
0.0854189
1.3579
0.0144698
0.206215
0.158748
0.629588
0.68822
0.194272
0.0338672
0.112911
0.799644
0.0257603
0.375047
0.700141
0.938745
0.364706
0.0132987
0.0454945
0.23299
0.0373835
0.406368
0.631483
1.137
0.644514
0.13643
0.486733
1.29729
0.0681853
0.687825
0.0264847
0.568486
1.17361
2.11469
0.615049
0.138752
0.148846
0.275692
2.29518
0.433068
0.336025
0.106591
0.236914
0.387781
0.635892
0.0701245
0.244354
0.135561
0.0854564
0.320803
0.470749
0.130128
0.0151839
0.198111
0.0674774
0.701971
0.41729
0.690103
0.569243
0.591145
0.342389
0.657056
0.233114
0.255549
0.63067
0.0418928
0.514297
1.82861
0.350811
0.500301
0.403295
2.52257
0.869582
1.33688
0.380836
0.392633
0.0319313
1.26097
0.760435
0.123572
0.24982
0.248326
0.297209
0.275097
0.63395
0.427082
0.0977249
0.167402
0.19492
0.973266
1.90712
0.853614
0.443996
0.215839
0.12346
0.182098
0.281896
0.987674
0.163864
1.36801
0.340242
0.895069
1.32065
0.191334
0.722111
0.309806
0.990117
0.874168
0.240264
0.515628
0.0229737
0.745371
0.0177495
0.339646
0.110297
0.700104
0.0348814
0.235396
0.0193577
0.247328
0.132454
0.00802451
0.117135
0.860864
0.228249
0.279
0.0676168
0.798395
0.170495
0.260378
0.659555
0.762923
0.136556
0.541407
0.0529717
0.00153363
0.0657414
1.64154
0.883044
0.351346
0.465612
1.03537
0.163935
0.511945
0.228588
0.324566
0.250652
0.28486
0.958638
0.283024
0.870159
0.0448077
0.297245
0.0169785
1.18736
0.842775
0.309052
0.0170104
0.473519
0.693085
0.289354
0.211361
0.380212
0.567176
0.00305821
0.501274
0.57196
0.0692308
0.452606
0.357115
0.502633
0.112493
0.242529
1.22436
0.923462
0.695693
0.248049
0.134946
0.102643
0.139917
0.552475
0.00508642
0.200095
0.0621746
0.0222415
0.135097
1.34109
0.351137
0.157504
0.3923
0.146858
0.618238
1.09658
0.773334
0.245482
1.12469
0.27245
0.0359607
0.0120635
0.00788405
0.433545
0.536313
0.122386
1.66443
0.423718
0.0306166
0.628397
1.64284
0.175442
1.15642
0.115762
1.67203
1.21036
0.384457
0.0425803
1.54668
0.741958
0.00665482
0.307347
0.0222209
0.407002
0.625366
0.699311
0.294715
0.347323
0.0760089
0.207676
1.2682
0.118129
0.226066
1.3783
0.78092
0.0109291
0.083388
0.702058
0.449604
0.119768
0.317299
0.40562
0.355595
0.231711
0.718519
0.320892
0.165653
0.177519
0.405158
0.13503
0.0374182
0.420249
0.595132
0.0614079
0.0670081
0.263447
1.01489
0.422894
1.20571
0.00485524
1.20772
0.889406
0.124286
0.16038
0.729765
0.00519526
0.175505
1.27084
0.723559
1.09971
0.0720924
0.133681
0.294237
0.515308
0.465039
0.116089
0.0621362
1.09237
0.352658
0.55759
0.0662846
0.431556
0.137645
0.857446
0.591637
0.22791
0.13041
0.413182
1.38114
0.0753494
0.424346
0.940379
1.77117
0.785378
0.0650134
0.67106
0.810879
0.270601
0.539367
0.418742
0.183423
0.790538
0.809254
0.696981
0.287646
0.261519
1.59837
0.404077
0.174619
0.312887
0.128391
0.271444
0.0221351
0.314722
0.136527
0.667858
0.895431
0.316054
0.177904
0.734917
0.468786
1.02559
0.480594
0.433129
0.544623
0.672557
0.191499
0.31366
0.0856563
1.91202
0.0168718
0.312301
0.740098
0.900864
0.121951
0.117776
0.138713
0.0965133
0.722357
0.385061
0.511788
2.33619
1.56151
0.576001
0.306025
0.10841
0.27325
0.171911
0.544511
0.637232
0.0314602
0.158643
0.448045
0.567447
0.953097
0.147432
0.270672
0.0928886
0.638894
0.428393
0.0799094
0.702285
0.0204119
1.26354
0.445207
0.148151
0.0696166
0.89125
0.282797
1.12292
0.230087
0.0377225
1.08059
0.196375
0.70666
0.209711
0.366701
0.0978206
0.501903
0.10117
1.14194
0.592903
0.30354
0.336623
0.233439
0.182941
0.683868
0.782897
0.32309
0.314302
0.22829
0.488629
0.124995
0.260906
0.392376
0.832225
0.543826
0.560033
0.514293
0.0498937
0.419553
0.00568965
0.0917447
0.301392
0.204825
1.29052
0.793073
0.968433
0.0537914
0.280012
0.0199046
5.49678e-05
0.065798
0.340695
0.336731
0.342936
0.805976
0.134186
0.169436
0.161799
0.605399
0.53063
1.15188
1.28348
0.0312232
0.293389
0.662012
0.642826
0.0625695
0.236144
0.853249
0.578431
0.245299
2.13934
0.0743908
0.64342
1.20645
1.3555
0.433396
0.00626011
0.224971
0.482123
0.00631577
0.332415
0.059852
0.349192
2.00836
1.22276
0.669683
0.156955
0.105223
0.289935
1.28455
0.0470975
0.225698
2.06546
0.381547
0.0511263
0.61458
0.526921
0.32087
0.373233
0.20544
0.987954
0.358823
0.322346
0.440006
0.274562
0.26272
0.0901169
0.285453
0.737103
0.76544
0.296686
0.148314
1.13396
1.49937
0.136342
0.829815
0.582599
0.354721
3.8742
0.0685791
0.282357
0.0468605
0.338075
0.268421
0.488076
0.444128
0.0655503
0.160548
0.0321367
0.523245
0.472833
1.28599
0.087732
0.0453755
0.355491
0.437907
0.342054
0.560066
0.00931833
0.154964
0.305708
0.313683
0.370307
0.218393
0.269059
0.717419
0.0893723
0.0550707
0.157306
0.0891144
0.132283
0.604333
0.145653
0.643476
0.0621094
1.04355
0.187359
0.137011
0.0816128
0.234816
1.09694
0.71812
0.177184
0.0253563
0.945022
0.823108
0.501095
0.211098
0.327911
0.5269
0.471953
1.39357
0.0624374
0.0719779
0.172862
0.381298
1.1313
0.304379
0.507833
0.0906694
0.48277
1.02126
1.00965
1.02761
0.450933
2.06963
0.688943
1.18599
0.12664
1.1438
0.165275
0.0595412
0.54039
0.433579
0.0881977
0.356271
0.244759
0.791493
0.962072
1.01272
0.295321
0.312645
0.821152
0.414393
0.456857
0.0519914
0.0509983
0.341488
0.40454
0.663647
0.540488
0.095553
0.464568
0.375375
0.023488
0.11113
0.358774
0.789403
0.0560234
0.665529
0.589264
0.245078
0.94216
0.217656
1.71058
0.00491464
0.992218
0.21879
0.815893
0.630344
0.125814
0.14414
0.100102
0.0146798
0.840654
0.757982
0.0683063
1.20864
0.160993
0.57352
0.518725
1.37465
0.97029
0.14434
0.311824
1.16277
0.298956
1.86626
0.595442
0.406009
0.622171
0.24577
1.43683
0.410419
0.675954
1.20863
0.421658
0.462913
0.154104
0.234313
0.193079
0.334426
0.489864
0.348349
0.363493
0.288533
0.165766
0.516874
0.214849
0.407621
0.197822
2.64289
0.340111
0.101139
0.140973
1.57924
0.044635
0.594914
1.35586
0.760368
0.145019
0.518449
0.0930235
0.108627
0.114948
1.20967
0.0560851
0.746056
0.361613
0.232087
0.0808133
0.901367
0.979673
0.743231
0.205433
0.235551
0.11931
0.482611
0.010109
0.412288
0.0971378
0.212911
0.406547
0.554429
0.377405
0.810252
0.493859
0.477648
0.344505
0.411801
0.252713
0.692532
0.115713
0.417951
1.4499
0.2655
0.324599
0.0262122
0.103565
2.43659
0.274454
0.204983
0.878689
0.165273
0.0583546
0.0898194
0.535239
0.194629
0.76515
0.565315
1.07717
1.61067
0.0121147
0.290388
0.497346
0.403537
0.139022
0.149026
0.0926471
0.674815
0.854323
0.41723
0.337022
0.0129093
0.0710166
0.28575
0.287657
0.470732
0.333152
0.489826
0.461022
1.19744
1.62064
0.280882
0.105536
0.0368459
0.450979
0.940098
0.250011
0.237211
0.37181
0.162521
0.206134
0.397643
0.632994
1.72125
0.054008
1.61923
0.127932
0.158402
0.604392
0.0228344
0.908287
0.106471
0.0363552
1.75038
0.493248
0.354234
0.433476
0.0602454
0.0708739
0.100485
0.0112917
0.0488317
0.473196
0.119519
0.0896159
0.115391
0.0309666
0.407738
0.438345
0.439334
0.90113
1.27357
0.0714807
0.402726
1.10232
0.134331
0.36066
0.0613456
0.353751
0.121246
0.0872391
0.211212
0.261387
0.130835
0.188709
0.0174225
0.669393
1.12282
0.0799434
1.0201
0.0396313
0.093219
1.64899
0.582479
0.241204
0.0679844
1.12287
0.292379
0.577117
0.325037
0.0139032
0.366751
0.255153
0.0875553
0.0378412
0.170822
0.252285
0.441887
0.259481
1.16839
0.81002
0.416166
0.142447
0.117377
0.792863
0.413083
0.139513
0.380753
0.304784
0.248166
0.257947
0.380304
0.412004
0.227913
0.124668
1.44151
0.339825
0.0609892
0.244527
0.0979511
0.449256
0.267403
0.59814
2.44729
0.42766
0.736084
0.165581
1.77175
0.221079
0.580413
1.03752
0.0868559
0.145002
0.0652565
0.229984
0.0240388
0.577005
0.473603
0.433724
0.0760196
0.00171122
2.0376
0.559912
0.415914
0.21469
1.12379
0.355433
0.923509
0.00460974
1.12965
0.0102038
0.460655
0.185382
0.632718
0.451336
1.07988
0.335161
1.04546
0.968051
0.934779
0.414139
0.655008
0.00264149
0.843533
0.957096
0.234175
0.989811
0.385197
2.13944
0.291569
0.566936
2.28098
0.276577
0.216838
0.40406
0.743509
0.141329
0.0325823
0.478879
0.147454
1.59299
0.505917
0.973863
0.156299
0.218735
0.300665
0.0830874
0.925082
0.199004
0.00443793
0.583334
1.1107
0.671657
0.591866
0.612907
0.447705
0.0351207
0.420082
0.0689012
0.0277422
0.00513429
0.822388
0.0222537
0.285538
0.086476
0.455449
0.117252
0.259634
0.540765
0.872301
0.540059
0.483247
0.309701
0.364746
1.09481
0.84659
1.74935
0.0210067
0.537724
0.176988
0.025636
0.213435
0.105145
0.77795
0.0210979
1.13232
0.23947
0.0577892
0.31227
0.35595
0.0890387
0.321901
0.190069
0.115748
1.20282
0.322231
0.816073
0.0632519
1.06055
0.313131
1.44223
0.388857
0.0444155
0.26031
0.0300825
1.80672
0.12546
0.0142792
0.00714287
1.06335
0.197457
0.0331575
0.129529
0.362745
0.959221
0.15704
0.265552
0.133107
0.237962
1.04591
0.679366
0.390237
0.21635
0.0305375
0.690087
0.151254
0.38211
0.402549
0.23891
0.267562
0.00927024
0.195767
1.54996
0.0545557
0.654351
0.00671399
0.0397438
1.51562
0.021189
0.0474822
0.893426
0.229239
0.0840665
0.0313288
1.07565
0.00397724
0.200444
0.175284
0.138303
0.617153
0.0945215
2.08868
0.144357
0.370638
0.0224508
3.59058
0.76747
0.431625
0.401699
0.0898013
2.45411
0.422642
0.335085
1.47406
0.560328
0.123083
1.62082
0.693837
0.0931357
0.00119774
0.919234
0.00123415
0.231135
2.72432
0.0326429
0.14639
0.00181366
0.250004
0.398728
0.140696
0.0540364
0.639663
0.130636
0.217868
0.140698
0.159991
0.217281
0.0151273
0.955437
1.17508
0.107959
0.93108
0.322379
0.573761
0.78565
0.0807565
1.15524
0.699437
1.14874
0.0366821
0.704306
0.674361
0.0380103
0.0671458
0.666142
0.0733246
0.238598
0.67305
0.377381
1.32258
2.10035
0.500265
0.526028
0.121
2.11775
1.13193
0.33548
0.206229
1.30085
0.208388
0.138948
0.0639458
0.102587
0.632632
0.811336
1.90202
1.00863
0.607711
0.656233
0.72722
0.743948
0.333119
0.353519
0.939822
0.47341
0.139211
2.06009
2.38422
2.03055
0.360399
1.26607
1.71766
0.0788838
0.42349
0.100892
0.070482
0.314939
0.556626
0.316928
0.249774
0.00620945
0.622542
0.359998
0.110221
0.280988
0.189808
0.0965229
0.176127
0.00973948
1.18436
0.0327322
0.78859
0.249418
0.422293
0.511936
0.0024007
0.839094
0.489824
2.7992
0.79496
0.0743622
1.2433
0.72163
0.167139
0.334813
1.46471
0.268606
1.55549
0.481277
1.08177
0.214345
0.497702
0.454615
0.989832
0.880893
0.013729
0.0978613
0.00191262
0.195768
0.109732
1.20519
0.244981
2.32788
0.180471
1.58048
0.498875
0.183919
0.736806
0.147756
0.181251
0.418464
0.250473
0.124792
0.20084
0.566893
0.617174
0.162434
0.0492544
0.545945
1.1291
1.92912
0.00657126
0.373154
0.429083
1.03948
0.218593
0.462093
0.0270701
0.221558
1.30953
0.143675
0.156114
0.188788
0.137379
0.423343
0.158792
1.02605
1.05572
0.0219745
0.0681305
0.101061
0.470752
0.368474
0.258656
1.41311
0.111331
0.0598731
0.123041
0.173665
0.750904
0.0602946
0.158948
0.781109
0.510116
0.943199
0.547216
2.52867
0.30031
0.632872
0.216627
0.237936
1.71668
0.483515
0.590674
0.116575
0.105951
1.67949
0.0414202
0.0362274
0.00413034
0.115895
0.145776
0.48141
0.651555
0.534685
0.409298
1.31506
0.734034
0.750495
0.125101
0.395824
1.1068
0.340292
0.205665
0.377704
0.209322
0.00125259
0.370978
0.788947
0.637328
1.04142
0.0945205
0.582688
0.341809
1.00266
1.13245
0.579448
0.887782
1.85787
0.705416
0.912675
0.100783
0.00449808
0.305345
1.2088
0.547905
0.00805132
0.912535
0.285784
0.787673
0.0310177
2.01606
0.575622
0.403527
0.19246
0.12036
1.13116
0.194302
0.669241
0.584757
0.0216991
0.474897
0.989272
0.655899
0.0573642
0.649348
0.492854
0.791298
0.407911
0.461265
0.399942
0.252557
0.768645
0.410007
0.960664
0.595202
0.127643
1.01843
0.382531
0.540386
0.543281
0.451743
0.514911
0.212616
0.0804805
1.64071
0.410854
0.022795
0.167332
0.176966
0.662221
0.197925
1.211
0.452896
0.0296398
0.00992171
0.194961
0.576611
0.841561
1.0627
0.169045
0.226928
0.162296
0.0373116
1.29115
0.0700715
0.730096
0.0810863
0.000163713
0.180129
0.831345
0.543766
1.13821
0.301929
0.00468944
0.0235581
0.268693
0.421584
0.0474795
0.602234
1.01146
0.870452
0.0137065
0.754769
0.272723
0.0441956
0.80132
0.679937
0.732624
0.474462
0.488979
0.0287344
1.90087
1.15683
0.0683427
1.16174
0.0161926
1.12959
0.0265811
0.0163617
0.110365
0.990779
0.593962
0.0501397
0.189495
0.609512
0.0762487
0.656845
0.160197
0.132001
0.282221
0.076499
0.0291679
0.30658
1.26825
0.324167
0.391493
0.635577
0.124481
0.186939
0.201984
0.929952
0.229265
0.185534
0.684056
0.342137
0.119174
0.750918
0.248056
0.153157
0.828981
0.444793
0.0673323
0.351215
0.57694
0.291195
0.117293
0.874431
0.094741
0.330087
0.0299052
0.463088
0.490557
0.0609278
0.0321615
0.394789
0.448008
0.464762
0.154253
0.836182
1.24565
0.455392
0.534299
0.167727
1.19187
0.257018
0.758269
0.0638403
0.0987392
0.0941517
0.242019
2.24039
0.71525
0.356371
0.339913
0.294754
1.5094
0.605997
0.158335
0.0660533
0.102673
0.199855
0.650402
0.832323
0.293681
0.780289
0.220577
0.0183403
0.251465
0.486645
0.942641
0.187304
0.1242
0.35132
0.45494
0.0683377
1.18568
0.237373
0.142252
0.0448795
0.398803
0.498917
0.0387235
0.185825
0.0760074
0.419455
0.704893
0.048346
0.157503
0.0138052
0.12162
0.304266
0.220586
1.43768
0.155027
0.807041
0.661358
0.488152
0.906827
0.0689607
0.140824
0.577839
0.291048
0.313131
0.105286
0.0197354
0.449668
0.0507541
0.269492
0.918711
0.100676
1.69443
0.31942
0.148461
0.161936
0.47482
0.870679
0.0165003
0.610872
0.0498735
0.0307753
1.27043
0.400126
0.26928
1.00052
0.850169
0.122528
0.456142
0.290514
0.0279051
0.649558
0.579401
0.672457
0.0922629
0.0821731
1.32478
0.116094
0.682682
0.0130918
0.488901
0.440323
0.116735
0.44594
0.0296522
0.312854
1.00785
0.555393
0.171129
1.14748
0.23579
0.242879
1.59624
0.176331
1.37096
0.235275
0.0883628
0.699045
0.449079
0.71436
0.107593
0.52059
0.334336
1.05908
0.244206
0.533721
0.0158996
0.189692
0.995044
0.748079
0.208942
0.333915
0.224314
0.39901
0.0402229
0.271568
0.00750475
1.44181
0.0470323
0.181729
0.926722
0.313456
0.584788
0.810334
0.719733
0.490488
0.0977492
1.29471
0.237397
0.735395
0.578101
0.423843
0.269971
0.0949344
0.30014
0.813848
0.883179
0.329509
0.0635395
0.589416
0.149643
0.308925
0.0989459
0.483987
0.00536737
0.14842
0.0200069
0.0129537
0.112138
0.0690566
0.200468
0.0226077
0.451638
0.0100037
0.936838
0.221355
0.517626
0.0121551
0.16609
0.0115573
0.790603
1.72044
0.451249
0.118806
0.0759324
0.023434
0.00761266
1.7523
0.375841
0.0721927
0.542803
0.773418
0.452358
0.922088
0.261472
0.465728
0.051948
0.295703
0.499287
0.178042
0.428364
1.6338
0.210641
0.0932923
2.00073
0.105506
0.375301
0.492518
0.12056
0.831843
0.524089
0.00428153
0.75372
0.13977
0.124242
1.25925
0.171002
0.134023
1.10074
0.852102
0.23068
0.401106
0.46464
1.67502
0.250032
0.00623358
0.423077
0.338823
0.307021
0.113157
0.784568
0.017447
0.0898239
0.0728422
0.114395
0.0789979
0.197118
0.659172
0.740789
0.388328
0.391517
0.274216
0.397685
0.19394
0.548328
0.731811
0.137828
1.55803
0.00186934
0.0697954
0.743061
0.233648
0.572773
0.238143
0.206413
0.0392283
0.248218
1.19933
0.419256
0.949043
0.0592193
0.222692
1.07897
0.161571
0.34159
0.0465738
0.27433
0.859619
0.861199
0.108455
0.223813
0.22655
0.480046
1.20088
0.578944
0.166448
0.566672
1.30712
0.136446
0.572502
0.0293775
0.00632818
0.028329
0.67164
0.248372
0.249865
0.842268
0.763456
0.180102
0.240728
0.501114
0.267354
0.676505
0.364259
0.586059
0.134941
0.466105
0.0597103
0.0295184
0.279029
0.183769
0.270801
0.785169
1.29317
0.19847
0.324925
0.116509
0.0028438
0.259305
0.295915
0.581493
0.309683
0.30741
0.678429
0.112026
0.951076
0.0729971
0.00765625
0.501943
0.288397
0.253178
0.154955
0.956841
0.074744
0.765923
0.391266
0.235307
0.247297
0.532568
0.283442
0.851494
1.64682
0.951548
0.470659
1.09279
0.0983238
0.0459275
0.0501575
0.101788
0.339045
0.390589
1.02646
1.54096
0.000698255
0.476181
0.0841239
0.955774
0.693164
0.0931958
0.332471
0.10432
0.418929
0.697533
0.0208155
0.612454
0.383986
0.43797
0.0425594
1.30339
0.136462
0.361089
0.681464
0.112655
0.227223
0.21846
0.0467804
0.392324
0.291464
0.102139
0.650814
1.36022
0.648955
0.457585
1.09589
0.651517
0.120223
0.0220484
0.434277
1.6584
0.119884
0.0342135
0.0824631
0.758324
0.852759
0.107104
0.333515
0.218764
0.748836
0.420088
0.164667
0.00765768
0.0431452
0.0124986
0.122266
0.296988
0.237941
0.182819
2.38932
0.858519
0.337665
0.635598
0.702344
0.122892
0.192137
0.514785
1.46127
0.380476
0.579146
0.373955
0.343096
1.14715
0.449206
0.522849
0.569283
0.264754
0.920601
0.0910553
0.725096
0.480805
0.663743
0.0235836
0.50109
0.850582
0.0366938
0.948064
0.154216
0.298394
0.0848594
0.148526
0.157236
0.520799
1.87534
0.0123421
1.00131
0.175172
0.550139
0.833593
0.881098
0.217858
0.206145
0.196404
0.145422
1.33431
1.81334
1.34478
0.209091
0.843076
0.0518919
0.0567142
0.283251
0.89619
0.0832067
0.033826
0.526293
0.126842
1.23412
1.24066
0.559642
0.0370189
0.0951939
1.4351
0.633763
0.0811771
1.71625
0.437925
0.294767
0.503813
0.251027
0.159928
2.21622
0.659471
0.456384
0.137535
0.544183
0.424298
0.0947157
0.00250158
0.244494
0.158144
0.0595171
0.855309
0.0552352
0.154301
1.07994
0.704378
0.33627
0.804534
0.557249
0.0890111
1.02509
0.933075
0.056242
0.445509
2.66353
0.038485
0.0951288
0.290406
0.617212
0.419628
0.62641
0.597196
0.17873
0.187631
1.38705
1.65912
1.08087
0.0583593
1.73325
0.158472
0.240079
0.0422327
0.0476363
0.332671
0.212724
1.85526
0.138177
0.904289
0.746853
1.22309
3.55866
0.52029
0.710768
0.0557884
0.134929
0.700803
0.099018
0.263618
0.108056
1.09757
1.90236
1.19656
0.440666
0.163062
0.125223
0.3705
0.138581
0.056261
0.501916
0.118394
0.237449
0.00747685
0.172541
0.316427
0.347319
0.508555
0.293909
0.677785
0.321678
0.124181
0.53294
0.320907
1.00748
0.267416
0.432847
0.0544532
0.0919801
0.711272
0.359696
0.225011
0.521434
0.337346
0.15807
0.132847
0.732606
0.339217
0.70671
0.00554995
0.456911
0.247327
0.125437
1.88749
0.259647
0.360484
0.295285
1.18119
0.0824842
1.10569
0.522068
0.49249
0.0584763
0.180901
0.0528007
1.88713
0.63259
0.56887
0.0418166
1.08509
0.288445
0.449697
0.142661
0.0449157
0.0437986
0.366225
0.192274
0.958121
0.00596525
0.0394846
0.997107
0.471922
0.313819
0.0448309
0.443285
1.02478
0.457493
0.0172553
0.750323
0.696272
1.29096
0.276708
0.237497
0.0176812
0.652076
0.325358
0.00593011
0.295665
0.0858601
0.0482673
0.201922
0.453347
0.577917
0.434323
0.572942
0.732832
0.052542
0.000649904
0.48632
0.0591726
0.040188
0.332567
0.640934
0.391952
0.423797
0.185833
0.267721
0.0937877
0.211054
0.106351
1.27933
0.156472
0.479366
0.178839
0.18081
0.211727
0.754864
0.189346
0.784215
1.38085
0.261504
0.0661262
0.380668
0.0485144
0.609308
0.121046
0.988606
0.815106
0.121874
0.330303
1.23682
0.173748
1.74105
0.508338
0.906772
0.389149
1.48425
0.144851
0.62213
0.173332
0.2927
0.503158
0.412386
0.0307983
1.36776
1.00168
0.259561
0.626178
0.0994463
0.109442
0.52632
0.442914
0.193173
0.101635
0.569869
0.0125696
0.254545
0.390053
0.882864
0.47761
0.0127125
0.682581
1.19744
2.5891
0.241334
0.684703
0.383047
0.201348
2.94911
0.141859
0.48967
0.290242
1.06624
0.102963
0.346684
0.848035
0.0262917
1.17729
0.378327
0.131714
0.0535987
0.100294
0.855221
0.274192
0.227612
0.345885
0.296147
0.723345
0.0209082
0.161399
0.238957
0.0341708
0.0103773
0.17036
0.0311614
0.258259
0.017546
0.452669
0.663805
0.0161269
0.924532
0.222621
0.319435
0.643811
0.394209
1.79175
0.388994
0.45399
1.04896
0.0370587
0.880853
1.93021
0.145971
0.521299
0.256295
0.482324
0.0793654
0.941937
0.241877
0.10396
0.0661263
0.720817
0.146372
0.0779884
0.0268062
0.18859
0.396845
0.0453367
1.20288
0.166142
0.0630216
0.698007
0.513677
0.446452
0.323601
0.10381
0.413633
0.00865567
0.766575
0.28995
0.0463865
0.473883
0.271491
0.209114
0.150456
0.857521
1.61789
0.260969
0.551376
0.210954
0.451143
0.784926
0.0569565
0.942417
1.37714
0.0870963
0.0885792
0.330991
0.141546
0.0374454
0.728119
0.227043
0.870267
0.262915
1.55621
0.179099
0.453689
0.365179
0.191529
0.239474
1.58874
0.261134
2.47799
0.236842
0.690385
0.145722
0.109912
0.617707
0.538591
1.00266
0.0274874
0.146384
0.535461
0.0878649
0.053765
0.450273
0.193582
0.153469
0.0405097
0.419166
0.205082
0.931238
1.34812
0.0877911
0.146279
1.09484
0.310038
0.948784
0.260701
0.7578
0.131093
0.226767
0.103605
0.126538
0.677238
1.37261
0.32352
1.40055
0.517891
0.0730058
0.816457
0.599562
0.246867
0.3099
0.981977
0.338251
0.0286029
0.0996632
0.70511
0.071603
0.689732
0.0484587
1.91147
0.571013
0.146113
0.131843
0.42068
0.628506
0.0426981
1.84823
0.342411
0.187335
0.207614
0.574381
0.384016
0.0426306
0.482132
0.00627961
0.010604
0.153118
0.0802798
0.873274
1.63944
0.386084
0.169539
0.86306
0.0150221
0.210167
0.00137393
0.769741
0.323702
0.695213
1.05136
0.303241
0.282693
0.0703658
0.580008
0.000367918
0.937922
0.731308
1.86328
0.209727
0.0421551
0.189705
0.0129491
0.479766
0.253302
0.516837
0.496328
0.271026
1.19347
0.751958
0.139905
1.02172
0.189703
0.379264
0.589551
0.211811
1.03899
0.594032
0.0701125
0.216481
0.295494
0.00437628
0.820334
1.05219
0.0754067
0.339295
1.05522
2.16249
0.151255
0.964611
0.199762
0.209193
0.09345
0.219196
1.59491
0.41959
3.58388
0.443644
2.14819
1.18929
0.227831
0.130977
0.751946
0.572386
0.71795
0.31761
0.0137024
0.506562
0.0903836
0.0859104
2.22545
0.472847
0.0911114
0.791109
0.336348
0.183057
0.169242
0.229816
0.173605
0.397244
0.126301
0.487362
1.104
0.250187
1.90003
0.944908
1.63025
1.88309
0.287353
1.47838
1.07785
0.812533
0.098292
0.542228
0.331604
1.41145
0.0708369
0.358553
0.430763
0.176531
0.553888
0.417143
1.19876
0.904833
0.223375
0.254352
0.0770814
0.521275
0.728808
0.286537
0.10885
2.32464
0.0303602
0.0448056
0.242357
0.0186144
1.36372
0.212139
0.00674735
0.232403
0.173908
1.13935
0.0960919
0.319556
0.409918
0.538889
0.2662
0.588166
0.0940609
2.31726
2.25757
0.920034
0.406083
1.14195
0.565802
1.24086
0.176086
0.858378
0.414881
0.0330963
0.148235
0.712477
0.0280106
0.189516
0.932791
0.288668
0.216948
0.756627
0.767087
0.227399
0.0821728
0.0406798
0.152588
0.197556
0.399673
0.864399
2.13597
1.6509
0.36087
0.0857095
1.53385
0.349736
3.3323
0.356243
0.256469
0.563829
0.277544
0.598841
0.343147
2.2939
0.718071
0.699434
0.691759
0.848144
0.0355329
0.451316
0.14735
0.272898
0.234447
0.0202088
0.770992
0.373124
0.0626397
0.0251469
0.95613
0.551501
1.02612
0.911004
0.498899
0.243592
2.74
0.439476
1.09821
2.60657
0.0495562
0.171291
0.555491
0.367336
2.21864
0.0915566
0.35684
0.693804
1.26568
0.150193
0.418469
2.25716
0.961958
0.863578
0.263536
0.129562
0.989608
0.108899
0.701477
1.94543
0.140362
0.46619
0.521635
0.0618272
0.294108
0.163564
0.348539
0.290368
0.996783
0.247772
0.285526
1.58684
0.571008
0.055932
0.325511
0.552814
0.159525
2.23924
0.271783
0.107594
0.142587
2.14485
0.100849
0.0538385
0.826438
0.448645
0.200504
0.554823
0.775678
0.0441344
0.524763
0.0166761
0.586996
0.176623
0.0807403
0.0728326
0.429724
0.526454
0.42909
0.290263
0.0213694
0.00559939
0.254202
0.641262
0.0621983
1.04792
0.248511
0.247255
1.00377
0.832969
0.438223
0.0604057
0.797959
0.72707
0.121597
0.465422
0.222149
0.395089
0.161553
0.0793605
0.498102
1.30184
0.0989619
0.194002
0.126541
0.199258
0.305455
0.805218
1.95012
0.0168873
0.13761
0.0109191
0.0226802
0.509634
0.681807
0.0879614
0.363015
0.0730485
0.400865
0.240517
1.46791
0.0726217
0.342248
0.68166
1.15929
0.621594
0.215368
0.150764
0.14905
0.491847
0.261347
1.09684
0.401562
0.441726
0.117915
0.747314
1.23451
0.55015
0.428855
1.12735
0.602719
0.847669
1.24263
0.682827
0.304039
0.54082
1.18278
1.78382
0.796996
0.305831
0.218195
0.680897
0.449152
0.946199
0.334705
0.340933
0.411431
0.909953
0.702516
0.853524
0.31184
0.0882013
0.613952
0.0081179
0.68989
1.24554
0.784563
0.544872
0.439025
0.229149
0.409119
0.167629
0.101734
0.322643
0.0150407
0.510419
0.073351
1.37239
0.472711
1.35404
0.249851
1.67791
0.565261
2.13538
0.842106
0.0902364
0.327306
0.235191
0.00154423
0.133937
0.107734
0.314725
0.252684
1.15596
0.330069
0.0783751
0.852173
0.160787
0.827166
0.257514
0.514497
0.229095
0.581357
0.876471
0.925946
0.631149
0.314095
1.94388
0.528832
0.040566
1.22003
0.0235578
0.0220006
0.445774
0.0162882
0.974054
0.703461
0.359138
0.132434
0.709797
0.687982
0.278023
0.127642
0.0778127
0.198345
0.616398
0.170684
0.0786583
2.05271
0.0515609
0.397128
0.491951
0.313263
0.134231
0.30155
0.184529
1.52291
1.2587
0.169926
0.464659
2.94961
0.112177
0.526628
0.0205702
0.782585
0.574823
1.14023
0.394886
0.108866
0.0698925
0.181375
1.4329
0.407074
0.377025
0.04561
1.07899
0.135948
0.236112
0.0152335
0.125246
0.321578
0.431482
0.941061
1.40607
0.83976
0.178781
0.142868
0.726173
0.124199
0.38465
0.231936
0.122445
0.669001
0.0113049
0.148876
0.376001
0.61142
0.0843731
0.0387807
1.15766
0.168248
0.238107
0.930005
0.924847
1.19522
1.34055
0.649428
0.0791918
0.184011
0.707684
0.229481
0.762243
0.204175
0.121542
0.640411
0.0805484
0.363263
1.7656
1.2312
0.666594
0.354022
0.168384
1.53494
0.140534
0.184289
0.11855
0.74273
0.00699339
0.228141
0.9427
1.23347
0.527915
0.128803
0.712486
0.341411
0.072809
0.587202
0.125493
0.165636
3.404
1.93474
0.524983
0.759712
0.188719
1.00438
0.349938
0.311042
0.240842
0.321306
0.237363
0.0631345
1.99434
0.54513
0.0374671
0.128414
1.79051
0.166537
5.07252e-05
2.13587
0.524408
0.943035
1.15732
0.179585
0.0392154
0.54041
0.79618
0.11846
0.216685
0.0093479
0.339559
0.215834
3.02727
0.0771506
0.0706301
0.18701
0.00443478
0.504052
0.7463
0.248041
0.0578025
0.0831202
0.35638
0.0475119
0.849212
0.436025
0.190739
0.778378
1.00194
0.190813
0.746325
0.361635
0.0905109
0.564157
0.847991
0.137888
0.205569
0.474841
0.300706
0.583634
0.499372
1.44929
0.0200768
0.496196
0.0459946
0.0938248
1.41807
0.0508587
0.820425
0.63038
0.334524
1.23466
1.01903
2.99858
0.00301224
0.580372
0.433061
0.195156
0.323063
0.294042
0.511387
0.14461
1.60257
0.819915
1.31259
0.748117
0.0240722
0.153723
0.246463
0.345541
1.53374
0.010521
0.293372
2.46822
0.525102
0.379377
0.0895124
0.44761
0.495057
1.75494
0.184116
0.0618014
1.0834
0.0978626
0.060397
1.11033
0.999424
0.590786
0.120793
0.208089
0.0741418
0.965588
0.447741
0.0511605
0.540891
0.366113
1.03292
0.615523
0.765871
0.152212
0.115953
0.668376
0.166531
0.52612
0.654894
1.35458
0.100811
1.12233
0.372104
0.833166
0.998054
0.894679
1.31092
0.692336
0.00537603
0.0209915
0.512297
1.04053
0.662727
0.967847
0.121444
1.02837
0.620143
0.823128
1.74323
0.232375
0.197554
0.924734
0.0415391
0.0583982
0.0555392
0.168927
0.940415
0.245843
1.38666
0.430971
0.194166
0.0639972
0.319042
0.937689
1.3383
0.204611
0.569148
0.977846
0.0446493
0.586124
1.14953
0.6482
0.416818
0.502513
0.43633
0.759739
0.352707
0.173263
0.443856
0.322643
0.546167
1.23135
0.191485
0.681852
0.0126743
0.275215
0.0157395
1.03008
0.834869
1.72944
0.299124
0.0716564
0.0464287
1.27502
1.96154
0.0100399
0.149038
0.539192
1.05356
0.210175
0.215534
0.752674
0.0361069
1.2368
0.265535
0.527531
0.596834
1.25126
1.44739
0.167943
0.250114
0.469851
0.111629
0.622006
0.218125
0.127525
0.0725546
0.242686
0.0513979
1.46662
0.217756
0.396942
0.0418499
0.291469
0.317285
0.0312104
0.309598
0.650226
0.63714
0.207785
0.0367017
0.036583
0.0628362
0.0756686
2.14417
0.37764
0.785761
0.574687
0.297323
0.667724
1.72826
0.922106
0.212489
0.092294
0.403297
0.601585
0.25017
0.583494
0.0440286
0.338012
0.504577
0.287556
0.0200354
0.628977
1.05641
0.355772
0.748675
0.208308
0.135056
0.34323
0.570909
0.183709
0.418739
0.801872
0.297033
0.403126
0.199478
0.137346
0.13501
0.750789
1.88948
0.114768
0.482572
0.195315
0.233923
0.0947917
0.0116999
0.729058
0.988056
0.0568193
0.149668
0.343449
0.393485
0.176889
0.119529
0.27572
0.822749
2.25078
0.723248
0.0223887
0.332332
0.294725
0.216369
0.0270976
0.140006
0.802703
0.465987
0.425726
0.0200911
0.92531
0.21572
0.00833869
0.0245727
1.74499
0.207688
0.273751
0.0766893
0.225521
0.104703
0.00179726
0.317869
0.296763
0.347027
0.00767566
0.684409
0.624283
0.289119
0.402236
0.605318
0.113903
0.453747
0.103848
0.523611
1.47572
0.137415
1.11894
0.68704
0.937103
0.314167
0.771622
0.584598
0.848991
0.811902
0.668449
0.771933
0.077019
0.0865511
1.32002
0.352404
0.213765
1.34581
1.87014
0.793607
0.283418
2.38307
0.38946
0.0787756
0.281587
0.0492337
0.941146
0.503002
0.58598
0.017972
0.166627
0.508023
0.161209
0.0972332
0.242989
0.0651273
0.515355
0.0938988
0.83436
0.308272
1.82618
0.397981
0.141606
0.0621192
0.61516
0.0963562
0.487261
0.0286466
0.05687
0.456748
0.952537
0.388474
0.446247
0.249026
0.579117
0.0105957
0.332826
0.381483
0.532527
0.0969758
0.420852
1.39601
0.841754
0.930971
0.0613258
0.111061
1.70196
0.710805
0.231336
0.753146
0.123506
0.211156
0.198096
0.313219
0.3093
0.0177736
0.511923
0.0438307
0.0474882
0.689757
0.574126
1.42188
0.170184
0.159536
0.203294
1.83359
0.174173
0.857795
0.354812
1.49225
2.81968
0.0401688
1.09524
0.832273
1.2744
0.00178617
0.00497798
1.09723
0.718248
0.239266
0.549584
1.98453
0.645088
2.5558
0.295853
0.102946
0.0146611
0.0457322
0.157361
0.0636339
0.903047
1.52687
0.0316277
0.0663072
0.128088
0.251575
0.0519302
0.367129
0.121367
0.466743
0.317037
0.119106
0.57603
0.221359
0.0114747
0.465498
0.224143
0.0165689
0.341026
0.0659197
0.266282
0.0879351
0.0552576
0.0740643
0.0843553
0.400639
0.195603
0.101758
0.508955
0.450415
0.180948
0.321566
0.395474
0.227019
0.45634
0.740476
0.714223
0.597345
0.173162
1.8615
0.181218
0.718354
0.104006
2.21293
0.0639183
0.118172
0.450548
0.328196
0.139253
0.0462204
0.46418
0.533539
0.143554
0.617949
0.789133
0.259443
0.151006
0.0624566
0.444532
1.14791
0.621
1.11562
0.233945
0.149054
0.148898
1.79191
0.015414
0.00901346
0.553472
0.195097
2.53391
1.81444
0.0446156
0.100145
1.62842
0.114939
0.248788
0.405251
0.580216
0.504043
0.515938
0.172266
0.172
1.11855
0.000437531
0.0442727
0.176946
0.151598
0.112927
1.09022
0.0876929
1.22299
0.756188
0.382369
0.0938507
0.0189346
0.353395
0.112507
0.0282993
0.0969182
0.371768
0.0249789
0.0810604
0.470723
0.130836
0.0589143
0.844525
0.486741
0.549082
0.348532
0.148744
0.185662
0.788493
0.397468
0.113709
0.790614
0.501371
0.348037
0.0287209
0.901794
0.245896
0.122113
0.690458
0.0920125
0.695622
1.26155
0.114861
0.149209
0.0646475
0.150737
0.284772
0.519025
0.18481
0.438388
0.147717
0.387439
0.59377
0.0368754
0.0880556
0.224353
0.425546
0.271325
0.556953
0.228212
1.70841
1.04027
0.0876127
0.458535
0.236283
0.122027
0.286
0.724233
0.283914
0.101828
1.35269
0.101964
0.0549332
0.0744826
0.292136
0.12766
0.254309
1.04659
1.0247
0.614948
0.308632
0.0678977
0.14179
0.0845713
0.11037
0.262456
0.364033
0.737294
0.877771
0.104672
0.0740074
0.790838
0.0330816
0.177135
0.251
0.290464
0.361668
0.88682
0.115141
1.47936
0.00732446
0.0747408
0.071124
0.0631152
0.162344
0.42793
0.210736
0.563383
0.300545
0.121104
0.241927
1.21731
0.20934
0.497822
0.0352008
0.388439
0.0198422
0.439905
0.186466
1.00531
0.74366
0.297892
0.540087
0.910216
0.687546
0.028362
0.163326
0.151941
1.08329
0.33117
0.117967
1.15116
0.488023
0.209854
0.00936786
1.15354
1.24956
0.225086
0.429447
0.230724
0.430886
1.60902
0.165642
1.26082
0.446386
0.215376
0.307939
0.496301
1.36759
0.737282
0.342076
0.617457
0.124225
0.0847695
0.396135
1.70827
0.118552
0.87392
0.130181
0.0507518
0.185682
0.289369
2.82681
1.35459
0.761987
0.00758549
0.897456
0.601984
0.237036
0.264009
0.0360855
1.55193
0.231172
0.216645
1.03891
1.61795
0.604671
0.203707
0.445877
0.506296
0.0558862
0.044714
0.21222
0.197072
0.138201
1.11769
0.173304
0.301273
0.634521
0.369224
0.398261
0.014769
1.62906
0.39439
1.64191
0.680693
0.411238
0.795733
0.293218
1.39188
0.115714
0.360076
1.11896
0.429948
1.00105
0.730761
0.385521
0.417995
0.0542091
0.0682148
0.113625
0.116913
0.119813
0.398303
0.382046
0.303091
0.291871
0.877698
1.18841
0.0878269
0.214858
0.304641
0.105483
0.186145
0.000930869
0.0828578
0.0280419
0.413359
1.48881
0.34481
0.347286
0.0846153
0.00581096
0.250463
0.65928
1.04577
0.088457
0.15732
0.292647
0.153872
0.253318
0.519705
0.320653
0.471521
0.108755
0.00383417
0.0336735
0.507604
0.900299
1.79285
0.801639
0.101735
0.279782
2.25321
0.34155
0.281412
0.0763862
0.398689
2.47521
0.0475734
0.0244506
0.340245
0.141478
0.0305545
1.09312
1.92986
1.37274
0.025547
0.143091
0.238084
0.188954
0.519731
0.0127499
0.775826
0.148472
0.124652
0.794184
0.194336
0.977129
0.497858
0.174301
0.535151
0.842748
0.641632
0.51931
0.185241
0.0831872
0.774952
0.979819
0.0790235
1.05389
1.18659
0.510578
0.0667307
1.69209
0.374842
0.054832
1.16077
0.43054
0.217503
0.164751
1.11282
3.50342
0.182566
0.569879
0.147863
0.373857
0.322984
0.431436
0.242972
0.0562408
1.02934
0.0214422
1.26937
0.452238
0.582432
0.131093
0.69019
0.322909
0.0470032
1.12551
0.218678
2.83298
0.382353
0.326193
1.64348
0.0320098
0.43741
0.999428
0.509866
1.37289
0.07846
0.378906
1.36589
0.29994
0.118756
0.105919
1.90103
0.581189
0.732574
0.225146
0.789077
0.512682
0.259208
0.627068
0.134974
0.0485701
1.45304
2.10312
0.420056
0.0178309
1.05932
1.27937
0.0160404
0.267503
0.256911
2.57532
0.323464
2.09514
0.978485
0.0614545
1.26701
0.00197475
0.520595
0.967433
0.303544
0.9773
0.0237875
0.283468
0.394429
0.844829
0.7931
0.207214
0.305094
0.111468
0.0277348
0.590995
0.172942
3.61099
0.56727
0.985719
0.0174526
0.408488
0.764714
0.0340723
1.79804
0.102367
0.0309797
0.297935
0.0931609
1.25538
0.415714
0.0475145
1.28026
0.118836
1.46133
0.237246
0.0362408
2.45793
0.831785
0.477976
0.825359
0.465495
1.54872
0.153833
0.819101
0.00441672
1.58709
0.0516128
0.00404844
0.506127
1.5949
0.0216455
0.108355
0.677709
0.0572802
0.0916041
1.31068
0.0921543
0.478976
0.0511769
0.0455722
0.0997714
0.104092
0.00494896
0.249147
0.0720234
0.245224
0.310274
0.0678088
0.11044
0.0405532
1.366
0.81488
0.0166438
0.111416
0.470413
0.0212107
0.0859415
0.615108
0.0254353
0.791212
0.549192
0.0482366
2.27155
0.262759
0.111702
0.0852548
0.204773
0.229851
0.741594
0.283996
0.304075
1.53936
0.48548
0.313204
0.212641
0.704134
0.959138
0.827127
1.06963
0.0263455
1.08872
0.849595
0.96672
1.25919
0.00853206
0.312786
1.62138
0.09609
0.0948637
0.00529904
1.74281
0.914439
0.0540754
1.59375
0.142614
0.180281
0.0613606
0.438782
0.55622
1.09721
0.00884939
0.067845
0.924352
0.509195
0.448708
0.104728
0.25065
0.294861
3.04603
0.161837
0.343429
1.07885
0.049183
0.217083
0.814357
0.0586053
0.849792
0.723579
0.168047
2.30539
0.746504
0.147057
0.884399
1.0511
0.120103
0.040399
0.0995472
0.199511
0.542097
0.9545
0.122695
0.568732
1.92354
0.0310226
0.191504
0.423192
0.143264
0.623179
0.00834692
0.14176
2.2533
0.360157
0.0703681
0.0431314
1.00345
1.36745
0.10737
0.57417
0.601757
0.325708
0.558734
0.322337
0.661194
0.348935
0.217688
1.46907
0.433721
0.381255
0.161523
0.138405
0.243292
0.340274
1.27023
0.226228
0.403517
0.136799
1.36647
0.812158
1.51632
1.51338
0.0255552
1.41321
0.312677
0.0999014
0.0118506
0.200631
0.0617666
0.122102
0.006726
0.8466
0.59432
0.579587
0.172116
0.280066
0.104503
0.516714
0.235725
0.731773
0.0978374
0.527723
0.00522049
0.413908
0.0786916
1.34087
1.30819
0.60106
0.0937181
0.989909
0.348976
0.06547
0.839483
0.40173
0.0328057
0.163115
0.660874
0.0454702
0.469378
0.947025
0.180915
0.486759
0.547722
3.43626
0.184448
1.57148
0.27916
0.343695
0.459471
0.814141
0.154418
0.754298
0.304124
0.161541
0.209106
0.459798
0.116371
0.156473
0.178883
0.237858
0.0699852
0.812683
0.347865
1.44164
0.21955
0.415969
0.125778
0.0464497
0.527378
0.889807
1.39236
1.55414
0.302152
0.462997
1.54268
0.717843
0.411294
0.240728
0.149986
0.0882292
0.102806
0.372074
1.41128
0.512979
0.807092
0.165868
0.139108
0.00431311
0.400404
0.392226
0.244817
0.572302
0.212929
1.09659
0.491348
0.605625
0.301867
0.942298
0.782447
0.0554417
0.568791
0.653083
0.0310862
0.0713301
0.202487
0.00733637
1.12689
1.12081
0.252656
0.0837132
0.0285389
0.436776
0.568191
2.76393
0.126854
0.326933
0.163107
0.314569
0.335261
0.884166
0.00531775
1.04256
0.35773
0.221093
0.722272
0.0735149
0.030696
0.122554
2.09459
0.950013
0.194553
0.545691
0.433249
0.241132
0.797766
1.21854
0.25307
0.58915
0.820718
0.789612
0.936571
0.989446
0.236122
0.372622
0.975272
0.458746
0.00268264
0.0731792
0.0349048
0.340519
1.6839
0.0406093
0.230714
0.323673
0.2858
0.0717984
0.475051
0.341523
0.216272
0.455826
0.211834
0.559633
0.152169
1.29472
0.028866
0.0307182
0.90861
0.301909
0.696732
0.516161
0.141941
0.455833
0.352204
0.488476
0.065925
0.225809
0.126816
0.0689869
0.346128
0.172269
0.487473
0.312827
0.230589
2.44007
1.4207
0.816962
0.0674331
0.40479
0.178167
0.324384
0.0830833
0.517988
0.0817252
0.268485
0.422053
0.115896
0.322245
0.261771
0.539652
0.128645
0.0263855
1.18926
0.871489
0.407095
0.378422
1.48337
1.2654
0.703
0.0402838
0.272328
0.0237188
0.602312
1.08162
0.268747
0.589801
0.876376
0.124633
0.853984
0.240357
0.36739
0.175543
0.382594
0.0904667
0.296079
1.50024
0.665084
0.530307
0.276959
0.0772455
0.188384
0.52801
0.108178
0.125024
0.324244
0.696264
0.697347
0.277296
0.557307
0.353592
0.349684
0.0482095
0.402933
0.113636
1.88535
1.73833
1.13118
0.813974
0.105186
0.627039
0.102484
0.619119
0.00539795
0.636626
1.04218
0.305881
0.554811
0.472322
0.059033
0.0502543
0.701884
0.276942
0.688737
1.48681
0.519969
0.127413
0.602713
0.25426
0.525829
0.232921
1.18002
0.0834658
0.3121
0.30706
0.220835
0.291048
0.279284
0.1458
0.140481
0.480761
1.7147
0.281295
0.198596
1.91595
0.0814647
0.113707
0.286295
0.85925
0.842597
0.396263
1.24019
0.420733
1.79837
0.545431
0.364703
0.482623
1.09921
0.123104
0.00894214
0.387899
0.446572
1.28399
0.591116
0.0282552
0.24079
0.0258805
0.342806
0.830803
0.180755
0.675773
0.279182
0.158021
0.0940264
0.704578
0.143376
0.19414
1.59783
0.577972
0.0768338
0.74284
0.132335
0.0302631
0.209711
0.114787
0.641515
0.984408
0.869313
0.47315
0.0409402
0.922464
0.0821364
0.553198
0.724666
0.931829
0.64403
0.0797711
1.12852
0.124495
1.58068
0.110771
1.62949
0.243463
0.317145
0.071359
0.0760735
0.634683
0.303282
0.0527904
0.258951
0.454685
1.03514
0.50636
0.533489
0.121943
0.922257
0.238016
0.0399555
0.548511
2.3326
0.0844574
0.354739
0.0766176
0.870544
0.159671
2.17017
0.397994
0.273087
1.06984
0.733269
0.237786
0.0422482
0.656243
0.721872
0.400047
0.997003
1.17744
0.157152
0.191825
0.00265398
0.560327
1.23759
1.05658
0.186042
0.424089
0.0502237
0.0827923
1.50352
0.0945938
0.853906
1.41634
0.198591
0.197884
0.0434423
0.0827076
0.458407
0.0363848
0.604197
0.0106363
1.52344
0.318006
0.255011
0.0170463
0.112479
0.0892499
0.438813
0.0337654
0.0355179
0.96185
0.242198
0.0383678
0.375248
0.178183
1.5289
0.911848
1.02626
0.0248979
2.36502
0.863413
0.124837
0.830133
0.720475
0.397848
0.0735249
0.937073
0.603976
0.667722
1.24265
0.257513
0.709422
1.01701
1.03224
0.0857055
1.16503
0.0387457
0.193567
0.333682
0.0753336
0.246797
0.208421
0.370956
0.311286
1.0153
0.867448
0.269309
0.61433
0.594002
0.312766
0.599475
0.364204
0.57913
0.355046
0.164683
0.133744
0.51803
0.0679866
1.37359
0.240721
0.0224114
0.206552
0.0754784
1.22107
0.118825
0.176655
0.84569
0.168497
0.482006
0.180253
0.277521
0.00412313
0.515783
1.49537
0.318998
0.359022
0.742133
1.09506
0.123981
0.316028
0.217796
1.25112
2.12814
0.0199355
0.277999
0.154926
0.159956
0.0371732
0.25009
0.117658
0.302347
0.287604
0.397132
0.450545
0.215728
0.712741
1.11056
0.090864
0.0233854
0.356832
0.316353
0.318995
0.365286
0.0596167
0.273569
2.30338
0.490007
0.108287
1.05233
0.929925
0.544177
0.131482
0.71859
0.523562
0.157573
0.104684
1.2355
0.392746
0.150926
0.184864
0.700774
0.626427
0.686176
0.179675
0.184219
0.0509759
0.0317246
0.111383
0.152651
0.0566807
0.618683
0.658285
0.432345
0.129527
0.93006
0.000107253
0.1231
0.316534
0.10842
0.0506548
0.187961
0.976569
0.198434
0.039385
0.353853
0.455521
0.153705
0.274719
0.0765757
0.372435
0.658019
1.13065
0.1369
0.325326
0.110109
0.396706
0.428093
0.149967
0.687973
0.911067
0.228094
0.305555
0.422295
1.45134
0.578339
0.26774
1.4533
1.17017
1.07559
0.0755745
2.61494e-05
0.109698
3.23538
0.198473
0.159238
0.352284
1.29865
0.385441
1.31836
0.0349565
0.032322
0.539711
1.65262
0.17985
0.0745414
0.0877515
0.947945
0.625398
0.272449
0.454676
0.401529
0.771835
0.0280033
0.0652305
0.657505
0.673418
0.384929
0.564845
0.515912
0.272858
0.849536
0.515985
0.480605
0.845321
1.77588
1.10507
0.193771
1.13579
0.279054
0.143629
1.66737
0.336974
1.20336
1.31337
0.786124
0.0248009
0.0464146
0.513943
0.717984
0.355401
0.136858
0.188554
0.174888
0.174013
0.286765
0.0135222
0.0172221
1.81321
0.607936
0.565828
0.250407
0.36771
0.193712
0.00579991
0.204958
0.173025
1.16061
0.535846
0.104974
0.199907
1.18894
0.08347
0.85702
0.849523
0.0424715
0.473743
1.00322
0.0932167
0.146866
0.493959
0.567901
0.340585
1.42199
1.82463
0.775338
0.237628
0.000335866
0.862293
0.216672
0.60907
0.345829
0.684474
0.127392
0.858656
0.707673
0.411867
0.0599409
0.537944
0.12345
0.180018
2.23536
0.0673572
0.304493
0.826237
1.4339
0.385591
0.272976
0.826984
0.61485
0.562324
0.286669
0.244251
0.0926887
0.237541
0.223491
1.5745
0.706196
0.224016
0.754475
0.0572023
0.0337842
0.162943
0.961145
0.171423
0.0518832
0.471942
0.953457
0.118836
0.157281
0.0364164
0.360658
0.149508
0.109251
1.75304
0.0346091
0.0750947
0.35415
0.334312
1.47985
0.121124
0.0888585
0.24268
0.460142
0.201756
0.719196
1.63559
0.170636
0.36608
0.195156
0.0352073
0.493402
0.245913
0.212404
0.327889
0.567756
0.294096
0.0481722
0.377729
0.533859
0.224505
0.458706
0.0932223
0.484046
0.796602
0.0754586
0.580888
1.37586
0.521494
0.0959782
1.07858
0.992934
0.205851
0.156584
0.312121
0.553586
0.0160363
0.277886
1.59275
0.400026
0.692199
0.0134982
0.0979642
0.0742593
0.233197
0.537777
0.848476
0.850255
0.69463
0.213061
0.320864
0.0596625
1.47263
0.51601
0.659642
0.68156
0.765762
0.272143
0.570219
0.282284
0.451195
0.415824
0.174164
1.34323
0.896503
0.710372
0.459882
1.00163
0.102183
0.410524
0.268755
1.3618
0.441748
0.450367
0.0375653
1.60206
0.145591
1.09973
0.749876
0.00168274
0.134659
0.144129
0.0615589
0.101371
1.12284
0.943631
1.31312
0.566508
0.156163
0.46821
0.057893
0.992643
0.0947577
0.258311
0.791245
0.00310008
0.0883285
0.252028
1.02508
0.212912
1.56125
0.169197
0.165038
0.391118
1.06353
0.218098
0.348601
0.071608
0.138961
0.163445
0.0735503
0.325758
0.376735
0.1456
0.542734
0.275316
0.0533181
0.445686
0.0534336
0.230546
0.110248
0.118298
0.132024
0.23143
0.476162
0.0134806
0.236363
0.748254
0.274545
0.1425
0.0655433
0.237792
0.382934
0.258748
1.26976
0.268828
0.708371
0.27506
0.398495
7.10487e-05
0.605258
0.579356
0.325894
0.131479
1.39634
0.0760764
0.531586
0.0203539
0.656615
0.705286
0.26322
1.32204
1.70088
0.512717
0.177943
0.434753
0.55125
0.563733
0.220752
0.0474219
1.28938
0.326761
0.316462
0.307355
1.07613
0.247197
1.04007
0.5126
0.8388
0.276174
0.512798
0.361942
0.0585549
0.0640896
0.68592
0.0252549
0.151531
0.256248
0.0466861
2.44624
0.085393
0.345017
1.27186
0.066014
0.0752953
0.124791
0.609586
0.824506
1.13661
0.0317129
1.14259
0.86061
0.38962
0.228807
0.164498
0.276713
0.707898
0.0844702
0.0342996
0.422504
0.433564
0.615016
0.0447327
0.586166
0.880192
0.891719
0.67279
0.0468633
0.132597
0.882336
0.0427602
0.247099
0.198152
0.00169861
0.360386
0.314615
0.126972
0.123046
0.160625
0.0646472
0.163978
0.0949774
1.42744
0.859768
0.388495
0.126023
0.141098
0.17654
0.237594
0.187109
1.01219
1.58595
0.0100454
1.53421
0.522676
0.941646
0.769597
0.245547
1.38533
0.00927975
0.122184
0.00976747
0.262402
0.392629
0.0114996
1.27522
0.00552851
0.141846
0.0754703
0.168264
0.229659
0.272111
0.306944
0.186056
0.137585
3.43911
0.381265
0.333186
0.175808
1.21378
0.801244
0.0897877
1.01943
0.853238
0.062714
0.365171
0.548917
1.16821
1.18382
0.462902
1.2737
0.0656803
0.487931
0.200271
0.549951
0.519044
0.145173
0.566746
1.11686
0.24887
1.66
0.151335
0.835135
0.274614
0.424176
0.0268909
0.273723
0.0556865
0.386954
0.632968
0.00864558
0.20579
1.07023
1.09003
0.0847383
0.000140346
0.259783
0.863831
1.16966
0.186634
0.277639
0.872407
0.285127
0.0252361
0.0844261
0.0536339
0.593867
0.261586
0.756627
0.443317
0.803369
0.680615
0.945623
0.472426
0.0909167
0.273223
0.544763
0.443166
0.373687
0.113085
0.182541
0.39212
0.388063
0.104287
0.281498
0.594884
0.10446
0.903095
0.364915
0.0483368
0.0796391
1.44206
1.2473
0.435969
2.50403
0.0378127
0.575333
0.583025
0.327154
0.311234
0.161734
0.164015
0.115989
0.0670403
1.10784
0.233641
0.395354
0.40433
1.62378
0.0378297
0.70727
0.155298
0.47908
0.176041
0.303714
0.0240187
2.44549
0.516118
1.07118
0.35718
0.665787
0.0151594
0.30311
0.529805
0.473018
0.29702
0.647761
0.17499
0.073272
0.115615
0.710814
0.26609
0.332865
1.68653
0.386265
0.236623
0.20701
0.0442156
1.34096
0.178439
0.085692
0.583229
0.418663
0.743398
2.11027
0.011319
0.859642
1.90373
0.548568
0.607734
0.334999
0.257177
0.660801
1.43131
0.0285612
0.211572
0.247795
0.761095
0.511261
0.374437
2.22027
0.254574
1.40486
0.321524
0.226835
0.324982
0.953032
0.608224
0.413418
0.763709
0.00193464
0.63661
0.318796
0.423144
0.340585
0.305089
0.449937
0.189008
0.285059
0.150251
0.00918855
1.28088
0.541861
0.69616
1.00389
0.631486
0.0507492
0.148194
0.345529
0.667478
0.76532
0.3339
0.0729885
0.642557
1.62825
0.347104
0.112395
0.837824
0.114235
0.721719
0.452821
0.116667
0.330782
0.0347576
0.755037
1.90679
0.371063
0.232994
0.173159
1.59032
0.499888
0.1862
1.06546
0.173861
0.0322281
0.687152
0.00547589
0.0865463
0.00174616
0.356518
1.13058
0.773441
2.90646
0.0160514
0.357155
1.59089
0.379775
0.622027
0.737676
0.666609
0.322819
0.228658
1.44554
1.60481
0.284734
0.642934
1.38677
1.58591
0.0505042
0.130858
1.24154
0.651184
0.389561
0.799213
0.0110294
0.462684
0.393476
0.0166281
0.718909
0.39732
0.39105
0.536948
0.204244
0.387794
0.58546
0.934804
0.344633
0.125541
0.407773
0.156915
1.58999
0.01692
0.505819
1.16599
2.47394
0.0365813
0.492401
1.33293
0.0145206
0.641077
0.0876121
1.45146
0.299532
0.605201
0.67919
0.319795
0.182308
0.169623
0.351801
0.0352605
0.903791
0.024467
0.648075
0.0939456
0.442545
0.269214
0.0086296
0.0446226
0.508576
0.427496
0.219048
0.45415
0.468231
2.36158
0.346261
0.459258
0.0318233
0.0674371
0.378949
0.047313
0.944362
0.588958
0.0180335
0.177916
0.25044
0.753322
0.738987
0.601221
0.0341611
0.162243
0.729717
1.16134
0.196415
0.340658
0.0380547
1.21623
1.20612
0.0473732
3.00763
0.39788
0.546976
0.21716
0.07865
0.159481
0.210346
0.518157
1.03568
0.259657
0.737922
0.259879
0.341953
0.483989
0.0512467
0.378344
1.26012
0.338066
0.184902
0.587951
0.105953
0.235138
1.72985
1.59214
0.162284
0.173658
0.301326
0.215734
0.115083
0.225514
0.290661
0.113548
1.21401
0.0559977
0.405348
0.0295253
0.238251
1.14562
0.606307
0.145868
0.181153
0.321223
0.537013
0.802944
0.049438
0.704855
0.200292
0.00689934
0.141981
0.509717
0.610667
0.288273
0.00723774
0.560006
0.252717
0.172325
1.70778
0.946559
0.513579
0.0948177
0.119399
0.0432251
0.235719
0.0663167
0.104602
1.33935
0.100175
0.419455
0.886586
1.07767
0.859776
0.0720142
0.221686
0.326217
1.35472
0.300992
0.133946
0.152921
0.313661
0.329097
1.16497
0.0938542
1.26524
1.24487
0.931738
0.19073
0.116976
0.835681
0.0910814
0.950488
2.09154
0.23818
1.3545
0.223647
0.349757
0.0651493
0.17265
0.577161
0.585568
0.0651672
0.420667
0.357532
0.148082
1.30862
2.30574
0.105213
0.238431
0.127493
0.301889
0.932979
0.614281
0.219993
0.00826574
0.493981
0.159431
0.987588
1.44841
0.328527
0.559314
0.0590178
0.201885
0.536503
0.336962
0.154349
0.00942103
2.5156
0.245319
0.186008
0.566909
0.0404696
0.283571
0.141886
0.444082
0.584288
0.0956154
0.432149
1.05578
0.402968
0.814119
0.20189
0.254233
0.357708
0.582638
0.268053
0.0746427
1.62451
0.161648
0.0435846
0.292426
1.49302
0.108341
0.745857
0.467653
0.577764
0.0207295
0.492018
0.5675
0.279637
1.38118
0.220631
0.352738
0.23079
0.462966
0.0497531
0.0303548
0.752305
0.559461
1.38914
0.201155
0.324176
0.157399
0.654312
2.21579
1.58775
0.0782018
0.0677844
1.25922
0.27325
0.118025
0.224885
0.231447
0.259658
0.0738088
1.91006
0.0472551
0.0979164
0.463518
0.732149
0.465989
0.389497
0.0670716
0.0595902
1.20869
0.653507
0.116009
1.74912
0.353896
1.06195
1.19084
0.911611
0.221217
0.0978051
0.420016
0.212044
0.0730299
0.624293
0.319722
0.0284482
0.0720026
0.573912
0.270242
0.351253
0.0459185
0.404585
0.329597
0.0979635
0.659548
0.0455137
1.46579
0.206887
0.494619
0.0374816
0.300012
0.387164
0.808724
0.536867
0.355386
0.18471
0.38686
0.269218
0.079709
1.13282
0.45071
0.628799
0.13845
0.654483
0.279967
0.626378
0.769045
0.413763
0.252884
0.113289
0.0349578
0.331506
0.708409
0.399542
0.543289
0.336808
0.507044
0.469931
0.883012
0.154219
0.572131
0.164384
0.815825
0.329988
1.39403
0.187804
0.785111
0.324246
0.653683
1.40141
0.233725
0.195393
0.532142
0.477608
0.0274269
0.0437486
0.199907
0.91189
0.520147
0.648249
0.0211033
0.62619
0.118631
0.801837
0.153559
1.03513
0.170529
1.15988
0.330016
0.0627652
0.0914268
0.0899858
0.253883
1.77898
0.521838
0.205204
0.167479
0.28977
0.840433
0.00710039
0.238377
0.103628
0.205925
0.0174147
0.810907
0.247929
0.0627864
0.0707901
0.130382
0.723356
0.977821
0.157949
0.325843
0.0361465
0.0361295
0.679864
1.43754
0.222123
0.51778
0.27822
0.323766
0.835875
0.447582
1.03902
0.765279
0.136759
0.118777
0.0353277
0.568384
0.0127785
0.0429519
0.030061
0.119397
0.272272
0.0485751
0.00749688
0.832596
0.118234
0.0794371
0.0206109
1.84939
0.00271869
0.186438
0.302641
0.0390696
0.239793
0.109918
0.0094654
0.672869
0.923598
0.29485
0.121875
0.531242
0.0188331
0.0477829
0.288117
0.161667
0.180189
0.352818
1.55516
0.198615
0.444001
0.00692944
0.388528
0.00422606
0.0562169
0.40498
0.855354
0.190581
0.605366
0.981794
0.172782
0.614549
0.0937047
0.685719
0.763026
0.40132
1.43771
0.808132
0.172308
0.770723
0.141757
0.35446
0.290206
0.166921
0.456855
1.05318
0.410604
1.15912
0.242682
0.362332
0.130276
1.80687
0.376742
0.734005
1.99407
0.504779
0.19633
0.806543
1.52406
0.0135633
0.539955
0.14034
0.662516
0.889728
2.35463
0.363676
0.241545
1.36358
0.19149
0.561402
0.63742
0.416251
0.100727
0.0876869
0.944818
0.760313
0.0199827
0.262947
0.574393
0.275567
1.29172
1.21722
0.252714
0.302351
0.572803
0.237584
0.046816
0.00336639
0.0985838
0.0214194
0.0170226
0.914174
0.168902
0.729815
0.555228
0.162625
0.167381
0.0276067
0.119286
0.461488
0.651622
1.34984
0.0917846
1.20849
0.0491538
0.00835897
0.589208
0.0712471
0.277173
0.235172
0.406541
0.215421
0.169533
1.53162
0.814312
1.74557
0.201347
1.11832
1.86997
0.357114
1.36758
0.00488203
0.2152
0.125374
0.751177
0.0102759
0.346008
0.0319416
0.0384722
0.621848
0.546142
0.810779
0.517054
0.892659
0.624518
0.669871
0.944692
0.259978
1.02356
0.160369
0.75858
0.278788
0.489649
0.0353354
0.239558
0.279506
0.0192486
0.622661
0.193868
0.00705449
0.125888
0.148211
0.0120062
0.424704
0.325339
0.807529
0.449071
1.90253
0.993909
0.549405
0.584665
0.374919
0.316631
0.203144
0.222997
0.100667
0.0373448
0.117006
0.443141
1.43115
0.32989
0.229814
0.23123
0.0568423
0.286982
0.695023
0.383598
0.321682
0.31096
0.972791
0.335192
0.578654
0.0603059
0.35894
0.149204
0.448158
0.187954
0.950816
0.421603
0.0969994
0.364292
0.149943
0.608525
2.1544
0.449445
0.0329151
0.0925096
0.546734
0.158973
0.706784
0.468004
0.704051
0.0668843
1.91012
0.993352
0.412677
0.652843
0.254198
0.0185383
0.106659
0.147613
0.3721
1.05093
0.230429
