0.293534
1.29158
1.31606
0.0871068
0.911736
1.21103
2.01449
0.98019
0.103273
0.629964
0.0925195
0.190957
3.94395
0.356226
0.316517
0.304877
2.17455
1.96757
0.514025
0.254913
1.87099
0.532484
3.71229
0.598322
0.238851
0.190382
1.79836
0.482813
1.99087
1.67995
0.181961
0.125336
0.773881
2.28451
0.224671
0.147288
0.91701
0.070242
1.43429
1.19868
0.766193
1.89767
2.05759
0.725359
0.162247
0.154966
1.50794
0.0367774
0.00376742
0.199124
0.302627
1.89572
0.899942
0.270109
0.356755
1.63925
0.527736
0.144433
0.209278
0.319496
2.95851
0.43881
0.496405
0.667254
0.29219
0.897728
0.977738
1.92183
1.0798
0.487033
0.803112
0.217607
0.268712
0.552179
1.24274
0.486792
0.839011
0.673429
0.547342
0.84775
1.11047
1.14772
0.547165
0.306528
2.51756
1.27822
0.0724383
0.39959
1.93763
0.299359
0.923542
1.62994
0.951667
5.1456
0.34382
2.01949
0.883535
2.46255
1.27632
0.283714
0.357155
0.318834
0.58443
0.767812
1.19505
0.167218
2.5431
0.308119
1.0329
0.419908
1.81275
0.377786
0.0258641
0.298685
0.864231
2.89818
3.89591
1.04555
0.320593
1.80564
2.3774
2.09697
1.02079
0.736288
2.05063
2.66835
0.491657
0.61254
1.86702
0.115776
1.22093
0.157534
0.481799
0.159725
1.14484
0.0829892
0.358973
0.924078
0.422832
2.91203
2.91868
0.200411
0.301453
3.55883
0.579483
1.82562
2.48176
0.543844
0.668228
0.211568
0.294529
0.501853
0.0702695
2.25196
2.47342
2.80023
1.74549
0.362538
0.506222
1.11126
0.533441
0.107893
1.69614
1.58839
0.287547
0.689822
2.08252
0.801859
0.106959
0.248712
0.687444
0.0485943
0.513832
1.41633
0.0191423
1.84272
0.907033
2.73899
0.302594
0.0873716
0.134733
0.726122
0.650577
0.215557
0.529374
0.500808
0.142845
0.269799
1.1975
0.755753
2.37865
0.118184
1.00136
1.28712
2.37745
2.14148
0.251374
1.52601
0.569204
0.391127
0.00279736
2.67603
0.463844
0.518513
1.16656
0.494458
0.282639
0.335252
0.393729
0.707872
0.459666
0.600593
0.0238084
1.87576
1.03683
0.57014
0.275385
1.50748
1.11176
2.79314
0.369437
0.863569
0.0515452
2.83867
0.359937
3.15714
1.73736
0.743489
1.34727
0.298459
1.88554
1.35807
0.209738
0.247682
0.15951
2.10182
0.940302
0.500292
0.177462
2.73265
2.31218
0.757393
0.488521
2.58339
0.474612
0.0324076
0.444781
0.963891
1.66295
0.0305174
0.815011
0.127036
0.937519
0.935486
0.0627208
2.41554
0.832542
2.16117
0.571335
0.363999
0.154141
0.333353
0.0491404
0.403545
0.698912
0.217399
0.235492
0.119194
0.889254
0.465893
0.0484736
0.67333
2.33861
0.56878
0.535246
0.330468
0.626746
1.48506
2.30265
0.323093
1.62743
0.611331
0.503174
0.530975
0.0671838
0.609148
0.389567
0.994345
0.417025
1.41832
2.73557
0.661346
0.0422409
4.08016
1.69226
0.785779
0.196607
0.0260508
1.06886
1.45897
0.50773
1.21712
0.297755
0.359076
0.148154
1.11472
0.874887
0.924761
0.589692
0.659901
2.11584
0.286441
2.82126
0.321389
1.08187
0.00546076
1.31321
4.1158
1.00917
0.0747673
1.35311
0.84542
0.811671
1.52752
0.806804
0.464866
0.396251
1.31753
0.50666
4.1204
0.692604
1.58785
1.16372
1.4157
0.10238
1.74515
0.560781
1.1407
0.559936
2.07735
0.178531
0.36849
0.13217
0.109783
0.874864
1.5364
0.115879
0.377062
1.46331
1.36609
0.488032
0.71355
0.379096
2.8482
0.34676
2.03438
0.376633
0.968077
0.919904
1.24246
0.926212
0.106663
0.707172
0.344786
1.95487
0.927042
0.12444
0.33919
0.335028
0.789137
0.177205
0.594541
1.92405
0.337152
0.803309
0.574594
0.0736946
1.08345
1.39108
1.82994
0.521668
0.147758
0.430283
1.2801
0.0827419
1.02918
0.894599
0.499628
0.305014
0.214024
0.110453
2.01617
0.347917
0.945552
0.172527
0.16518
0.243107
0.322236
0.579661
0.694136
1.72169
0.922067
2.96965
1.12461
2.19376
0.694817
0.119108
3.20764
0.177223
1.99129
1.60507
0.841362
0.000840881
0.161108
0.343712
0.0836553
1.56781
2.13788
0.641495
0.0559208
0.0777094
0.862909
2.54112
0.45983
0.21023
0.0830401
0.735779
0.51989
0.438751
3.23856
2.36349
0.194064
0.828014
1.92818
1.90796
0.600727
0.439158
3.32159
0.529559
0.729454
1.75669
0.236052
0.0906962
1.76158
0.444819
0.474127
2.39117
0.163177
0.300656
0.481224
0.229344
0.407118
3.21989
0.134866
1.21417
0.162098
0.230486
0.253488
0.809808
0.823282
0.204188
0.617975
1.33715
1.37743
0.379143
0.889218
0.222347
1.11162
0.805035
0.942885
0.209242
0.478541
1.71902
0.322282
0.233875
0.198229
1.05866
0.124449
0.40104
2.43893
0.691129
0.766411
0.283929
0.614392
1.0832
3.00021
0.938211
2.01998
0.191324
0.178803
0.559234
0.444454
0.980014
0.181234
0.112722
2.81753
1.40561
0.36523
0.944741
0.367751
2.48244
1.60954
1.16483
1.33643
0.0785316
2.26879
2.48935
1.30418
0.0136722
0.284238
1.02541
0.718607
1.52664
2.19401
3.56134
0.58739
1.82483
0.868148
0.373336
0.0129733
1.36258
1.34676
0.464762
0.459967
2.36105
0.650694
0.369531
1.08017
1.53377
2.52775
3.44742
1.20644
1.27362
1.06768
0.576179
1.58821
0.804656
0.438496
0.742999
0.835488
0.922326
0.181122
0.0821935
0.486364
0.0557212
0.0518257
1.76824
2.23448
0.996356
0.151907
2.36278
0.46965
2.12739
0.325117
1.36053
1.54426
1.41007
0.05384
0.592384
0.776861
3.59641
0.536425
0.275612
1.18013
0.0740347
1.13585
0.67035
0.978482
0.0344312
0.0128677
0.211284
1.01129
0.196564
0.313838
0.0216264
0.26481
0.385468
1.9022
0.134218
3.00873
4.79061
0.0319468
0.393672
2.05999
0.369614
0.0713875
1.07609
0.0670722
0.129329
0.112125
0.928933
0.0985981
0.736539
1.87027
1.54484
0.897942
0.743955
0.321755
0.244254
0.817836
0.33955
0.522843
0.216747
0.628035
1.12865
0.243679
1.20068
5.62615
0.0693729
1.74074
2.93828
0.0605082
1.9383
0.318097
2.6774
0.180384
0.417588
0.892411
0.261264
0.621165
1.19205
1.80149
0.813227
0.245431
1.14214
0.42042
1.66192
0.230212
0.963259
0.0273059
1.44498
2.36725
0.569344
3.19702
0.466207
0.117246
0.192829
0.0743269
0.113203
0.277598
2.26569
0.055591
0.358265
1.39551
0.395329
0.264448
2.49306
1.10234
1.72993
0.159307
0.139941
0.732104
4.02932
1.16208
1.3346
1.08791
0.0308663
0.791778
2.03038
1.04625
0.853076
1.0023
0.809704
0.0080338
0.896686
2.626
0.126283
1.45868
7.21524
0.255752
0.00990509
2.25863
0.328143
0.372468
1.04355
0.93212
0.783814
0.832736
0.320468
0.455774
1.24621
0.518826
2.1641
1.1862
0.0964523
0.972551
0.442701
0.130498
0.184938
0.25672
1.47442
1.35768
1.96169
0.394673
1.38927
0.600496
0.292671
2.03545
0.247075
0.291686
0.0998695
0.259774
0.160759
0.469659
0.77597
1.59112
3.96681
0.0867373
0.448546
0.294716
0.596247
0.0767208
1.07892
0.406873
1.46306
1.39426
3.12707
0.134874
2.07406
0.133529
0.434774
1.03681
2.02299
0.238218
3.55838
0.963603
1.08895
0.255211
0.669163
2.14002
0.650556
0.874447
0.117796
0.9855
3.16277
1.0523
0.549999
2.79292
1.32406
1.53476
0.21569
0.202204
1.95436
1.92451
0.72845
0.985689
0.931497
0.641499
1.39833
0.654624
0.912536
0.111581
0.134421
0.627801
0.382066
0.102357
0.0885251
3.96222
0.389405
0.849994
1.99016
1.61337
0.168999
3.66709
0.557798
0.120115
0.981668
1.901
0.0533371
0.445134
1.00806
0.282302
0.781615
0.680073
0.105368
0.061532
0.128104
1.22432
0.7618
2.06538
0.206293
0.141183
3.85423
0.374233
0.911068
0.351488
0.526745
1.14767
0.324815
1.31683
0.29465
0.151597
0.760999
0.528816
0.122298
3.22722
0.742084
1.34873
1.66555
0.857595
0.105018
0.59057
1.7247
1.02729
2.8036
2.54823
1.20966
0.061499
0.988384
0.267718
2.70121
1.68323
0.456569
2.42685
0.135145
3.33688
0.233251
0.767627
1.04151
0.664335
0.311842
2.32571
0.983633
1.61296
0.375397
1.35156
1.43144
1.81317
0.656998
0.848513
0.532189
0.870567
0.0181004
0.267168
0.252715
3.15463
0.169882
2.59045
0.017138
1.53274
0.174223
2.99308
0.912013
0.747471
1.97727
1.28988
0.67509
0.0721387
0.301893
0.148462
0.809641
0.751806
0.0410852
0.199711
0.399268
0.435774
2.55358
0.0945575
0.210844
0.517165
1.08522
0.923269
4.2049
1.13978
1.81546
0.233685
1.01461
5.03177
0.143181
1.06262
1.50297
0.347139
0.927141
0.47131
1.7133
0.627115
0.10593
0.371962
0.766724
0.448
0.59527
0.0948054
2.20347
0.671071
0.316743
0.246886
1.84564
0.215274
0.369608
0.0327036
0.909989
3.54628
1.00774
0.873588
1.05348
0.639026
1.56512
0.340712
0.626735
2.58151
2.86797
0.278652
0.245432
0.792973
0.96499
0.0380795
0.0134621
1.27127
0.427685
0.795932
0.0840559
1.59243
1.01968
3.51329
0.336044
2.41656
0.209452
0.136374
0.110319
0.689087
0.173947
1.2104
0.633245
1.58287
0.334735
0.128303
0.310348
0.0784051
0.526193
1.31854
8.29701
0.434383
3.71612
0.245113
2.30097
0.90309
0.294033
2.44426
0.377183
0.923141
0.619989
0.502245
0.50966
0.10685
0.454179
1.15426
0.0121853
0.807441
1.67234
0.123935
0.0533667
3.57022
1.70642
0.736267
1.45442
0.108653
1.02587
0.0338395
0.196463
0.0519935
1.45136
0.19616
0.515839
1.35255
0.503359
0.360739
0.409631
1.05054
0.243408
1.05072
0.291666
1.13351
0.0461946
1.05636
1.51158
0.527929
0.410967
1.56805
3.32916
0.161558
2.38719
0.0162763
0.129009
1.29681
0.77056
2.18479
1.76935
0.196941
2.53543
0.00795658
0.26062
1.16002
0.205849
1.00083
0.558512
0.871193
2.73746
1.44411
0.263704
0.164066
0.535048
0.663164
1.76851
0.615266
0.147414
0.938665
2.03774
0.642558
0.511491
1.79489
0.976141
0.368909
1.89711
1.36364
0.0357407
0.48979
0.999047
2.00001
0.834725
0.804172
2.06035
1.58686
0.273203
0.0604246
0.558369
1.09962
1.02216
0.451181
0.563957
2.05559
0.722449
1.86695
0.441243
0.421367
0.363711
0.680877
3.05127
0.19187
3.43832
0.435565
0.00847568
0.894331
1.08356
1.95502
0.408555
1.1931
0.281944
3.41611
0.824139
1.66966
0.733348
0.569123
0.934256
1.42198
0.678483
0.0356071
0.554718
0.142482
0.507672
1.9436
0.00479042
2.43661
1.21139
0.4487
0.296245
0.00715123
1.93357
0.234578
0.20054
1.73302
0.825985
0.210908
0.535067
0.253356
0.04981
1.38534
2.53237
0.348528
1.26203
0.65762
0.112009
0.270003
2.4757
1.24857
5.37871
0.525109
1.37859
0.546715
0.779372
0.158024
0.325681
0.789845
0.0605085
3.92116
2.38193
0.378495
4.36675
1.43968
0.742767
0.185148
0.882488
0.0903633
0.444991
0.000618343
0.371367
0.523843
1.38781
0.262325
1.21077
0.629796
1.24708
1.65024
1.21713
0.990346
0.736226
1.20167
0.0377655
0.313544
0.128356
0.863621
0.536689
0.508203
0.132906
0.642517
0.47579
0.0326056
1.55657
0.45557
1.58512
0.375925
0.765573
0.480175
0.510404
2.24528
0.481174
1.23772
0.359339
0.141934
2.82506
0.00390334
0.915343
1.05944
1.67074
0.361749
0.331151
0.404927
0.00285467
0.38414
0.921611
0.131602
2.27625
0.0175952
0.737589
0.0220246
0.67624
2.306
0.0553686
0.32936
0.309593
1.89008
0.901308
1.61539
0.261709
5.06859
1.18839
0.947286
1.21626
5.86098
1.36465
1.03383
0.00104783
0.421824
0.35341
1.67632
1.04325
0.866581
0.157724
1.05138
2.28846
1.37847
1.48658
1.58919
1.45021
0.350393
1.70206
0.296995
0.218068
2.05227
0.771257
0.620238
1.27474
0.141023
0.30567
3.0111
0.133805
3.18591
0.827755
1.76553
3.11928
0.367447
0.641054
3.14327
1.05455
1.47392
1.4688
0.355738
0.431687
2.47352
2.99348
0.28657
1.0899
1.28642
0.0461223
0.560765
0.0195195
1.98608
1.15894
0.242402
1.32548
0.253279
1.13148
0.606644
0.438938
2.82706
0.520177
0.654924
2.29733
3.45953
0.370226
1.93298
0.323041
1.52641
1.67207
2.62702
0.806673
0.872133
0.257541
2.34598
0.688465
0.194723
0.166541
0.176025
2.3094
0.221254
0.893138
2.52584
0.0632115
0.324085
0.145337
1.58758
0.694268
1.67511
0.288219
1.93682
1.4005
1.06708
0.410011
1.05843
0.979611
1.03784
0.709852
2.30859
0.559429
0.386289
1.76204
4.02429
2.32654
0.0569463
2.17481
0.51086
0.264347
0.0405959
0.824222
0.142684
0.272163
0.164939
0.0544359
0.355997
0.560131
0.208562
0.0999364
2.65109
0.000962183
0.423895
1.53835
1.40441
0.00149596
0.129678
0.523381
0.983601
1.45844
2.4742
0.747892
0.217989
0.269444
0.438415
0.196002
0.149153
0.528136
0.0665249
0.773454
1.02887
0.109975
0.105369
1.49415
0.419178
0.290435
1.76342
1.02705
1.14234
0.0169343
1.33577
0.942516
0.0179129
0.0861578
0.50355
1.47947
0.0877885
0.728236
0.198118
1.23816
0.334972
0.100369
0.27013
0.654903
0.403007
0.895658
1.0744
0.63536
0.00196018
1.28322
0.00887793
1.03436
1.75447
0.115238
0.544915
0.185624
0.447707
0.285885
1.66787
0.0427363
0.308488
0.794948
1.0561
0.332953
0.996812
0.0489887
0.0570332
1.25524
0.832521
0.268094
0.553515
1.89506
0.401465
1.0841
0.400772
1.08576
0.2923
4.48248
0.142265
0.294926
1.24324
0.152508
2.3022
0.773388
0.288073
0.385766
1.23089
0.944694
0.841002
0.732552
1.05854
1.79676
0.0701162
0.36417
0.124839
1.19952
0.435464
0.189707
0.533841
2.50206
0.524186
1.82465
1.46004
1.3418
0.694187
0.103109
0.512457
1.40232
0.090654
0.762683
0.00943315
1.60057
1.12404
2.40075
0.410636
2.59465
0.260613
0.0457705
0.769012
1.60019
0.830246
0.210187
1.00051
0.999054
0.682789
1.38497
0.401124
1.88275
2.55706
1.36291
1.45206
0.40112
0.874213
0.762899
0.0715545
0.0870074
0.998746
0.634939
1.81588
1.267
0.00362576
1.87532
0.726795
1.13524
1.41077
1.91947
0.926294
4.23119
2.28332
0.151417
1.53066
0.620106
0.400594
0.537709
0.098589
1.74224
0.181023
0.552199
1.11688
0.0921717
0.184406
0.577349
0.542113
1.39115
3.58642
0.668525
1.79903
0.926245
3.15986
1.11427
0.389032
3.24902
0.730932
1.8253
1.02121
0.32101
1.17813
0.279479
0.301171
0.892089
0.48505
0.0446381
0.0537317
1.2532
0.615394
0.158057
0.774973
0.981245
0.845172
0.238239
1.249
1.34292
1.05154
0.141205
0.6736
0.975253
0.965547
0.392556
0.257302
0.859896
5.66011
0.796626
0.77215
0.723726
0.490996
0.195799
1.55894
0.0835233
0.547568
0.0509674
1.10967
1.63979
0.0979953
1.28246
0.734783
0.805015
2.03137
0.0615289
0.196106
0.578677
0.316987
2.219
0.196354
2.55439
0.0232392
1.10385
0.787817
1.02777
4.97338
1.47853
0.247168
4.56578
0.3874
1.41458
0.702503
1.235
2.73021
0.348562
1.55729
0.44074
0.421576
0.615494
0.177237
0.575071
0.201225
1.14825
4.63085
0.0524679
1.35667
0.184317
0.674277
0.0142443
0.0614609
1.10489
2.7552
0.0861916
0.411226
0.656944
1.29018
0.400841
0.292487
2.87828
0.385429
0.855139
1.20644
1.7401
0.333991
1.00932
0.126465
0.0760548
4.82509
0.621353
0.761128
0.167701
2.30376
1.25573
1.81525
2.21066
1.45349
0.866754
0.0604928
0.296686
0.900982
0.125914
2.59664
0.755518
0.224258
0.304678
0.0118698
2.59923
0.898654
0.308422
2.03591
2.43868
1.83365
0.844384
1.33644
0.132515
0.230309
1.93805
0.21983
0.220256
0.383898
1.3101
0.433987
0.247074
0.589396
0.209835
0.115734
0.23773
1.4652
0.183908
0.63169
0.450668
0.337289
0.500519
2.23521
0.667847
1.06835
2.35209
0.532489
0.286758
0.186601
0.331698
0.176773
0.0104499
1.91375
2.29513
0.144455
0.0599473
1.40759
0.403244
0.295542
0.0769535
0.0640661
0.93637
0.346702
0.708047
1.5957
0.51462
1.26933
0.835175
0.844574
0.207377
2.64506
1.94182
0.870054
1.72614
0.421207
0.271146
1.29777
1.41306
0.667092
2.27385
0.0396762
1.04649
2.38033
2.21984
0.794257
0.042893
2.98695
0.361474
0.468145
0.229955
0.47388
0.572514
1.67869
1.10988
2.86979
0.943188
0.0754505
1.0855
0.194577
1.02983
1.89416
0.111844
0.692129
0.563219
2.62894
1.85302
1.10299
1.06336
0.915891
0.168327
0.802492
1.01816
1.62839
0.614834
0.755262
0.433613
0.695662
0.653294
1.06476
2.08019
1.15551
0.0331499
0.372496
0.690121
1.21405
0.293401
0.115523
1.4947
2.48345
0.336756
0.542346
1.45287
0.497141
2.50235
0.219061
0.385043
1.43273
2.00136
3.66062
0.448139
0.0199691
0.746702
9.47864
1.73457
4.2228
0.755099
0.19281
0.666696
0.00975443
1.7752
0.448933
1.18682
1.98892
1.11681
0.214795
0.835091
2.61668
0.3601
0.418319
1.8547
0.887486
1.42906
0.940588
3.91422
1.13499
1.64159
0.356136
0.579671
1.11224
0.320075
1.61496
1.17425
1.60933
1.61458
0.722522
1.53861
0.402062
1.17065
0.317343
0.41668
0.734772
1.00406
0.0362254
0.483764
0.3657
0.259899
2.98988
0.265587
0.757716
0.344682
0.0798501
0.127351
0.0534214
1.15947
0.104937
1.31153
0.678605
0.509562
0.186944
0.178952
1.11824
3.56178
1.92966
0.640793
1.48121
0.460887
0.299008
0.109478
0.0609307
0.755802
0.587825
0.866303
0.179099
0.654009
3.29787
0.63538
1.23414
2.43891
1.21574
0.274671
0.228532
1.51529
0.445902
0.296142
0.628488
0.615024
4.33599
3.20099
1.95626
0.171288
0.131399
0.758775
0.138151
3.81375
0.00489787
2.31943
0.426501
0.305619
0.00538236
0.521419
1.57842
0.597535
4.25586
3.16239
2.65751
2.97313
0.558513
1.0183
1.97762
0.140932
2.11171
0.0681723
2.42709
0.272757
0.388931
0.475312
1.19764
0.369804
0.411866
0.813525
0.628392
0.617519
0.0926283
0.905312
0.577418
0.0980028
0.687671
1.54115
0.441123
0.698405
0.213425
0.162972
3.0461
0.196023
0.114357
2.1399
0.135664
0.767874
0.736314
4.4624
1.10097
0.510981
0.0558994
0.865502
1.01837
0.472542
3.15751
0.410844
1.15745
0.349637
2.24071
0.165188
1.40967
4.02209
1.37773
0.216204
0.0784354
0.281176
3.92685
0.565853
1.37724
0.189324
0.873494
1.20458
0.431534
1.17302
0.873509
0.648847
0.256923
0.109413
0.627017
2.24455
0.700641
0.734351
0.640905
0.15379
2.27077
0.563265
0.652883
0.873429
1.29357
0.466927
1.32708
0.656785
0.438751
0.658937
1.12674
0.563167
1.30086
1.06772
1.98574
0.645177
1.76428
0.589204
0.193115
0.197449
0.145953
1.41935
1.06866
0.450003
1.97883
0.130504
0.296251
0.45492
1.0287
1.30779
0.709376
0.775004
0.174635
4.38253
0.129859
2.17108
0.447194
1.94162
0.457964
1.25786
0.414195
0.0443105
0.158217
0.0691697
1.20248
0.00909864
0.781458
0.751286
0.605665
1.2654
1.22901
0.891819
0.64627
0.452475
3.04628
0.412145
0.666107
0.234284
1.21494
0.137913
2.78785
0.237397
1.10299
0.103899
0.22168
1.56019
4.17526
0.819637
1.03969
0.433955
0.321787
4.23792
0.503191
0.547288
0.0538166
0.0997679
0.563068
0.903019
0.976022
2.16134
0.374738
0.401391
0.644205
1.55369
1.186
0.557541
0.135025
0.199495
1.01128
1.76948
0.370602
0.854947
0.0417607
3.8079
1.11895
0.27408
1.45977
1.07296
1.60514
0.534682
0.0101158
0.0771892
0.510337
0.519978
0.68472
0.601664
0.693985
2.60788
0.0478852
0.131946
1.66675
0.445174
0.605546
0.336955
0.159959
0.161088
1.24982
0.32038
0.399938
0.430308
0.109486
1.01976
2.58211
0.156193
0.960047
0.910715
0.485053
0.485865
0.295405
0.202695
1.60435
0.309021
0.29808
0.221503
1.11261
1.4005
1.05207
0.188404
1.13892
1.19582
0.350029
0.67526
0.0585103
1.38452
1.50074
0.228976
2.28611
0.674284
0.651582
0.258741
1.83365
0.873435
2.01964
1.44628
1.29862
0.662466
0.449919
0.118138
2.03452
0.962571
0.349415
1.10333
2.15352
0.804431
2.01683
0.81019
0.365549
0.729211
1.29809
4.27022
0.242396
0.0225308
0.648168
0.317572
1.47768
0.293073
0.647674
1.10919
1.36458
3.11268
2.28426
0.87871
0.772197
1.45007
0.429612
0.308013
0.287507
1.24326
0.472439
0.126841
0.399953
1.11297
1.54817
0.240256
0.253702
1.06214
1.46447
0.75558
0.188737
0.684677
0.726256
0.489799
0.729864
5.00272
1.07686
0.342293
0.284105
0.14627
3.21971
4.80656
0.0960635
1.95322
0.859216
0.993163
0.977185
2.60024
2.25086
2.06751
1.01419
0.316372
4.90976
3.40975
2.85826
1.51407
0.19909
0.182372
0.569645
2.98231
1.19392
0.93209
0.588915
0.239849
5.03912
3.29945
0.231345
1.05802
0.291632
0.604856
1.55558
0.239514
0.589997
2.12466
0.0738333
0.0224262
0.713601
1.1868
2.95499
0.518881
0.840034
0.880014
1.12709
0.823096
0.80335
0.964056
0.416907
1.31938
1.53882
1.49251
1.14577
0.658429
0.480397
0.135926
1.18938
0.469976
0.094519
2.32405
0.0282346
0.420294
0.44001
1.69703
0.812237
1.61768
1.19501
0.987007
1.73624
0.232464
0.388776
1.47726
0.947358
2.21108
0.44155
0.340044
0.60029
2.39838
2.37428
1.5715
1.02675
1.17858
0.838075
0.391347
0.191911
2.97436
0.599561
2.04183
0.391417
0.779004
1.47987
0.433466
2.15661
0.137313
0.184541
0.580568
2.65845
2.00852
0.0701316
1.40145
0.0760549
0.494038
0.745492
1.15668
0.328866
2.14098
3.63939
1.31531
1.56827
2.12569
0.742072
0.56815
0.850815
0.0957749
1.41585
1.37655
0.0410836
0.233483
0.961711
0.452798
1.38376
0.49445
1.25841
1.00416
0.730634
2.1577
0.0769554
0.594823
1.38718
0.152916
0.225773
1.73419
0.758519
1.30048
0.711163
1.67079
0.941762
0.659053
0.784187
0.513587
0.451471
0.0697606
1.80231
2.75266
0.172824
0.89738
1.15136
0.221851
1.61241
0.358901
0.828094
0.798417
1.17652
0.327136
0.202861
0.235782
0.178437
0.297971
1.07407
2.4493
0.509951
1.9696
1.33599
2.67533
0.886942
0.282402
1.35874
0.220829
1.30449
0.337609
0.915793
0.0965084
0.436815
0.570722
0.0286464
0.718718
0.0276244
1.24492
1.24337
1.75933
0.0136848
0.321181
0.474491
1.2216
0.806813
0.824183
2.46851
1.26282
1.70972
0.852554
0.996391
0.246616
0.569448
0.458697
0.162137
0.0224997
0.951718
2.23205
0.248967
0.41948
0.197498
1.71588
0.570238
0.761698
0.294476
0.621477
0.0468296
0.331738
0.192232
1.41609
0.116718
0.208841
0.0325714
0.669356
2.24166
0.88133
0.0506287
1.65552
0.360846
2.02839
0.482371
2.71363
0.0910328
1.69742
0.358959
0.270088
1.82693
2.47124
0.138549
0.0613301
0.298584
0.369033
2.11762
1.18006
1.84342
0.144749
0.169118
2.18457
0.539714
0.401186
1.03511
0.749186
0.731785
1.12967
0.0153272
0.532166
0.304663
0.0667583
0.250612
0.833655
2.70353
0.927245
0.691639
0.0202473
0.546802
1.61366
0.296698
0.301503
1.26006
0.487941
0.385342
3.66885
1.18649
0.222474
1.10032
0.768804
0.406804
1.73062
0.551486
1.39155
0.166409
0.0711958
0.326505
1.11551
1.36877
0.347813
0.0887437
0.00824251
0.443709
0.366142
0.85273
0.344435
2.41859
0.0757972
0.373128
0.4037
2.07019
0.839687
0.897591
0.892089
3.0849
2.43305
0.831709
1.04689
0.118441
0.263875
0.205066
0.590449
0.0563126
0.939851
0.219689
0.233266
1.13331
0.645864
2.12283
0.550979
1.46776
3.35894
0.565323
0.13686
0.317212
0.00558908
0.543499
0.201843
0.0818277
1.31197
0.723467
3.04508
0.355055
0.113597
0.782216
0.291864
0.0198087
0.113509
2.32385
0.140769
0.414356
0.0915788
0.86093
0.500861
1.19344
1.48927
0.921424
0.469777
0.28802
0.658468
1.60183
0.020012
0.593454
0.26175
0.159841
1.27085
0.269017
0.837036
2.32467
0.377518
0.353421
0.539769
0.310401
0.907785
0.743386
1.65787
1.89521
0.78551
2.48602
1.39359
1.12523
0.295707
1.82839
0.291227
1.04978
0.768199
0.0274909
0.290397
2.41924
0.324858
1.32572
1.2361
0.352659
0.200861
2.80976
0.588614
2.31649
0.193161
0.0119835
1.62743
0.673521
0.370528
0.249337
1.41443
2.36674
1.3672
0.835616
1.41029
0.341497
0.660007
0.708758
3.34435
1.3438
0.42629
0.245096
0.492874
2.14751
0.280358
1.02489
1.58103
0.737845
0.470892
0.700617
1.70948
0.815379
0.586091
0.306448
0.614169
0.965355
0.322764
0.304456
0.115683
0.880648
0.660018
2.01125
0.676683
0.259211
0.566641
0.284523
0.729053
2.47366
1.40802
0.658459
1.06384
0.108081
1.20305
0.045
4.24545
2.88615
1.15572
1.51371
0.627483
0.0626444
0.333556
0.335621
0.962992
1.29876
0.796397
0.0802998
0.425079
1.74242
0.414964
0.607931
0.528295
1.73044
0.38817
2.32371
0.0524876
1.40354
0.162187
0.84111
1.10866
2.35482
0.0524725
0.392849
0.00756349
1.38967
0.460246
4.99166
1.18761
0.0555545
1.4833
0.175684
0.121899
0.0584141
0.590992
1.32056
1.53188
5.35417
1.66164
0.139436
1.71578
0.162294
0.881106
0.262101
3.59733
2.37923
0.142321
0.0240233
1.08368
0.331808
0.897727
0.402946
0.207596
1.03177
1.06863
0.216912
0.501645
0.0257202
0.208508
0.0937802
0.0827641
3.25238
0.288528
0.215912
0.0182237
1.19355
2.62013
1.61913
1.17807
1.33705
2.68943
0.718063
2.18204
0.729305
1.35818
1.96463
0.553619
2.08368
2.15012
0.0907864
0.17186
0.64633
0.542039
0.423681
0.127447
0.0779176
0.777327
0.721806
0.105751
1.30406
0.925441
0.198187
1.17083
1.92605
0.468368
1.23083
0.80103
0.358368
0.7131
0.278737
0.0393274
0.583321
1.40881
2.60036
3.21175
0.690025
1.53966
0.485886
0.468348
1.10587
0.637969
0.759004
0.156783
2.20795
2.09748
0.307572
3.35336
0.540601
1.50912
0.0676206
0.158028
0.482141
0.281261
1.80828
0.270257
0.965338
0.78529
1.55093
2.52986
0.0553965
0.0317091
3.19159
0.684877
1.54542
2.15976
0.608001
0.335771
1.10925
1.83515
1.07639
0.414408
0.374032
0.212013
0.662384
0.225796
0.0707233
1.3829
0.182905
0.665303
0.750873
0.264666
0.999825
2.41447
0.649525
0.631338
0.159468
0.101868
0.012207
2.73881
0.0173305
0.0683033
3.39814
3.73282
0.825241
1.39975
1.97128
0.0175861
0.039318
0.756972
1.95082
1.19644
2.04164
0.186194
2.19623
0.437828
0.465225
3.14793
0.109494
0.774702
0.585084
0.999016
1.47708
0.0779586
0.781638
0.286886
0.783329
1.17037
0.425037
0.810244
0.981094
0.45167
0.97094
0.895665
0.414774
0.202292
0.423128
0.223434
0.223864
0.483795
1.31359
0.0601942
0.0847887
0.919625
0.259167
3.50896
3.12117
0.917071
2.61909
0.0614575
0.150208
0.46215
1.1756
2.42101
0.588912
0.266194
0.175033
4.43854
2.56989
0.706891
0.784029
0.795303
2.04223
0.179977
0.151078
0.235433
0.427487
0.664025
0.527639
0.795025
2.03092
0.152162
0.93356
2.99731
1.35667
1.80274
2.52762
1.19858
0.571755
1.87916
1.41875
0.855518
0.245075
0.596655
0.665736
1.08596
1.14904
1.04037
1.05157
0.932713
0.166646
0.21573
0.168502
0.0240483
0.444348
0.349969
0.265963
1.22626
1.51647
1.03152
0.294427
1.04782
1.53566
1.97971
0.914738
0.749019
1.19417
0.732989
0.255598
0.142152
0.456987
4.10628
1.22911
0.877467
0.567186
0.215117
0.283144
0.12323
1.83401
2.27496
1.28177
5.0719
0.0956811
2.09985
0.0176458
0.597844
0.189727
0.289048
0.170332
3.06465
2.24961
0.530446
0.922886
1.13708
0.319583
0.225657
0.231197
3.5265
1.27847
0.565571
0.108814
0.0924977
0.53699
1.66364
1.11631
1.88635
0.00411266
2.51457
3.33305
1.86004
1.69446
1.16082
1.82054
2.38106
0.830792
1.93485
0.442469
1.33602
0.112695
0.72189
1.17261
0.00113758
2.60132
0.346824
1.14064
0.222359
0.683352
2.17861
0.186287
0.244132
0.383848
0.318922
0.363793
1.32524
0.087323
3.79329
0.873798
0.0918118
2.26897
0.791758
2.68907
1.24786
0.266211
1.47019
0.968718
1.59958
0.982623
3.8159
0.765998
1.3177
0.677567
0.25563
1.32195
0.541239
0.731144
0.534043
0.960623
0.0138157
0.357492
1.54792
0.261802
0.96584
0.0622774
0.766366
0.436333
0.155481
0.719039
2.75253
0.263601
0.52655
0.660072
0.178859
0.130386
1.26199
2.71651
1.35741
0.723458
0.819996
1.27531
0.0513547
0.345051
0.23928
0.322453
0.0255249
0.996359
1.5812
0.577985
0.285184
1.65022
1.34532
0.0360771
0.0390833
0.444539
0.100718
0.852449
1.24645
0.274185
0.0903739
1.04615
0.637767
0.684726
0.141446
1.00869
0.962375
1.88919
0.84211
0.447366
0.452139
0.137845
0.084846
0.534082
0.545731
0.348355
1.16932
0.590201
2.58934
0.661057
2.1607
0.190017
0.34487
0.978963
0.233811
0.400503
4.08519
0.362837
2.33974
1.1896
0.785502
4.61097
0.422158
0.0157614
0.6652
0.646773
1.05252
0.109642
0.393151
0.248643
0.624619
1.16734
0.429105
0.789396
0.108254
1.46746
1.83279
1.57033
0.242421
1.44801
0.322574
0.105394
2.7809
0.837954
1.28855
0.158417
2.27713
1.22932
0.599305
1.6148
0.516119
5.28165
1.56603
1.37649
0.0106098
0.324286
0.25335
1.08322
0.479329
0.796016
2.13401
1.8665
0.271396
0.262075
0.496293
0.415948
3.64922e-05
0.262989
0.14192
0.242467
5.57612
0.524294
0.378834
2.7216
3.70632
0.040479
0.0841826
2.06242
1.37508
0.758312
1.12062
0.162929
0.747518
0.625583
2.28166
0.770057
1.35482
0.129754
0.221282
0.13103
1.11038
0.083542
3.44655
2.3887
0.37207
0.44529
0.285733
0.372123
0.893091
0.479401
0.746635
0.883882
1.55529
1.84126
0.736169
1.44522
2.12907
0.920779
1.01379
0.989488
0.143102
0.372634
1.5077
1.0782
1.49671
1.12845
0.21916
0.730103
1.60025
0.50305
1.02429
0.632468
0.645241
0.939288
0.473164
1.54252
3.45637
0.982187
0.101909
0.818863
0.00637488
0.975323
0.157697
1.58585
0.624202
1.09945
0.819918
0.423675
0.312983
0.219016
3.63426
0.514285
0.708818
1.39504
0.0638625
0.333946
0.559742
0.299314
1.61973
0.257215
1.06129
0.585186
1.18915
0.138634
0.0534979
0.075253
2.47233
0.0207619
1.19733
0.0125789
0.866585
1.21859
1.00904
1.29283
0.692311
0.105073
0.498325
0.0609335
0.588975
1.08232
0.295453
0.54249
0.0653518
1.44215
0.187389
0.133678
0.0486522
0.915097
0.484186
1.89403
1.75054
0.0385235
0.346066
0.73781
0.183015
0.422549
0.902218
0.0864911
0.454404
0.345779
0.100214
2.8966
5.70949
1.31225
1.10956
0.68571
1.77506
0.0648037
0.810539
0.322454
1.28713
1.667
1.18526
1.54741
0.855119
2.00404
2.43416
0.973536
0.62499
0.351162
0.638264
0.343975
0.406347
1.4453
1.67608
0.695481
0.115357
0.52294
0.877123
0.642693
1.20249
1.13749
0.542858
1.19152
0.527911
0.0934435
0.213823
0.275346
0.164826
1.37789
0.726336
2.08665
0.818888
0.23655
1.08796
0.143692
0.0788968
0.856672
1.411
0.777829
2.05227
0.258631
1.78172
0.230015
4.85588
1.03436
1.22637
0.10666
0.0531576
0.343429
0.85636
1.39161
3.50803
5.15154
0.593422
0.478372
0.087106
1.02186
0.969953
0.268375
0.490967
0.147596
0.11797
2.9383
0.427519
1.48888
0.0843492
0.551195
0.430479
1.81395
3.33365
0.250207
0.0670832
1.58958
0.556588
0.0587952
0.580771
0.143273
0.172295
0.67787
0.551906
1.32262
0.279222
0.501194
1.30112
1.17504
1.489
1.66703
0.402374
0.503023
0.0476923
1.27024
0.760401
0.171797
1.09745
2.12357
2.69156
1.37504
0.3626
0.331325
0.877454
0.312621
0.699947
1.04709
0.0666326
2.66251
1.22466
0.703186
0.0658298
1.99813
5.91348
0.669155
0.911244
0.275655
2.13751
0.394154
2.69
1.06843
0.147275
0.305695
0.0531409
0.202748
4.05268
0.877731
0.417587
1.04669
0.624873
0.319642
0.504302
1.4645
0.811073
3.92373
0.0379914
0.0608198
0.992296
0.107296
4.53138
0.408597
0.93327
0.054397
0.222931
0.926421
0.778275
1.59853
1.86405
0.549661
0.131882
1.50092
0.0826296
0.301779
0.0413061
0.140483
0.587014
0.0233596
1.25645
1.53889
1.11472
0.19846
0.0607826
0.0704929
2.97228
0.953451
0.0495038
4.2753
1.11963
1.13188
0.0919311
1.08718
0.0130769
1.18602
1.25799
0.2393
0.354674
0.296493
0.0106845
0.154965
1.13767
0.144082
2.53364
1.42189
0.502001
3.24664
2.20549
1.82447
4.14674
0.929223
0.978374
1.06763
1.5378
1.14901
1.28823
1.32411
0.353311
1.48078
1.27315
3.54877
0.598045
1.64966
1.00532
0.621955
0.698061
0.430551
1.12679
1.6147
0.932492
1.16013
2.89324
0.336679
1.71891
2.00422
0.0456295
0.242608
1.75059
2.72429
0.0556374
1.66344
0.775545
1.13381
0.628653
0.392589
0.448236
0.211873
0.0604446
1.07554
3.30971
1.50826
0.994597
0.533732
0.883317
0.306797
2.09309
0.0932577
0.952046
0.804352
2.20809
0.249074
0.273356
1.79995
0.705908
0.0617868
1.20373
0.800608
0.322049
0.747089
0.664271
0.399665
0.410633
0.0252139
0.00768096
1.62689
0.430156
0.460287
5.18367
0.524665
0.0281789
3.1669
0.206966
1.07269
0.464346
1.4852
2.5525
0.285216
1.98475
0.768222
1.6133
1.39705
1.41322
0.0407678
0.8852
0.305141
0.10521
0.338688
1.6816
0.470327
1.6796
0.355641
1.21962
0.162898
0.39182
1.24587
3.07439
1.12014
0.0846946
2.95988
0.085573
0.115403
2.36489
0.313297
1.45631
0.32503
0.0434405
1.16803
0.745793
2.35488
0.255127
0.395137
1.07227
4.00758
0.456275
0.281221
0.280777
0.627781
0.760215
0.0605225
1.84154
0.424627
0.443172
0.789846
0.685791
1.14626
0.298938
0.598002
0.439971
0.414912
0.507939
0.57618
0.595285
0.362846
1.22733
0.242709
0.871797
1.38404
2.34884
0.113665
1.06285
0.13892
0.568905
0.374405
0.118249
1.61052
0.81518
0.440566
0.309847
0.0941726
0.536238
0.114141
0.572454
1.48306
1.06118
2.69073
0.607403
2.43438
0.481686
1.66697
0.290285
1.51652
0.286536
1.20579
0.0886464
3.12506
2.47747
1.09851
1.22248
1.71794
1.48755
0.446339
3.00108
0.233105
1.11576
0.0637834
0.00817812
0.261073
0.541491
0.321012
0.385148
1.79081
0.482001
1.40858
0.931998
0.0370857
1.16372
0.0634406
2.97112
0.0725042
2.06083
0.224024
1.90021
0.129871
2.31514
2.7379
0.081055
1.69987
0.921116
1.52951
1.01572
0.471604
0.154775
0.887032
0.876899
1.69134
1.04958
0.896669
0.0465704
0.0704604
2.01485
0.45437
2.31476
0.286499
0.128587
0.708148
0.336198
1.65204
0.841449
0.266929
2.10603
0.582619
0.570888
1.30469
0.82864
0.409811
1.09075
1.02503
0.166664
0.309194
0.552643
1.56721
1.02711
0.839249
0.477225
0.256041
0.484009
0.0298537
1.70355
0.560708
0.102529
1.15399
1.58157
6.61388
2.71409
2.46522
0.705428
0.247505
1.28501
0.07798
0.604269
0.920377
0.726875
2.19376
0.401035
0.0833165
0.25454
5.18679
1.2771
0.475206
0.301608
0.157505
0.185868
2.32619
1.25069
0.79654
0.137222
0.102459
0.863997
2.92224
0.747772
1.12693
0.996443
0.387027
1.1228
0.831363
0.269105
0.199347
1.53154
3.20124
0.295381
0.270923
0.823072
1.47988
0.134477
2.2191
1.9124
0.431636
2.16896
0.851977
1.30489
0.157912
1.26996
2.28685
0.0496189
0.56713
0.593352
0.194351
0.75552
0.0263989
0.131041
0.0584912
1.21075
1.40091
0.474398
0.472662
0.382979
0.951082
0.815076
0.107553
0.850891
1.67743
0.414448
0.143738
0.880637
0.625717
0.0255004
0.575819
1.69106
2.41778
0.0112483
0.786303
0.0586423
1.3106
0.58499
0.111338
0.178159
2.21106
0.331279
1.18229
2.48254
0.51888
1.38725
0.963636
0.172499
0.136941
5.33004
0.647436
1.35346
0.804191
0.864136
0.377784
0.455228
2.49957
0.595126
3.01957
0.48289
0.641855
0.49255
0.221494
0.485427
0.511024
1.35928
0.58254
0.139792
0.205846
0.791611
0.347647
0.0795385
1.76539
4.34871
4.95147
0.266174
1.3368
0.945266
0.497803
2.00466
0.932877
2.03065
0.933817
0.173319
0.593001
2.54556
0.744076
0.454467
0.462159
0.646272
1.37918
1.85638
2.00202
2.93548
0.259196
0.307962
1.17134
1.10821
0.503383
2.0882
0.244285
1.16851
3.04802
0.0466898
1.12777
2.90908
0.327547
0.533686
0.813955
1.11305
0.326914
0.178502
0.776954
2.16983
0.389505
4.38436
1.64701
1.88016
0.435011
0.195349
0.390733
0.106426
0.021443
0.20872
0.0490358
0.287073
0.604101
1.33903
2.51817
1.89016
0.951893
0.146332
0.772453
0.835949
0.200582
0.241266
0.717463
0.618144
0.988667
0.0713982
0.142143
2.37281
0.264469
1.11687
1.57303
0.809668
1.07948
0.916189
0.514882
0.0130545
1.50243
1.29415
0.120957
1.60259
2.45627
0.176476
0.0493682
0.458359
2.29941
3.42844
0.244152
0.720872
0.109471
1.40549
0.0836093
0.336085
3.47766
0.897029
1.37237
0.908939
1.08214
2.11193
0.700837
2.23976
0.80228
0.351567
0.595132
0.238157
2.26697
1.9034
0.254752
1.1202
0.859929
0.413728
0.63944
0.675412
0.694348
0.735182
1.9571
0.511296
0.669712
0.0783562
2.45287
0.896086
1.77265
5.14363
2.0978
1.60564
0.882818
0.977547
0.504656
0.284373
0.69869
2.30376
0.152021
0.0559969
0.218818
0.890478
0.309763
0.0975099
0.580676
0.675838
1.4554
0.0174388
1.77248
0.27326
0.70997
0.401507
1.42581
0.457402
1.31294
0.284794
0.584183
1.03543
1.8305
0.31822
1.01912
1.2621
0.0745035
0.255503
0.416588
0.631267
0.64053
1.85451
0.459182
0.951962
2.28209
0.831793
0.2276
0.179496
1.07189
1.03293
1.06589
0.552223
1.08271
0.664886
1.08897
0.185927
1.69476
0.550126
0.769467
0.792589
1.11156
3.87179
0.213508
0.714616
0.29
1.77989
0.258201
0.39087
0.0584947
0.83995
1.56837
0.754605
0.530584
0.174133
0.155276
0.370582
1.28934
0.426758
0.642409
0.481566
4.7578
0.13875
1.64256
1.05768
0.955091
0.634788
1.72826
0.564895
2.23563
0.444954
3.85891
0.830178
0.412981
0.187732
0.0775814
0.891748
0.00251015
0.359835
2.44869
0.0611562
2.04389
1.22149
0.889472
0.331585
2.00265
1.32031
0.896201
0.890548
0.0837366
0.0681279
3.5668
0.0744456
0.217427
1.5063
1.2891
1.66409
0.285315
0.791618
0.277358
0.152333
2.36484
0.249906
1.22188
0.280191
0.498056
1.51401
1.79831
0.50219
0.0857567
1.37839
0.605356
3.05037
0.603716
0.0442105
0.267715
0.383087
1.49698
1.75306
2.38396
1.94158
2.23134
2.11668
2.63477
0.0921475
1.07248
1.0577
2.28933
2.36512
0.222688
0.151849
0.0485176
0.111682
0.44943
1.39709
0.430832
1.40363
0.760696
0.203897
0.161453
0.9541
2.69517
0.924357
0.838173
0.48726
1.03976
1.62138
1.21719
0.549318
0.991905
0.946118
0.327364
0.737614
0.675944
0.232491
0.941033
0.161536
1.96747
0.710174
0.0568094
0.0616902
1.04789
0.108237
0.180919
0.0113966
1.93289
0.724697
1.45085
0.490907
1.20391
2.46185
0.00277452
1.0009
0.729679
0.8446
0.018311
0.179602
0.466242
1.28044
0.884438
0.00177696
0.406223
2.01165
0.741333
1.7439
0.076531
0.143059
3.66228
2.71607
1.02649
0.0299975
5.0659
0.343988
0.141722
0.173388
0.360102
4.37468
1.12306
0.070448
0.470543
0.469523
4.05974
0.474988
0.00717644
0.694514
2.96382
0.0256205
1.09386
0.387168
1.37586
0.290531
0.389787
0.0847054
0.125978
1.87289
2.36851
0.213245
3.89309
2.12616
0.134569
0.97116
2.41081
0.127378
2.43519
0.0433199
0.326822
0.241834
0.0302559
3.06842
0.332453
0.519429
0.397802
0.30868
1.529
0.408503
1.45357
1.31537
0.447304
0.564484
0.0540861
0.114322
1.15037
0.470721
0.209791
1.61871
0.250731
0.100512
5.0975
0.224878
3.74361
0.127601
1.73015
2.17674
0.273642
1.32864
2.64485
0.730192
2.99524
3.189
0.63807
0.265024
0.452442
1.60891
0.689946
0.1592
0.145314
0.307427
2.11032
0.68498
1.19076
2.68019
0.926162
0.477213
0.366579
1.57588
0.200081
0.75219
2.19644
0.192643
1.30953
2.00346
0.349585
0.80474
1.39321
0.764461
0.339618
1.14164
0.0540328
0.271721
1.02024
0.742943
0.636286
0.00342575
0.391831
3.47837
0.163218
0.615133
0.266319
0.0298357
3.10847
2.65663
3.24023
0.8193
0.370057
0.311625
0.434537
0.674602
1.59165
0.276066
1.09621
0.747527
0.112463
3.24124
0.0825771
1.95257
0.683791
0.457628
0.773918
0.793849
0.92925
0.196368
0.0749247
0.0789304
0.200539
0.504791
0.0460838
0.403924
1.93655
0.326899
0.448947
1.6667
0.234026
0.389412
0.462655
0.729737
0.892302
1.28311
0.00864242
0.4889
3.32598
1.1223
2.44372
0.0730357
1.00883
4.88257
2.63839
0.140014
0.445724
0.629837
1.13492
3.34642
1.03736
1.38926
0.0415364
1.75633
0.159122
0.0896224
0.17391
0.00291186
0.453449
0.736738
1.68221
0.851501
1.85708
0.203866
0.0956198
0.569446
2.3779
0.105134
1.71959
2.05041
1.4884
1.32435
2.84301
0.526989
1.29625
2.04233
0.777126
0.090018
0.411878
0.246959
0.0522149
4.0868
3.49222
0.0960272
1.66352
0.124062
0.195145
3.5118
0.127359
0.780562
0.676259
2.71237
0.122256
0.408504
0.125619
0.23101
1.46758
0.0256294
0.365376
0.892519
2.26936
0.0837401
0.392155
1.82245
0.673247
0.0521842
1.23321
0.0306906
0.147261
0.0473431
0.286418
0.208016
0.0298893
0.246692
0.327625
1.83244
0.408409
0.610004
1.66143
0.606741
6.50414
0.358988
0.491834
0.120565
1.01328
0.706324
0.385441
0.521703
0.758965
0.983267
5.76617
0.559439
1.225
0.38753
0.310393
0.218396
0.465398
3.70852
0.256723
0.711404
0.0219655
0.645251
1.19353
0.0525289
1.18446
3.73887
2.21778
0.0298209
0.567167
1.20826
0.662145
0.564531
0.00290478
2.06162
0.787356
1.0213
0.476904
2.00102
0.0474746
2.42077
0.674749
0.0441959
0.414936
0.219349
0.453347
0.93257
0.499477
1.33415
0.872142
0.966451
0.281915
0.925511
0.0998624
2.85623
1.06376
1.55649
2.51002
0.789644
1.70653
0.433254
0.284058
0.360629
1.52775
0.287919
0.192996
0.397394
2.20774
0.80926
0.214102
2.75541
0.627284
1.15027
3.8947
1.63772
2.12367
0.421827
0.53109
0.3196
0.0842183
5.11283
2.23614
0.395166
0.910438
4.43689
0.313269
0.291016
1.5019
0.207861
1.60192
0.905843
0.774974
0.046847
2.2883
0.388994
0.350897
0.0769635
1.05037
0.20579
0.991254
1.85104
0.130579
0.0996534
0.747341
0.107656
2.30686
0.522197
0.59098
0.374638
1.14051
0.748629
0.365922
0.85208
1.92017
2.3444
0.824716
0.130523
0.170304
0.413901
0.371128
3.1029
2.72926
1.89266
0.000848059
1.79152
0.188248
0.352102
2.37914
1.72475
0.659301
0.76843
1.09276
0.929376
0.997252
0.212061
1.22848
0.758293
0.910976
0.16662
1.85788
0.326025
1.14089
0.163036
1.90842
0.763316
0.0560783
0.533287
1.06783
0.237149
1.39538
3.38996
0.18177
1.16153
1.69075
0.182788
0.734566
4.35905
0.623335
0.558016
1.65544
2.93058
3.3219
0.641886
0.802592
0.903927
1.09299
0.299886
0.135314
0.304698
0.532009
3.52523
0.778415
0.0976576
0.128964
0.49849
0.985968
0.193014
1.63927
0.332914
0.488829
0.81676
0.28696
0.80489
0.281212
0.067291
1.27267
1.44995
0.0537029
0.203053
0.214523
1.97529
0.13972
0.170776
0.407938
1.14644
1.39438
8.36024
2.83583
2.10844
0.304381
0.436811
1.89132
1.62601
0.592302
3.51063
0.217957
0.07674
0.157416
0.00172047
0.441668
0.759944
0.820658
0.932662
0.0890175
1.6347
1.11344
1.63521
0.844917
1.28684
4.4966
1.44173
0.879808
0.126984
2.53163
2.5272
1.61689
1.11622
2.52427
1.35796
0.800859
0.201264
0.101724
0.511133
4.2399
0.784535
0.462521
0.200197
0.961125
0.725583
0.2023
3.67202
0.0494686
1.35871
0.870052
0.143219
0.794067
0.291211
2.78911
0.126022
3.75079
2.62247
2.1361
0.82471
0.0477511
1.62129
0.657308
1.88462
0.644055
0.513561
0.893865
0.0262397
0.876932
1.16363
0.55527
0.842886
0.263078
1.59154
1.39016
1.88952
0.37447
2.71983
1.73404
0.447243
1.13048
0.518355
0.681311
0.255047
1.07044
0.566639
0.420869
1.00415
0.446205
0.255421
0.217263
0.521847
0.0281594
1.13022
0.293955
0.698377
0.0819441
1.86833
0.75185
1.08654
0.762001
3.09201
0.264165
1.44641
1.39021
4.08148
0.950474
0.0654179
2.49171
0.57425
0.551535
0.902275
1.84121
2.50081
1.71188
0.690186
0.431633
0.177929
0.141749
1.2396
0.49169
0.396669
0.124516
0.538153
0.00449106
0.464843
2.51063
0.0868196
0.245114
0.59292
1.36954
1.38891
0.513961
3.81352
0.724101
0.165885
3.24541
0.137748
0.243576
2.10602
0.833687
1.02197
0.639859
0.522442
0.816666
0.345462
2.35859
2.39305
0.607162
0.0383336
0.965348
1.85478
0.454212
1.33266
0.300682
0.461294
0.11428
0.196587
0.60274
0.393601
0.982855
0.221229
0.0790756
0.0280264
0.194066
0.8947
0.199053
0.147855
1.27279
0.505297
0.0158479
0.336183
0.037483
0.670127
1.17907
0.903588
1.51624
0.911014
0.700245
0.268622
1.00921
0.13089
0.0823831
0.000543605
1.95836
0.413651
0.462156
3.4083
0.728231
1.73029
0.345706
0.154314
0.0214617
0.459356
0.187094
0.220185
3.20841
0.432519
0.408079
1.13797
1.37754
0.432009
3.35351
1.53521
1.8273
1.07141
0.477193
0.966574
0.294853
2.14569
1.93229
2.21504
0.00571489
2.72213
2.22003
1.99959
0.318875
0.303094
1.78089
1.56194
0.0879971
0.132151
2.70707
0.111456
0.677473
0.109705
0.361112
0.600897
0.607024
1.01659
0.140655
0.226688
4.50707
0.101202
4.37574
1.76097
1.40131
0.457124
0.593733
0.00912557
0.287564
0.360858
2.30193
0.29519
0.270743
1.567
0.128083
0.713801
0.0542445
3.03098
0.357378
0.147382
0.0785276
0.26626
0.277739
0.838461
0.411979
0.788788
0.0194936
1.57355
0.203068
0.163126
5.4086
0.189644
0.283379
4.07121
0.000869241
0.000491216
0.430539
0.595307
0.00962129
0.915674
1.39243
2.40252
1.93353
4.48445
1.20677
3.71246
0.691025
1.40096
2.62161
1.60659
2.21343
0.00284198
0.033753
0.142924
0.845046
0.463388
1.13564
0.891031
0.17858
1.98458
1.34816
0.173241
0.0359475
4.34662
0.153161
0.0368486
4.38528
0.676979
0.663171
5.84848
0.0960738
0.269599
2.37114
2.93683
0.254932
0.935129
2.55811
1.28724
0.448013
1.89621
0.741075
0.290056
1.91529
0.813257
0.486065
0.550197
2.62334
0.0658654
0.0130154
0.0953913
2.60783
1.39924
0.287746
3.26007
1.34809
0.497673
6.11582
1.30123
2.15336
0.658895
1.29069
3.70946
1.26901
0.99844
2.55716
2.88102
0.273136
1.86449
1.10229
0.916577
1.18708
0.212315
1.90982
0.793164
1.37784
0.270302
3.53196
1.12491
0.357524
4.11558
1.45372
0.257346
1.33521
0.0164841
0.208888
0.648484
0.524933
0.206171
0.229371
0.345751
1.10528
2.65765
0.31173
0.490655
0.824243
0.211087
0.403014
1.61166
0.0359595
7.79681
0.511757
1.3101
0.211807
0.290956
0.325449
2.79291
0.671977
0.28575
0.952114
1.56015
0.264269
0.478644
0.0169384
3.47801
0.505383
0.229803
0.59112
1.63543
0.496949
1.05343
0.102523
0.0624067
0.870235
0.454545
0.594704
0.153827
0.810939
1.514
2.86512
0.893747
1.51213
0.420958
0.387264
3.52132
0.906423
0.913508
2.39906
0.0891982
1.88017
0.74081
2.0813
0.0830211
2.33976
2.22588
0.0500305
0.357211
0.102407
0.683381
0.111497
0.671294
0.158237
0.226835
0.797292
1.30012
0.839819
6.08652
2.04083
0.132127
1.50372
1.6772
1.25404
0.81477
0.170416
0.0363935
0.750138
1.39723
1.00683
0.57429
1.8205
0.657896
3.22309
1.24927
0.824916
1.99376
0.929667
0.942963
0.179357
1.21285
0.111625
0.314297
0.212705
0.290317
0.639883
1.35115
3.88604
0.0417152
1.34241
1.89415
0.179878
0.726669
1.08665
2.11427
0.0766027
1.71115
2.46531
0.919899
0.848778
0.797714
0.0390904
0.527832
0.0322158
6.50514
0.13171
0.900001
1.98283
1.3046
0.228104
0.0268716
0.564529
0.370454
0.351278
0.975451
0.824516
1.46472
0.452614
0.778762
1.65923
0.1085
0.495247
3.66291
0.965755
0.0547062
1.92156
1.18106
2.06026
1.46377
0.348831
0.588142
0.383138
0.404701
1.92936
0.430758
0.402461
3.82418
2.872
0.215237
1.22718
0.159433
0.248671
0.148796
0.610557
0.726445
1.43227
0.0186778
0.335798
0.133839
0.819915
0.0997618
0.258888
2.99795
0.0718069
1.8799
0.00335288
2.56279
0.777489
2.08688
1.17619
1.80138
0.386499
0.00987899
0.183625
0.192769
0.445997
0.691309
0.166635
0.361298
1.18003
1.96879
0.59893
2.44062
6.59284
2.38112
0.560835
1.42655
2.60446
1.25351
2.16397
0.664731
1.65783
0.120161
0.572167
2.10979
3.23442
0.578116
1.61771
0.695266
0.378297
0.679631
0.409454
1.00934
0.699218
0.700654
1.66532
1.98661
0.00282351
3.3343
0.181604
1.18925
1.74146
0.958858
0.937622
1.73367
0.742805
0.0384392
0.875216
0.598346
1.39517
0.631788
2.74681
0.824754
0.871274
0.464525
0.580522
0.78132
1.66396
0.277126
0.0442207
0.1342
1.32892
0.476817
1.43182
0.272154
2.14544
0.84862
0.106587
2.16983
0.768637
0.310844
0.870725
0.447993
2.1528
0.210467
0.203899
0.524357
0.258129
1.45965
1.95435
3.89783
0.269244
1.58091
0.779514
1.70169
0.181255
4.00442
0.446012
3.74607
0.253353
0.515974
0.107557
3.19522
1.52475
1.98851
0.219781
1.09455
0.571098
0.354404
0.800982
3.55612
0.833745
0.142099
0.404278
0.596787
0.388989
0.727732
1.94832
0.79798
0.335025
1.25818
0.75391
0.735477
0.713435
0.0734829
0.413016
1.12645
0.0540477
1.1979
1.05615
0.323543
0.106755
1.40317
0.268483
2.15054
0.960461
0.566984
0.79604
0.0538004
1.3137
0.105361
0.024118
0.352051
0.26457
0.440632
1.37112
0.809058
2.06647
0.925496
0.110357
0.172032
0.384921
1.00502
1.1356
1.76924
1.22014
0.0172675
0.703919
1.41644
1.25629
0.17146
0.0344279
1.69579
2.42757
0.313757
1.20439
0.752967
1.2109
0.286366
0.870867
0.567828
0.429265
0.92948
1.30934
0.871024
3.26
0.646606
0.146414
1.80168
0.0832128
0.275339
4.96567
0.509727
2.07663
1.11412
0.259908
0.86621
1.16769
1.32514
0.4108
0.517864
2.22378
0.463183
0.249428
1.62735
1.02172
2.53677
0.40434
0.418696
0.186198
2.45334
1.49317
0.731688
0.732377
0.703889
0.105784
0.655557
3.99116
0.269948
0.379543
0.06333
0.648683
0.369403
0.617496
0.433731
3.94509
1.16984
2.67904
1.10735
0.551333
0.312319
0.0766388
0.379241
1.01881
0.34889
0.126889
0.327117
0.242591
0.601027
0.970474
0.486619
0.455305
0.504906
2.34552
2.16266
2.32054
0.0045943
0.455435
2.14816
0.27597
1.14462
2.8944
1.26738
4.6572
0.519823
0.0729412
3.5459
0.0997744
0.0017173
1.02367
0.731425
0.314667
1.25351
1.79816
2.39627
0.00907082
3.06971
0.208185
0.254167
0.519726
1.65569
0.940934
1.47431
0.230014
0.721422
1.06724
0.113456
0.730898
0.022114
4.66259
1.42582
1.21579
2.73685
0.650315
1.18428
0.416425
0.795099
1.09419
0.571918
0.798906
0.36516
3.08643
1.71562
0.0206261
1.55463
1.30597
0.0298869
1.35595
2.48931
0.292872
0.159716
1.29489
1.9923
2.50932
2.68165
0.474106
0.855007
0.03958
2.26416
0.907805
0.0298047
1.06645
0.356842
3.34078
0.143742
5.14117
0.364117
1.14681
1.07687
1.34996
0.264658
3.35968
1.18772
0.0541167
4.2453
0.661292
1.5222
0.0152286
0.25633
1.19998
0.313336
0.46797
0.553166
0.142272
0.345882
0.440715
0.713704
2.01834
0.502909
0.521307
0.62309
0.552683
0.0640332
1.44321
0.492964
0.21805
1.41874
1.1854
2.10593
0.540118
0.571152
0.117432
0.482196
0.139503
0.178502
0.45925
0.951985
2.9049
0.483463
1.83345
1.03296
1.05656
0.240629
0.0714108
1.53696
0.705768
0.553985
0.349756
0.467439
1.718
1.20864
1.81468
0.281265
1.44148
0.918649
1.0061
3.20244
0.444606
0.398591
1.81772
1.4972
1.44333
2.9643
0.172947
2.24498
0.11865
0.748787
0.709471
0.0588233
2.41258
0.428071
1.20789
0.82729
0.825769
1.47008
0.427302
0.0708226
0.217458
1.02967
0.58298
0.016144
0.422005
0.326947
0.302709
0.113943
2.11877
2.25899
0.0693809
0.272786
0.253962
2.35003
0.0151012
4.43448
1.91758
0.190925
2.13884
3.35007
1.20686
0.494796
0.0222915
0.9449
1.34147
1.28453
0.19122
0.357592
0.679861
0.73769
0.460472
1.16716
0.179912
1.66486
1.21999
0.71116
0.0939378
3.37996
0.958721
3.48941
1.97685
1.15089
0.233478
0.0896769
0.887411
0.252589
0.0767863
0.582172
0.505868
3.12632
0.521271
0.103012
0.425299
0.559105
1.235
0.0887932
0.164283
2.14742
0.48712
1.0351
0.519189
1.40495
0.405807
0.843163
0.833338
0.0390806
0.0818378
1.0644
0.00428722
1.18809
0.979618
2.00822
0.47617
1.78839
3.02715
3.41493
0.0576118
0.0257884
0.524989
0.60331
3.9943
1.68563
0.800478
0.397505
0.278329
0.301175
0.53268
0.501619
0.154628
1.60235
0.0400522
0.794655
0.805642
0.466525
0.125468
0.126247
0.529582
0.218771
1.48575
0.536874
2.22276
0.507852
0.330172
0.31544
0.262643
0.264938
0.271354
0.338228
0.298683
1.03872
1.34696
0.274154
0.617602
0.343696
0.838844
1.21644
0.800525
3.9508
0.103326
1.18474
1.51112
0.147836
0.277647
0.404271
0.71386
0.446837
0.599911
2.54337
0.813838
0.254643
0.410717
0.595179
0.975563
0.962402
1.26964
1.92417
1.90228
3.14011
0.151953
0.115386
0.923349
2.12813
0.428881
0.0656887
0.188496
2.48354
1.45798
1.28267
2.27607
2.0059
0.539355
1.12902
0.00289314
1.07679
0.00923078
0.719776
0.0198587
0.616794
0.570111
0.859223
1.15561
1.47562
0.0253642
0.368393
0.493295
1.36302
0.176927
0.274649
1.20676
0.361156
0.429458
0.361902
0.203427
1.197
0.457644
0.439849
0.953093
0.144473
0.0818275
0.716962
10.9581
0.684078
0.20877
0.00287567
0.16813
0.220156
0.725692
0.191668
1.07275
3.00675
1.39001
0.420177
1.27981
1.49599
1.05333
0.117996
0.73415
1.6787
0.433033
0.249645
0.123879
1.20597
0.74354
0.357509
0.50833
2.22377
1.06842
0.0130387
0.0266731
1.3281
0.743853
0.0266553
0.261967
1.24876
0.0296087
0.486491
2.41626
0.787865
0.82016
0.840903
0.684649
0.371885
2.42757
0.245445
0.0905153
0.827761
0.398903
0.932996
0.472177
1.1407
1.75764
0.678988
0.479658
0.434052
1.57723
1.51188
0.279609
0.597662
1.57243
0.315041
0.204472
0.381525
0.35175
0.536804
0.0307882
0.394108
1.61248
2.8313
2.0472
0.446671
0.712826
0.456711
1.11113
0.547303
0.877745
1.41614
4.16469
2.44443
0.452522
0.447572
0.900491
0.212608
1.92204
3.67438
0.784492
1.0417
1.40299
1.54914
0.102087
0.79098
0.0595486
0.331246
1.99349
0.437505
1.19521
2.24525
1.13966
0.689085
1.8028
0.800682
1.95341
0.422978
2.49634
0.752945
1.45414
0.696944
0.337397
1.38976
0.536347
1.05083
0.118431
0.00878754
1.8444
3.36329
4.09738
0.486993
0.948102
1.3376
0.190069
1.2364
0.334248
0.262545
4.77299
0.160057
0.880109
1.16765
0.0429116
0.308342
0.206862
2.09693
1.69452
0.046126
0.251124
1.32398
0.853553
4.46311
0.268954
1.96951
1.34453
1.05251
0.71504
1.90398
1.0779
0.434956
1.69502
1.03023
1.34031
0.56024
0.479
2.42287
0.149082
1.09279
0.153432
0.139315
1.67465
1.30013
1.70898
1.92847
4.93916
0.00583445
1.31601
1.65628
0.0522368
3.07633
0.783245
0.98082
2.85328
1.50914
0.664505
1.14471
0.561841
5.59916
0.760802
0.0937955
0.429255
0.429418
1.31903
0.0912843
1.50526
0.120138
6.55368
2.4834
1.50474
0.151773
0.0477072
0.892941
2.02738
2.00646
0.589112
1.97443
2.05069
0.194772
1.10961
2.55425
0.140239
0.240024
0.792407
0.0760118
4.86547
0.0332653
1.406
0.548412
0.0294465
0.339097
0.716752
0.474853
1.01252
0.28007
0.625984
0.535696
0.442343
0.623323
0.402389
0.145483
0.928001
0.4746
1.29443
0.640511
0.278924
0.187686
0.40667
0.121893
0.427869
0.00445806
0.0377084
0.651914
0.245695
0.877678
0.803291
0.235888
0.959644
0.366762
1.00039
1.03842
0.90291
0.155401
0.0243043
0.263068
0.491346
0.671927
1.03859
1.36912
3.0601
3.7866
2.12917
0.815933
0.438805
0.933968
0.0312331
0.912788
1.50568
0.453952
1.2495
0.134946
0.46098
1.38773
0.929349
0.884729
0.407385
0.171188
1.59605
3.0279
0.624297
0.561364
0.910236
0.0607843
0.852138
0.971756
0.34289
3.26218
0.117499
2.75408
1.22883
0.0661136
2.44946
0.88777
0.972197
0.313141
0.217455
1.05699
2.02079
3.63327
0.0175389
0.869414
0.105147
0.488935
0.402213
1.22077
3.64562
1.09594
1.98292
1.47491
0.960652
0.395558
0.224106
0.241979
0.487222
1.4884
1.811
1.12687
1.33166
2.94443
0.947486
0.585776
0.0114082
0.746433
0.0322689
1.00265
1.58376
0.257722
0.336301
1.08545
0.224094
0.360938
0.27846
0.357486
1.17021
0.853816
0.00558028
1.08943
0.27442
2.02418
0.570563
1.94732
0.216409
1.0094
0.0750153
0.868128
0.527343
2.39448
0.296005
0.15758
1.93897
2.02877
0.889449
2.02111
0.501614
0.969881
0.694316
0.209791
1.88428
1.5426
1.90714
0.0500543
0.0933808
0.0993192
0.429845
1.50892
1.10491
0.438435
0.584194
2.39411
0.252126
2.09751
1.45282
0.540335
0.719081
1.82239
6.07939
2.55915
1.37492
0.292932
0.0708746
0.924546
0.130598
1.0716
0.636351
0.727484
0.3263
3.55309
1.22459
0.135216
1.41692
0.815582
0.19273
1.87531
1.05603
0.743779
0.982283
0.387023
2.11727
0.0704115
0.260937
0.108135
2.90457
5.46337
0.733845
0.612541
1.7965
0.729087
0.479097
0.87051
1.47656
0.596164
0.204016
2.24439
0.112741
1.06517
0.529132
0.486181
0.985359
0.124439
0.716422
0.484889
1.12278
1.16091
0.26257
0.395699
0.237602
1.94123
1.04331
0.0955469
2.58312
2.09871
0.215197
2.03784
2.06472
1.25022
0.397077
1.2285
0.262937
1.23229
0.340422
0.00279134
0.171328
0.640708
2.27104
0.306624
0.137438
0.367706
1.04726
1.40693
0.55284
0.175074
0.150056
0.104597
1.87996
0.462461
0.555305
0.0606929
0.25714
0.0766841
0.162533
0.163934
3.02009
0.42103
0.0211129
1.73926
0.0588885
0.428646
0.75847
0.340236
0.058673
1.71562
0.344161
0.241358
0.347047
0.20823
0.651069
0.547557
0.684502
0.136524
0.194489
2.53005
0.339987
0.379923
0.019853
0.145747
1.15949
0.590157
0.216307
2.44292
0.73309
0.422393
0.0664553
0.636353
1.16524
0.0890355
0.349743
1.36783
0.568801
1.75301
0.0343213
0.674878
1.04099
0.39293
1.22153
2.81546
0.719293
0.203013
0.449044
0.00859911
0.373018
0.773288
2.64377
0.91521
1.92822
2.96743
1.32875
0.778588
0.501411
2.65503
0.605209
2.45227
0.320518
0.730506
0.485618
3.28023
0.925134
1.13885
1.23005
0.0380323
0.706357
1.35271
0.750987
0.166594
0.0686908
0.265686
0.0982517
0.865807
0.539658
0.607596
0.886369
1.30343
5.09099
0.727237
0.397449
1.88678
0.626091
0.0652418
0.493292
1.96359
4.94236
1.85423
1.48523
0.310731
0.449043
0.172251
0.260676
3.36053
1.82044
2.76766
0.00260466
0.42252
1.13523
0.756514
0.689281
1.36664
1.44401
0.895613
0.392043
0.199761
0.0481233
2.43241
2.40211
0.0416889
0.560249
0.271075
2.20068
2.24673
0.357532
0.326644
1.40203
0.347379
0.130207
0.749615
0.822234
0.661353
1.15736
1.56075
0.596258
0.741769
1.29906
0.600991
2.0275
0.520647
4.04171
0.456337
0.163579
1.37221
3.17109
0.644786
2.62453
0.00503857
0.490044
1.814
0.0469425
1.69463
0.0773569
2.73537
1.23991
0.470068
0.240531
0.624538
1.10414
0.409286
4.82118
0.260137
1.71326
1.13204
0.019259
0.313142
0.224839
1.37155
1.27506
0.0722392
0.165052
1.21409
0.572863
0.361043
0.596877
0.501095
1.50632
0.473205
0.509425
0.181134
0.240795
0.588818
4.01793
0.340293
0.478273
1.1796
1.08909
0.901247
0.170895
0.403439
2.65659
0.161382
0.823337
1.38444
1.7525
0.867763
0.0185618
0.0284145
0.395114
1.34315
0.102815
0.651136
0.583387
0.763135
1.52142
2.2207
2.63013
0.820693
0.31261
0.396144
1.29299
0.658673
1.47888
1.22949
1.4736
0.165175
0.51109
0.569831
1.37118
0.814746
1.45397
1.12703
1.22513
0.396598
0.554327
0.761298
2.38061
0.586865
0.823153
0.266446
0.202004
1.07488
1.24636
0.980572
0.213761
0.681313
0.726436
0.128276
0.0554294
1.53635
0.593265
1.51173
0.311015
0.247932
0.66754
0.0389457
0.464963
2.18204
0.63975
0.125601
0.587775
0.273038
1.58006
0.163365
0.835476
0.247923
1.15093
0.642145
1.08919
0.280526
1.23011
1.87354
2.33589
0.545055
0.637379
0.100632
2.45617
4.39768
0.243504
3.44699
1.48073
1.08946
1.37686
0.0406405
2.14721
0.267436
0.0812348
0.294414
0.129938
0.799839
0.466914
0.835374
1.55844
0.182847
1.26233
0.43985
0.488875
0.511936
1.77022
0.0514991
1.03643
0.770989
2.2693
0.795301
3.16142
0.458771
1.03364
2.05473
0.439488
1.96906
1.83277
0.137153
0.742371
0.885909
0.183909
0.522909
1.72778
0.282378
1.08542
2.88547
1.59263
0.035943
0.714287
0.88224
0.226159
0.258079
2.84752
0.889387
0.989214
1.47717
1.01968
0.319394
0.369849
0.767663
1.72578
0.310331
2.34178
0.627836
0.149275
0.300399
0.395515
3.84899
0.490436
1.90168
0.835539
0.811096
0.298257
0.492136
1.61768
2.52733
0.404743
0.911928
3.11076
1.85349
0.203827
0.171787
0.0734061
0.135142
1.37411
1.20034
2.28401
0.488122
3.58699
0.232293
2.55266
1.58126
0.642609
1.74852
0.301833
0.948683
0.0893199
0.884805
0.895137
0.640721
0.576054
0.171747
0.0291371
1.18999
0.790734
1.77406
0.956866
2.11478
0.55968
0.847087
1.28248
0.949343
1.3063
1.57711
1.34482
0.646481
0.677935
1.01483
1.98294
0.624842
1.86319
1.53462
0.299671
0.384054
0.942716
0.73288
2.68318
1.19033
0.112813
0.740454
0.185085
0.786513
1.14228
0.220251
0.274893
0.257992
0.0284408
1.93969
0.112876
0.609999
0.5579
1.76838
0.0721979
0.170516
0.975028
1.65583
1.00208
0.122342
0.591681
0.683633
0.867044
0.344503
0.328063
1.82478
0.942461
2.20831
0.443515
0.780857
0.881871
0.625311
0.0673046
1.40633
0.00951998
1.37042
3.05001
0.287444
3.62679
3.9467
0.112132
0.0835311
0.575062
0.762849
2.40271
0.707212
1.17259
0.760027
0.37987
0.390555
1.0427
1.43823
1.70672
0.257875
0.0555981
0.103387
0.0683373
1.09187
4.45121
0.55213
0.231176
0.854087
2.19987
0.316754
0.399414
2.28925
0.0176444
0.331186
0.160731
4.69819
0.304638
0.293771
0.0736742
1.20377
1.55219
3.94009
0.231835
0.651337
0.719285
0.740182
1.61934
0.174829
0.336349
0.968927
0.490546
0.415072
1.26845
0.604701
0.00412903
1.22781
2.10406
0.236382
0.330444
1.45767
0.6578
0.943359
1.09626
0.692148
2.23129
1.68395
0.674106
0.168679
0.0714027
0.824199
1.93213
1.94582
0.780815
0.0640944
0.409145
0.0564297
0.879613
0.148214
0.242411
2.04549
1.41991
0.923755
0.236217
0.648164
0.0584099
0.241449
0.203417
2.72994
0.55344
0.626344
1.21066
2.37561
0.0791942
0.458677
0.521789
3.46573
0.201187
2.27235
0.132355
0.289222
0.613124
3.86945
0.114608
0.000311542
0.0420871
0.587107
0.0567593
0.984222
0.871843
0.315321
0.687072
0.415641
2.06688
1.22876
1.69869
2.6615
2.54919
0.00114024
2.00199
0.426004
0.628478
0.836864
0.292933
0.782495
2.73051
1.08019
0.716388
0.124492
0.815089
1.00911
0.459196
0.0158693
0.953439
0.647204
0.0161858
1.06653
2.53274
0.0738986
0.331384
0.697916
0.418063
1.5097
1.84809
0.242198
0.666248
1.07746
0.156953
0.524624
1.08081
0.0102413
1.40694
0.136136
0.860673
0.00907794
1.1087
0.71731
1.10717
0.20028
0.991529
0.257356
1.69802
5.87792
0.277931
0.564827
0.641869
0.299359
0.091394
0.50129
0.400389
0.461103
2.26944
1.11358
0.160681
1.34359
2.17788
1.00732
0.508547
0.0324969
0.0439794
0.0611417
0.0430783
1.60016
0.206515
0.965707
1.64596
1.94211
0.140668
0.64756
0.0388418
1.42801
1.216
1.93138
1.4164
2.92316
0.337704
0.262801
0.229341
0.468302
0.981779
0.765467
1.36004
0.738115
0.231306
2.22363
0.302563
0.097858
0.74779
1.07795
0.133756
0.843075
1.26947
0.183155
0.45847
2.36027
1.54481
0.192277
1.43634
2.49944
1.05441
1.61094
1.13346
0.438794
1.06523
0.571808
0.35871
2.84639
1.09842
0.70596
0.379626
0.34525
0.0421241
0.0610574
1.6817
0.28469
3.01625
0.0779841
0.416994
0.649329
1.32701
0.627681
0.0483699
0.604676
1.00385
0.53609
0.445278
0.545036
0.891331
0.129605
0.412563
0.276401
2.54922
0.0162628
0.908018
0.860881
0.6008
2.28376
0.732215
0.125822
0.518297
1.80205
0.527947
0.590077
2.24687
0.253768
1.18243
1.86618
0.35546
0.0350498
0.389921
0.0344662
0.694377
0.462207
0.668704
0.14404
1.53747
1.8772
0.808168
0.469951
3.45901
2.2291
0.958307
2.21089
2.39148
0.239699
0.630374
0.446495
0.117923
4.32484
0.650779
0.725054
1.72487
2.19414
3.25494
1.25904
0.119543
1.06388
0.824076
0.530728
1.16902
2.15632
0.590054
0.210649
0.293509
2.708
0.391693
0.0402332
1.51555
2.10714
0.535121
1.38171
1.47311
0.0313464
1.01956
1.13723
0.279708
0.113006
0.0402258
0.438864
0.098296
0.729372
2.04743
2.4701
0.521439
1.78588
0.998308
0.731907
0.667938
0.214255
2.67122
0.194267
0.0802424
0.472462
0.456502
0.402667
0.370868
1.1731
0.463465
0.0945053
0.841664
1.53852
1.82653
0.415207
1.6937
0.650616
0.0192758
0.0620431
0.879792
0.0603008
0.536809
1.13554
0.858747
0.337325
0.90183
4.05369
0.126327
0.255759
0.696454
0.931171
0.542195
0.566485
1.52542
0.684459
1.65558
0.161313
1.75505
0.126565
1.82988
0.220649
0.234533
0.52522
4.09255
0.049283
1.3798
1.60677
0.747317
1.4587
1.96342
0.118215
1.74859
0.3216
1.56182
0.514647
0.824019
0.485189
0.486019
1.13946
0.941842
2.17667
0.336755
0.0290378
0.384287
0.0708378
0.742877
0.13706
0.245084
0.432876
0.283644
0.0586133
0.797088
0.608852
0.62643
0.760707
0.701408
0.240639
0.40366
0.0309519
3.98119
0.212886
0.15312
1.64671
0.628791
2.69147
0.235224
0.0285013
0.380731
0.902723
1.23137
2.61359
0.656077
5.11995
3.10888
1.61034
0.0644432
0.653169
2.63475
0.328188
1.77765
0.192648
0.410529
0.478561
0.997645
1.62052
2.44173
0.14545
0.016209
0.281195
0.181335
5.95802
0.574246
0.367905
1.63339
2.33961
0.274484
0.0144423
2.68434
0.81345
0.938727
1.02121
0.660492
0.0943013
1.00475
0.577592
2.20884
1.19163
2.50541
1.70614
3.73167
1.38359
5.06137
0.375054
0.138859
0.980606
0.122113
0.0435742
1.4283
0.140447
0.339337
2.60541
0.137477
1.28963
0.266501
2.70572
0.989567
0.642417
2.94726
0.820971
0.031134
0.812812
0.222939
0.721664
1.03954
1.79397
3.05355
0.769067
0.754972
2.04924
0.43849
0.705268
0.968875
0.428713
1.708
1.38685
3.63323
2.71392
1.57396
1.3237
0.0669459
0.0839633
1.07875
0.214679
1.63559
2.2436
0.135107
0.568146
0.458714
0.0767669
5.02391
0.508426
0.995024
0.214751
2.43744
0.323887
0.0273292
2.00563
1.67784
0.81404
1.33405
0.184179
0.0650284
0.441738
0.727462
2.13479
0.113417
0.6742
1.68986
2.30258
0.253974
2.122
3.93909
2.15647
0.0762424
1.54036
1.50594
0.222876
0.247336
0.157936
0.319765
0.238947
0.786697
2.34305
0.520542
0.611142
0.199224
0.566974
0.389632
5.09243
4.57522
0.0611159
0.176821
0.054092
0.538485
1.13612
2.72396
0.741475
0.185574
1.38566
0.550933
0.500315
0.994385
0.51772
0.32563
1.21557
0.210498
0.0577551
2.33556
0.52584
0.225915
0.194707
0.971499
1.37384
0.0843492
0.0276653
0.228328
0.303166
0.616272
0.748302
0.294882
0.597369
0.882171
0.540342
0.697954
0.00248773
0.101354
0.574091
0.746704
0.308919
0.206562
2.989
1.07711
1.69648
0.436623
2.77016
0.734242
0.784395
5.03087
0.550562
3.04799
0.217759
0.917037
0.853388
2.85682
1.14315
0.919588
0.158627
2.85966
0.0633266
1.11938
0.220762
0.715609
0.30061
0.955924
0.0135953
0.303971
1.24455
0.598358
1.55207
3.80273
1.01311
1.33886
1.01366
0.604374
0.0961138
0.854392
3.63874
1.00853
0.839157
0.505985
0.886221
1.44226
5.9473
0.176522
1.2247
1.13499
1.44027
1.91624
0.970977
1.74011
0.747302
1.71136
0.408879
1.54173
0.570793
0.429412
0.049304
0.158824
1.60642
1.80972
0.13301
0.573244
0.853679
1.43403
2.20627
1.096
0.409642
1.99219
0.358158
2.34379
0.302042
2.19667
1.10155
0.298514
0.0519743
0.468083
2.75916
1.68084
0.257009
0.816315
1.01689
1.39835
0.473725
3.64537
0.774329
1.67261
0.390079
0.884538
3.19656
0.130555
0.550598
0.0873469
0.818026
6.01164
1.86623
0.595272
1.08869
0.200168
0.374245
3.33489
0.0893163
0.850701
1.91874
1.39872
1.77765
2.3419
0.135689
1.45938
1.26457
0.43622
0.393876
0.439934
0.112632
1.21363
0.400193
1.03707
0.723871
1.05787
0.264751
0.642884
1.49254
1.06711
0.816144
0.40631
1.06001
0.516108
1.52548
0.381102
0.878436
0.0994623
0.330274
1.1087
1.1013
0.144427
0.550084
0.690202
0.0390908
0.798472
0.309444
1.41048
2.3383
0.895772
0.118667
0.0100801
0.348978
0.582869
1.06577
1.65926
0.0992811
2.19051
0.333999
2.03799
0.785565
1.84397
0.227662
0.220255
0.281003
4.27519
0.722737
1.76926
0.0842151
1.58891
0.692253
1.37963
2.66403
2.55943
0.283494
3.46317
0.639863
0.719487
1.28969
0.471836
0.110602
1.81119
0.488043
0.509655
0.326071
0.0426055
0.234479
0.466423
2.65713
0.67917
0.27769
0.642433
0.40763
0.590726
1.11375
0.866902
0.565926
0.206106
0.52643
0.719352
4.0232
2.39517
0.302808
2.4354
1.78078
0.709504
2.12953
0.362592
0.0213358
0.930774
1.14029
0.134463
0.58392
0.0687578
0.744676
1.27489
0.114466
1.32474
0.0979403
0.0387496
0.257594
0.40912
0.717434
0.825231
1.52253
0.202939
0.152702
0.240806
0.461916
0.80052
1.29806
0.43391
0.615718
4.43948
0.307159
0.34424
0.685794
0.157325
0.904785
0.728608
1.39161
0.322473
1.03068
0.215197
0.41869
0.18434
2.45522
0.598291
2.32765
0.00748084
0.669935
0.138764
0.420404
0.000255452
1.17582
0.133599
0.203252
1.79005
0.4141
0.807105
0.484431
0.0682827
2.3632
1.85598
0.0557257
0.186749
0.144958
0.799645
0.379683
1.31049
0.0703483
0.0696147
0.00597476
1.2419
0.302274
0.427786
2.11621
0.192396
1.60097
1.52321
0.201472
0.337653
2.42537
0.745897
0.338011
0.923789
1.05197
0.636275
0.572765
4.58688
0.0248996
1.71473
0.0574374
2.66605
1.08972
0.116557
0.106274
1.60261
1.08037
0.539129
0.752773
1.30366
0.661631
0.7655
0.579155
1.36592
2.14513
0.384399
2.52417
1.14334
0.106615
0.107973
3.43589
0.0127646
0.988968
0.293855
0.956258
0.326825
1.29228
0.0530925
0.312802
1.38608
2.05335
0.39219
1.14075
0.766545
0.569948
1.51979
0.406486
0.0997948
0.22063
1.98745
1.73409
1.14563
0.507256
0.305259
0.556578
0.329618
0.872772
0.425731
3.27143
1.14992
0.596122
2.65714
1.19079
0.0802298
0.203913
0.373519
0.439879
2.40597
0.451613
0.979474
1.07813
0.268005
2.97428
0.415804
1.47177
0.483472
0.129464
0.110366
0.650735
0.384811
3.42497
0.359218
0.00139917
0.454609
0.832054
0.55902
1.03876
0.159058
1.49138
0.936886
1.77426
0.253596
0.772201
0.747415
0.358234
1.28183
1.82079
1.06996
1.00047
0.225023
0.330545
0.345399
0.573762
0.261863
1.00036
0.232031
0.951257
1.40115
0.373345
0.0966023
0.0759165
0.327147
0.500645
0.0774261
1.03374
3.18703
0.698633
0.343099
0.11178
0.325279
2.28854
2.75121
0.696491
0.573749
0.620939
1.62333
0.173237
0.357622
0.615697
1.56712
0.697487
1.35171
0.0871031
2.79301
3.56093
1.25762
0.157638
0.880278
0.633664
0.611408
1.13139
0.781896
1.33346
0.0739437
0.959634
0.479266
0.0304404
0.127495
1.11229
0.145883
0.506463
0.843457
0.0746056
2.29308
0.0063903
0.764537
1.21001
0.180841
1.8025
0.176189
3.14161
0.411401
2.33041
0.0410349
0.323022
2.07411
1.41007
0.547979
0.615565
0.255189
2.11442
0.147433
1.45969
0.956417
0.233644
0.485579
5.65351
0.272252
0.701909
1.10168
0.468531
2.32012
0.271111
0.590535
1.61336
0.2795
3.93326
0.698337
0.526396
1.69029
1.09103
0.455796
0.165833
0.836725
0.521316
0.560111
0.581973
0.176899
1.90205
2.31132
0.489987
1.30946
0.0386887
0.168487
0.424292
0.282769
0.775915
0.418949
0.662897
0.04508
0.0100005
1.95703
2.91539
0.284246
0.363401
1.37279
0.675812
0.33563
0.286601
2.30786
0.106079
2.4455
0.310041
0.292304
0.654293
1.11732
1.14669
2.54333
1.80169
0.761534
1.72747
0.251473
0.305283
1.96765
0.473857
0.93867
0.112633
2.49037
3.01827
0.894445
3.24933
3.24587
0.597634
2.37534
0.233805
1.40479
1.06021
1.20311
0.0405021
2.33105
0.916959
0.151217
1.69349
2.01628
0.500542
0.351423
0.775865
0.0791634
0.24553
0.469483
0.939461
0.0407967
0.908868
2.05765
2.3045
3.66608
0.656042
0.00673567
2.22141
0.56601
0.911001
1.91558
0.499686
0.0489452
1.42612
0.920708
1.62124
0.533375
0.358825
1.84541
0.380067
2.32045
4.03867
0.141918
1.4637
0.471889
0.559704
0.368626
0.602006
1.0394
1.14882
0.0634189
1.15934
0.328518
2.71351
0.883095
0.293611
0.535794
0.899463
0.157798
1.87738
0.212068
6.66262
0.274816
0.272934
1.42082
1.84548
0.0420773
0.188575
0.154965
2.14767
0.669521
0.0463844
2.00711
0.968515
1.68172
0.276809
0.0502154
0.130407
1.18446
1.18845
1.63605
1.4087
0.480644
0.0891179
1.16872
3.44558
0.415055
0.109849
0.823998
0.664898
3.01675
1.39601
0.662417
0.212362
4.74136
0.278233
0.0339487
0.0330166
0.535701
0.194718
2.47363
2.33085
0.251361
1.52026
0.740534
0.0368762
0.0234177
0.848904
0.172529
1.26314
0.311187
3.31644
0.640123
1.04708
0.0502209
0.176746
0.960116
0.492129
0.309297
0.196596
2.07426
0.244721
2.6721
0.444331
0.524933
2.55318
0.920364
0.583009
3.09321
0.0165026
0.964215
2.04304
2.51521
1.8387
1.05472
0.583925
2.09704
1.12349
0.0145162
0.0362978
0.497729
0.331056
7.36244
2.00147
2.67181
0.0495538
0.0272377
0.794127
0.574516
0.346594
1.29646
0.373056
0.713319
1.07118
1.10903
2.5058
0.866457
0.317105
0.446559
0.76401
0.339836
3.85807
0.518473
0.232269
1.71406
0.0579277
1.04857
1.19418
1.31356
1.09057
1.31936
0.131509
2.91523
1.31699
4.43054
2.09298
1.51598
0.0150751
0.552874
0.24517
0.367981
0.163941
0.752476
1.70295
1.6534
0.221796
1.33273
0.49129
0.636138
0.101388
2.55579
1.42205
0.078296
0.39592
3.38278
2.25548
0.483245
0.956096
0.897038
0.121445
0.327925
0.392923
0.271269
0.255398
0.058667
0.255771
0.107666
1.81637
0.275283
0.748192
0.0563736
0.795207
1.13316
0.876147
0.456285
0.666678
1.52573
0.108266
2.07746
0.291964
0.22193
1.59515
0.0120565
0.320671
0.132459
3.81813
0.185745
0.70782
0.900518
1.43439
0.971916
2.06533
0.0906452
1.96064
0.103823
0.155062
0.0887353
0.224004
3.96452
0.393865
1.3
0.0364949
2.07201
0.519956
0.966145
0.275008
2.22602
0.514148
0.42014
1.45584
1.06477
0.781047
0.82992
1.10015
1.69506
1.16468
1.03623
4.26349
0.217235
0.272925
1.377
1.69773
0.118867
1.79772
1.12742
0.236596
3.81498
1.43148
0.529971
3.19381
0.0905823
0.149481
5.2633
3.23573
0.785918
0.952629
0.224523
0.573306
0.0163982
0.785586
0.227071
1.11309
0.090167
1.45694
0.413452
2.32927
0.607022
4.12561
2.19427
1.05065
0.251924
1.01122
0.629591
0.407623
0.635918
0.154695
0.78847
0.595136
2.34726
3.1428
0.5234
4.70724
0.100576
0.514698
3.02905
1.0216
0.0167329
0.165749
0.0793926
0.0334101
1.19366
0.327752
1.21847
1.52837
0.0476263
0.0439034
1.15755
0.696229
0.0271656
0.85403
0.16467
0.287011
0.236394
0.965
0.877712
1.14282
1.43692
0.138949
0.138795
1.09874
0.0905434
0.770224
1.07201
0.201197
2.80362
0.939863
1.72727
3.12364
1.43574
2.28822
4.49735
0.614241
0.196029
1.18149
0.277149
0.254275
1.33231
2.62835
1.29485
1.43941
0.697368
2.1028
0.0125061
1.24701
0.686973
0.908063
0.500409
0.300083
1.29617
0.74089
2.60306
1.67658
0.0623025
0.876189
5.34674
8.57424
0.214372
1.70082
3.11936
3.10136
1.25885
2.89455
0.534368
2.24461
1.01571
1.06717
0.126191
0.468383
0.876641
1.86184
0.147245
0.0898456
1.28193
0.16175
1.60228
0.247696
1.37058
0.213542
0.651327
0.639538
1.25735
0.518521
0.336105
1.49608
4.44246
0.32946
1.49524
0.199897
0.103312
1.31535
0.146411
1.68295
1.12792
0.798858
1.23171
0.377095
0.230895
1.75307
1.16519
1.56064
1.11283
1.74327
2.08688
0.500665
3.66512
1.12236
0.950042
1.27454
2.01569
0.0964246
0.214313
0.873144
0.686214
0.650769
0.443723
0.663111
1.42314
0.144057
1.09643
1.9463
2.00828
1.62018
1.11283
0.781051
0.434319
0.477358
1.9395
0.817512
0.231099
0.786052
0.428432
2.10138
0.461104
0.254113
0.316883
0.421307
2.29151
2.1616
0.0664088
1.45097
3.76279
0.297269
0.427744
0.641129
1.32996
1.22547
3.17144
0.682317
1.83596
0.978156
0.433485
1.22527
0.555357
0.0233993
0.285546
1.507
0.515348
0.110508
0.410827
0.939167
1.04691
1.15635
0.667009
0.0185649
2.40533
1.42023
0.449739
1.65365
1.03059
0.555922
0.854041
0.96754
1.15079
2.55529
0.0979277
0.543218
0.99077
0.0527072
2.44969
0.633464
1.12497
0.308475
0.193064
0.106996
0.340466
0.551591
2.11941
1.17528
0.752023
0.244362
0.357126
0.195491
2.32447
1.54681
0.21811
1.67093
0.788375
0.816826
0.969109
0.209018
4.17502
0.216774
1.6534
1.10334
0.124677
2.32164
0.0914159
1.37014
3.06252
0.00104204
0.242297
0.990391
0.309894
0.495523
1.30948
0.809763
1.68586
0.941448
0.282768
0.420533
1.75293
0.791027
0.735789
1.30526
0.406008
1.26173
0.778328
2.11289
0.321589
0.176029
0.0701342
0.300604
0.440513
2.09017
2.62924
0.641527
1.50608
0.0153455
0.247743
1.31472
0.0164037
0.570252
0.446318
0.332324
1.74506
0.094376
1.81881
1.02187
1.20396
0.0878343
4.09737
0.748091
0.996169
0.701697
0.295216
3.33552
0.249862
1.59187
1.8548
0.685369
3.1668
2.4219
1.40946
0.377104
1.54919
1.15072
1.5496
0.834255
1.20005
0.00713279
0.35276
1.25558
0.582903
1.07082
6.1351
0.310732
1.37568
1.80555
2.37698
0.592995
2.52203
2.21232
3.65201
0.799424
0.502213
0.260962
0.723227
0.956858
0.0264934
0.443685
0.118781
4.13562
0.314135
2.02285
0.354054
0.0588592
0.801431
0.0897392
0.975411
0.287859
0.0975443
2.52844
3.35878
0.764992
0.861543
3.29838
1.61824
0.392782
1.60283
1.23416
1.47909
1.26719
0.914979
1.37127
0.313053
5.16466
3.72575
1.53065
0.942088
0.00205265
0.153078
1.2808
4.27283
0.530207
0.891372
0.334383
0.632386
0.152244
0.462116
0.0961149
0.496518
0.621736
0.0119278
0.440952
6.05379
0.890008
0.385123
1.60646
2.4554
0.125911
0.709936
1.1594
1.81206
0.114064
0.566586
0.11146
0.107679
0.525002
2.19893
1.24574
0.528474
0.0315064
0.569968
0.505099
0.584351
0.0246653
1.14186
2.42148
0.181024
0.0521624
0.00285417
0.814047
0.721164
0.0148163
2.44778
0.716344
0.926479
0.265462
0.372322
0.73028
0.433023
1.71032
0.228849
0.208425
2.61718
1.01361
0.347588
0.0295072
0.0466072
0.201734
1.35227
0.608868
0.240421
0.193347
1.91452
1.0678
0.223353
0.762202
0.838046
0.455315
0.877521
0.844657
2.55994
0.103143
0.879483
1.80914
0.940242
0.209558
0.0718755
2.52992
1.22855
0.546121
1.34526
2.42854
0.938908
1.09817
0.796125
2.32847
1.1894
0.902546
0.0890977
0.574373
0.0518179
0.355172
0.948675
2.33393
3.10516
1.67618
0.573497
0.739459
0.196825
0.020852
0.0975281
0.106868
0.126287
1.13297
2.77356
1.30234
2.01728
0.00693817
1.04537
0.85394
0.55813
0.490969
0.665727
0.0373564
0.0560263
0.0356549
2.80054
1.38662
0.992878
0.0247711
0.207053
1.1394
0.390695
1.60829
0.87485
0.326556
0.948512
0.0197172
1.61558
1.56709
0.0409888
2.24571
2.23217
0.172923
0.848803
1.77352
2.17951
0.578134
1.81511
0.766454
0.013411
0.30775
2.56797
0.691991
0.358918
3.80743
0.764532
0.275479
1.3015
0.179054
0.308236
2.46391
1.85744
0.888364
1.2541
0.556877
2.01943
0.396532
0.591545
1.1041
0.126356
0.666873
0.826998
0.011469
1.03701
0.144694
1.84306
0.760119
0.852772
1.13584
0.0701346
0.884525
2.87793
4.71506
0.0904844
0.281458
3.46847
0.970113
0.665743
1.19307
1.53665
1.39178
0.945744
0.991091
0.415574
0.394937
0.0574521
0.232319
1.06024
0.697881
2.08586
1.47985
4.51444
0.577035
1.53123
1.00659
0.851326
0.981896
0.182633
0.158902
0.362762
0.267432
1.32429
0.285014
0.255794
1.7177
0.679863
0.216334
0.582466
3.88355
2.21866
0.256675
1.31226
0.698872
1.93246
0.073461
1.76686
2.41959
0.325916
0.659249
0.533417
0.167158
0.29449
0.514923
0.897402
0.0395932
0.0376916
0.180951
1.0913
0.228051
0.374612
3.45673
0.577276
0.0475671
0.243938
1.09146
2.01721
1.23711
1.95763
0.368827
1.16861
1.3865
0.765364
0.544709
0.291564
0.494368
0.674947
0.085599
0.358227
1.46513
0.831945
1.25347
2.56246
1.71417
0.124364
0.724138
1.95691
0.167155
1.14188
0.740083
0.442931
4.99465
0.67608
1.59171
0.0404881
1.23051
0.617475
2.37144
0.540658
0.384931
0.242211
0.112984
0.0720914
1.38607
0.748288
0.389287
0.15081
0.0177986
0.51835
0.581738
1.54455
3.48336
0.169085
1.23607
1.55676
0.318147
0.254551
1.04381
0.555886
2.35934
0.18731
1.53379
2.29009
1.08532
0.869185
2.78746
0.462137
0.0422838
1.86482
1.54975
0.447702
0.0620728
2.24937
0.562924
1.66142
0.547072
1.39804
2.99811
0.578033
0.171283
0.496254
0.255656
0.135491
0.791324
2.73443
2.47569
1.71069
0.174121
0.829615
0.28196
0.0675528
1.32651
0.0304387
3.32604
0.505512
0.943371
2.32777
1.45615
1.05581
1.3766
0.808707
0.0130792
1.64895
0.596202
0.586004
0.962019
2.04375
0.218619
0.839325
0.370278
0.436629
3.19885
0.765824
0.654891
0.705112
0.635102
0.504838
0.393348
0.994044
3.22337
0.846071
1.18825
1.18671
0.918499
1.07678
0.0960482
0.237711
0.825072
1.95508
1.99259
0.370137
0.532753
2.09275
0.124554
1.98132
0.385818
1.32798
1.3189
0.726658
0.360951
0.0429379
2.04227
0.304052
0.860568
0.431965
1.46155
0.0483468
1.37502
0.0979773
1.13047
1.22876
1.09134
0.465796
0.514366
0.308041
0.0321862
0.680626
0.647571
0.900098
0.434092
0.416035
2.3313
1.44885
0.244617
0.020141
0.986912
0.770247
1.4062
0.446046
0.0550679
0.0596592
0.513955
2.57499
0.385798
3.86101
0.321051
0.0923523
0.0264979
0.0220192
0.200339
1.21493
1.30609
1.86937
0.0786472
0.140692
0.117539
0.113513
0.980677
0.88571
1.20657
3.77619
2.63001
0.925353
1.35577
0.156558
0.976965
0.461282
1.14576
0.475581
1.30701
1.33029
0.573394
0.140695
1.07718
1.41257
0.116757
2.71898
1.86239
0.146586
3.11985
0.0265957
1.8302
1.15505
2.05592
2.46808
1.69392
4.06979
0.0228185
0.581865
0.845129
1.28496
0.541688
0.689992
0.395931
0.174932
1.03097
3.00567
0.755045
0.393571
0.398942
0.300269
0.0628917
1.44971
0.495325
1.27439
0.737817
0.6948
1.06264
0.456562
1.01383
0.94236
0.498876
0.647778
0.349915
0.307629
0.497655
0.118168
0.284661
0.535469
0.804298
1.705
0.148434
3.53472
0.380746
0.625283
0.140779
3.21852
0.536801
1.08273
0.335952
1.36396
2.53465
0.425103
0.71277
0.373004
0.0690244
0.0320678
1.67218
1.27709
0.507666
0.596634
0.402638
1.56489
2.60546
0.985366
0.0573112
0.382984
1.33999
0.361588
1.31969
0.343546
0.12972
2.04581
0.303246
0.5768
0.408893
0.499064
0.507985
1.3903
0.0557564
1.15086
0.683897
3.68653
0.0303898
0.00508221
0.337263
0.101622
0.0373161
0.103631
1.70255
0.570451
0.793587
0.16161
0.25569
0.642285
1.49577
0.330336
1.57063
0.721703
0.87887
0.744163
1.63386
1.22556
0.503507
0.0687157
0.156319
1.31381
0.614908
0.783087
0.658177
0.7206
0.257014
3.79688
0.67037
0.296487
4.05293
1.49059
0.435724
0.0194448
2.06516
0.187517
0.605112
0.546422
0.385975
1.1382
2.25278
0.101078
3.24219
1.16149
0.942155
0.788931
0.238064
0.536209
0.290454
0.935067
0.656712
0.50549
0.413468
2.82608
2.81003
1.71955
0.605677
0.182049
1.60153
2.86078
0.549938
1.51887
1.2642
1.49708
1.61093
0.893399
2.94131
0.293411
0.0117892
0.311177
2.71641
2.371
0.451854
2.25199
0.900401
3.64068
0.580675
1.63702
0.492337
1.17946
0.532529
2.04215
0.0935925
1.39243
1.66604
0.0295764
0.849525
0.308294
0.217637
0.463297
0.233291
0.963899
0.16468
2.59847
0.502221
3.03932
0.726394
0.418578
0.231196
0.750925
0.940158
0.151177
0.570369
3.61142
0.035746
0.0286839
2.9328
0.64549
1.79407
0.408805
0.184103
0.283158
0.230428
0.297728
6.28081
0.0169546
0.337769
0.845157
0.331442
0.658209
2.83538
0.673715
0.106271
0.0977658
0.537514
0.684454
0.0463278
2.69048
1.81802
0.289935
0.616597
0.592554
0.497568
2.25289
0.544853
0.557056
2.56631
0.457009
2.32997
1.41428
1.21194
0.0734866
0.00350427
2.38801
0.398015
0.00162758
2.59026
0.954479
0.84895
0.232073
0.102265
0.720396
1.19501
0.220683
0.932875
0.120025
1.18307
1.05512
0.0463093
0.757826
2.3386
0.704158
3.83517
0.350309
0.511459
0.508288
1.28243
0.390913
1.44945
0.981731
0.083882
0.630514
1.19135
0.0876935
0.471396
0.0248433
0.0894704
0.357917
1.02033
1.07213
0.709236
1.33459
0.18773
0.229766
2.72973
1.50391
0.383287
0.990009
0.5614
0.451984
0.174047
0.405157
2.03341
0.148668
0.990631
0.314014
0.769208
0.432777
0.89907
0.359422
3.75642
1.11936
1.46795
1.11725
1.41663
0.157206
1.19521
1.85186
0.591206
0.410806
0.694701
3.08612
0.0764693
1.11455
0.173879
0.00841732
0.597252
0.650058
1.01283
2.11418
1.84276
1.59234
0.23876
1.2404
2.72869
1.83919
3.92319
0.637363
0.213625
0.851614
1.48385
0.185103
0.283407
0.782719
1.84392
0.00426675
1.16575
0.774711
1.87937
0.144623
2.08785
0.427849
0.0931823
2.98907
0.0202309
0.285783
3.17122
0.634323
1.29667
0.903513
0.429205
0.839744
0.496606
0.824099
0.326991
0.394677
0.514874
0.299933
1.59661
0.903307
1.78621
0.845492
1.44288
0.0825047
0.120466
0.930281
0.0871393
1.6185
0.156327
2.67023
2.75601
0.020986
0.326913
0.0257566
3.5211
0.355078
0.320208
2.63779
1.46355
0.000560873
0.740946
0.125065
0.841043
2.4621
1.1361
1.88157
0.275552
0.0848549
0.112924
0.0390163
1.1274
2.79996
0.938841
0.579605
0.0185516
1.28162
0.0465026
0.107397
0.74279
0.210916
0.033138
0.617428
0.236894
0.373165
0.665723
0.200109
0.942455
1.42753
0.116353
0.47629
1.42987
1.00287
0.686127
0.399583
0.793898
0.192866
0.19486
1.5548
0.296739
0.333839
1.75465
2.70141
0.252339
0.572616
0.466442
0.27628
0.172407
0.541642
0.420422
1.14753
0.937427
0.471325
0.154608
1.71087
1.16243
0.992489
0.000650085
0.353258
0.49339
0.117084
1.12862
0.162646
1.36127
0.189948
0.652981
0.344727
0.428334
1.06874
0.083767
0.929296
2.81992
2.37933
0.772315
0.178419
0.420588
2.41719
0.51887
0.696558
0.399039
1.37848
0.203686
2.77101
0.132233
0.396799
1.41343
1.66674
3.14371
1.41611
0.115121
0.425144
2.02368
1.53834
0.686037
0.945456
3.17631
3.72723
2.33391
0.366244
1.00103
4.10069
2.42855
0.850708
2.21481
0.597643
1.33293
0.266789
0.447414
0.152106
1.33131
1.1704
2.1995
2.5276
0.9866
0.0130896
0.284593
0.484266
1.73808
0.228857
0.152212
2.70132
0.80047
0.00906653
1.26636
0.0484704
0.968962
1.12827
0.0235297
0.741514
4.07884
1.0664
0.70734
2.25292
0.259602
0.507286
0.422816
3.35061
0.999775
1.22255
0.112094
0.458717
0.502987
5.33521
0.339755
0.0226917
0.00821905
0.767299
0.521359
1.78574
1.3482
0.792924
1.44907
0.344146
0.813071
0.660401
0.413228
0.194835
0.17407
0.449015
1.2061
0.154125
0.0176523
0.232794
0.0384738
0.282547
0.930278
0.482148
0.237085
0.271276
0.0921878
0.38143
0.930135
0.660379
0.374398
2.24012
0.704776
0.386372
0.560873
2.43119
0.16583
0.185826
0.615349
2.50128
0.617587
0.0161842
0.513121
1.60567
0.214535
0.82357
0.175531
2.24168
1.2173
0.196606
0.106922
1.35369
0.552732
1.22745
0.132686
1.00978
2.89235
0.238671
3.0537
0.798627
1.18964
0.308039
0.586282
0.224959
0.880913
2.06276
0.120495
1.34096
0.0434079
0.851127
1.06835
0.699639
0.889455
0.0595383
0.360224
1.5242
0.964794
0.622629
1.12678
0.389953
1.02709
1.50206
0.0668099
0.0688982
0.662207
0.209348
1.2116
0.560089
0.51285
1.06449
3.85827
0.101904
2.52833
0.549053
0.354299
0.704822
0.350127
0.53078
0.27999
0.412309
4.1944
2.30894
1.83958
0.853412
3.18047
0.155013
0.440437
0.861264
0.934108
0.0326976
2.30542
0.286373
1.65809
3.34985
0.379207
0.347835
0.166996
0.0180361
1.28239
0.809705
1.1177
1.20906
1.05525
0.899377
0.132419
3.00034
0.104228
0.543741
0.449548
0.420359
1.41596
0.426184
0.279479
0.912359
2.53887
0.225968
1.35487
0.324746
1.51244
0.429374
0.370278
1.13916
0.911555
0.126646
1.03514
2.44989
0.532287
1.60256
2.68196
0.14545
0.436384
0.927707
1.81333
0.00554021
0.220294
3.24203
3.118
0.351969
0.47859
0.382488
1.02134
0.148096
1.09315
2.15166
1.33209
0.881614
0.0898867
0.650271
1.98905
2.00689
1.7555
0.189507
0.78857
0.553873
0.344729
0.211126
0.413967
1.2185
4.50509
0.315463
1.83067
0.419429
2.08016
1.12881
0.427868
0.0755931
1.01473
0.3622
0.461249
0.0180032
0.972055
0.00943557
0.169003
0.337624
2.23586
2.22165
2.05903
3.86636
0.461505
1.33028
1.86213
0.219208
2.38847
0.494567
0.973193
0.222916
0.868674
3.24684
2.34492
0.842669
0.263512
1.36195
2.43062
0.112879
0.545455
0.301268
0.1979
0.0596662
0.830061
0.796404
0.0787869
0.205393
0.817449
0.262998
0.639055
0.600648
0.131051
0.422558
0.563188
0.678243
0.0836306
0.321954
1.16905
4.46187
1.09492
0.373186
0.208596
0.282264
0.318232
0.0969761
1.68938
0.701619
1.80948
1.29969
0.94407
0.296634
4.38234
1.56306
0.37776
0.801805
0.414847
0.494899
1.33619
2.2828
0.971869
0.234916
0.430085
1.36434
0.807424
1.51483
0.270424
1.00573
0.0570185
2.6075
0.974669
1.27603
0.271473
1.6658
3.40467
0.713983
2.33699
1.52394
0.0146343
1.3457
0.712395
0.982128
5.60689
0.687236
0.537843
0.372416
0.0497334
1.40875
1.20832
1.54024
1.06003
0.389973
5.30513
0.00310524
0.0697533
0.796351
1.52904
0.362865
0.202425
1.82436
0.262146
1.63956
0.819925
0.63176
0.959447
0.747219
3.84693
0.734548
0.368843
4.98828
0.300999
1.70374
0.964088
0.296049
0.378385
0.0352776
0.837436
0.45185
1.56167
0.312632
0.161603
0.586572
0.895033
0.155783
0.592162
1.07523
1.18183
0.261527
3.29959
2.0918
0.0712856
0.215303
1.14719
0.989775
1.08485
0.35577
0.168013
1.02361
1.71282
0.621987
1.00481
0.0829094
0.330062
0.291094
0.409194
0.906722
0.338579
2.333
3.21152
0.0805943
0.188111
0.115327
0.736475
1.4392
0.291932
3.44424
0.547602
2.92741
0.220891
0.485754
1.73161
0.31061
0.863863
0.70415
2.25704
0.275118
1.63392
0.0512905
2.13048
0.979447
0.719739
0.723824
1.21755
1.58105
1.45955
0.0406773
0.494946
0.0564408
2.86219
0.430938
0.14192
0.121415
0.614385
1.0599
2.09733
1.24551
0.971756
0.355078
1.07491
1.71357
1.1509
0.657146
0.090777
0.303971
4.35381
4.02399
0.698431
1.57012
0.032643
0.484273
0.538644
0.787978
2.29225
0.12841
0.414726
1.09848
0.174792
1.30887
1.27833
0.108951
0.0833552
1.92284
0.245337
0.774362
0.707894
0.099572
0.289295
0.138
0.500308
2.40662
2.96967
0.0804558
0.496843
0.0361023
0.41464
0.475931
0.0177332
1.84552
0.187141
0.05097
0.256069
0.884632
0.903694
0.133386
1.22977
2.72431
1.56778
2.02503
1.09149
0.719475
3.5486
1.36359
0.45697
0.209233
0.333044
2.07243
0.333474
0.764579
0.00302586
1.1308
0.587617
3.03035
1.40458
1.80729
4.35514
0.0986626
0.241556
0.00474758
2.749
0.48657
0.0559665
0.176642
3.59004
1.04799
0.337983
1.13957
0.87651
0.0815201
0.794193
0.285086
0.89472
0.73249
4.86774
3.17196
1.23129
0.322371
1.78497
4.7858
1.66094
1.80314
1.10527
0.293553
1.54609
0.550621
0.0946318
1.48757
0.728484
0.363682
1.50876
0.603979
1.17169
1.79123
0.95526
1.08636
0.658947
2.32361
0.419468
0.0686766
3.9305
2.21327
0.377493
0.847801
0.527543
0.366337
0.754433
0.125597
0.872995
0.449293
0.116177
0.498142
0.219576
1.50761
1.04053
4.139
0.225608
1.33569
1.4194
1.27057
0.0428155
0.769937
0.189584
1.31702
0.462358
1.5511
0.501911
1.91601
1.17139
1.33648
2.51552
1.10997
0.98856
0.266052
0.277171
0.0385692
0.777251
1.47752
0.169443
0.13083
0.143546
0.30863
0.723554
0.401761
0.0451111
0.176387
0.378221
0.282466
2.28998
0.0758688
3.36409
2.82419
0.941659
0.14862
1.11691
3.92324
2.60488
0.0697127
1.78995
0.957511
1.63255
1.39517
0.337691
0.566438
4.25527
0.752175
0.635428
0.746849
0.357329
0.983918
1.04633
0.569473
2.22289
0.178828
1.44832
2.74595
0.39372
0.0833348
0.200759
0.253846
0.166077
0.159344
0.180122
1.43986
0.336033
1.81734
1.3597
0.237608
2.35263
0.858713
1.75818
1.23598
0.398245
0.121293
0.153042
0.377334
1.0297
0.94726
1.83543
2.87073
0.272274
0.671839
0.474042
0.139329
1.05838
0.153798
0.0681413
3.83689
0.251687
0.284703
0.226434
0.470854
0.502625
0.458011
0.149162
1.14087
0.229416
2.13565
2.22514
0.116403
0.61272
1.2715
1.7111
1.54472
1.79465
3.25035
0.106406
0.6476
0.851995
2.83696
0.5448
1.6702
0.563222
1.59732
2.84472
0.0873136
2.81535
0.00775109
0.0640585
0.177487
0.29502
0.307447
0.772536
1.05137
1.00005
1.12927
0.401975
1.81487
0.817718
0.252251
2.93791
0.0168278
2.85666
1.45396
1.62615
1.49769
1.30047
2.34607
0.291762
0.358151
1.86855
1.11809
0.119711
0.323351
0.636119
0.0562246
0.446117
0.528945
0.0644258
0.548079
0.851913
0.382546
1.16033
0.11829
3.45525
0.383836
1.55254
0.355851
0.16948
0.425953
0.738927
0.108611
0.451834
0.625327
2.03467
0.182547
0.276107
0.908503
0.0737652
0.681856
2.28185
2.48606
0.183224
0.0107868
0.214485
1.01632
0.0676388
0.805048
0.0500824
0.136732
3.68387
0.973525
0.590003
1.08321
1.32355
0.534597
3.92459
0.738361
1.25008
0.146352
2.03223
0.269046
0.27321
0.264613
1.20666
0.114675
0.509745
2.84858
1.22151
0.63575
0.573403
0.924125
0.489756
0.925871
0.95153
0.868137
0.276926
1.1371
0.142948
0.343531
1.64532
0.114374
2.44172
0.291319
1.4678
1.04072
1.09907
1.38557
0.185011
0.478577
2.17125
0.0385965
0.957704
0.133568
0.315201
0.381308
0.265758
1.10778
0.299897
2.79021
0.151022
1.18909
0.780261
0.749496
0.355697
0.169086
0.113911
0.779151
1.8007
0.275573
1.78345
1.02685
0.429151
1.36622
2.24988
0.126138
0.497142
0.824181
2.02742
0.822431
2.84287
1.4036
0.912545
0.816374
2.11463
2.03147
2.07945
0.119569
0.773417
0.143994
0.0526513
1.1355
1.76965
0.898949
0.230839
0.138025
1.38058
0.376579
1.10905
0.875588
0.808914
0.697296
0.255213
2.33922
0.283693
0.127648
0.0223519
1.01814
1.14333
2.21118
0.22236
0.975469
1.03485
1.59885
0.199614
0.742424
1.0988
0.0575804
1.01263
0.229784
0.210796
1.16484
2.15444
0.0198645
0.329936
0.0944916
0.160863
0.0300442
0.517447
1.7077
0.94928
3.18491
0.386823
1.82157
1.98206
0.838845
3.17166
2.15692
0.231334
1.01973
1.49054
0.520704
0.304209
0.543809
0.227867
0.585632
2.87367
2.04406
0.691549
0.868089
0.0788189
1.1688
0.31235
3.2145
1.23419
0.796965
0.051282
1.94856
0.864892
0.605043
1.12775
0.213049
0.531993
5.81843
0.0305751
0.321283
0.831991
4.43782
0.173284
1.47553
0.987483
2.71582
0.195093
2.20528
0.435898
0.479668
0.405004
0.35215
0.289697
1.78514
2.09616
0.396459
0.737072
0.15706
0.338452
0.261905
1.18631
0.411155
0.0920458
0.319593
1.56573
1.44467
0.626309
0.227694
1.43214
0.684289
0.650882
0.394557
0.661124
1.01477
0.102437
0.117902
0.847148
0.321042
0.00099708
2.58602
1.06601
0.4065
0.250394
2.37653
0.18182
0.103782
0.267135
1.16391
0.279615
0.737218
2.50289
2.78998
1.95668
0.00610731
0.238426
1.04907
1.47083
1.13188
1.91985
0.758151
0.190099
0.403145
1.94834
1.0696
3.48349
3.09788
1.46132
0.777974
0.260666
1.46562
0.626133
2.16352
0.108798
1.16108
1.57122
0.313803
1.53911
0.027
3.14826
0.0297935
0.794506
2.08125
3.43989
0.52234
2.13127
0.19853
0.0582725
1.05434
1.94937
2.4077
0.202173
0.031243
0.276758
0.0413806
1.16351
0.237068
5.37977
0.608221
1.39322
0.254703
0.254566
0.244713
0.116459
0.397253
2.34259
2.32424
0.909248
1.16909
2.64199
0.807989
1.26835
0.648129
0.561193
1.16039
2.15283
0.372203
2.01516
2.82098
